#
# There is insufficient memory for the Java Runtime Environment to continue.
# Native memory allocation (malloc) failed to allocate 1195536 bytes for Chunk::new
# Possible reasons:
#   The system is out of physical RAM or swap space
#   The process is running with CompressedOops enabled, and the Java Heap may be blocking the growth of the native heap
# Possible solutions:
#   Reduce memory load on the system
#   Increase physical memory or swap space
#   Check if swap backing store is full
#   Decrease Java heap size (-Xmx/-Xms)
#   Decrease number of Java threads
#   Decrease Java thread stack sizes (-Xss)
#   Set larger code cache with -XX:ReservedCodeCacheSize=
#   JVM is running with Unscaled Compressed Oops mode in which the Java heap is
#     placed in the first 4GB address space. The Java Heap base address is the
#     maximum limit for the native heap growth. Please use -XX:HeapBaseMinAddress
#     to set the Java Heap base and to place the Java Heap above 4GB virtual address.
# This output file may be truncated or incomplete.
#
#  Out of Memory Error (./open/src/hotspot/share/memory/arena.cpp:197), pid=13656, tid=14920
#
# JRE version: Java(TM) SE Runtime Environment 18.9 (11.0.11+9) (build 11.0.11+9-LTS-194)
# Java VM: Java HotSpot(TM) 64-Bit Server VM 18.9 (11.0.11+9-LTS-194, mixed mode, tiered, compressed oops, g1 gc, windows-amd64)
# No core dump will be written. Minidumps are not enabled by default on client versions of Windows
#

---------------  S U M M A R Y ------------

Command Line: --module-path=E:\Others\Open JFX16\javafx-sdk-16\lib --add-modules=javafx.controls,javafx.media -Dfile.encoding=Cp1252 Main

Host: Intel(R) Core(TM) i5-7500T CPU @ 2.70GHz, 4 cores, 7G,  Windows 10 , 64 bit Build 19041 (10.0.19041.1741)
Time: Tue Jul 25 14:27:49 2023 SE Asia Standard Time elapsed time: 2.692549 seconds (0d 0h 0m 2s)

---------------  T H R E A D  ---------------

Current thread (0x000001affc3d1000):  JavaThread "C2 CompilerThread0" daemon [_thread_in_native, id=14920, stack(0x000000018e700000,0x000000018e800000)]


Current CompileTask:
C2:   2692  957       4       jdk.internal.org.objectweb.asm.Frame::execute (2264 bytes)

Stack: [0x000000018e700000,0x000000018e800000]
Native frames: (J=compiled Java code, j=interpreted, Vv=VM code, C=native code)
V  [jvm.dll+0x616f2a]
V  [jvm.dll+0x74de7f]
V  [jvm.dll+0x74f505]
V  [jvm.dll+0x74fb83]
V  [jvm.dll+0x2436d8]
V  [jvm.dll+0xba68c]
V  [jvm.dll+0xbad8c]
V  [jvm.dll+0x346272]
V  [jvm.dll+0x3140c3]
V  [jvm.dll+0x31340a]
V  [jvm.dll+0x1fd045]
V  [jvm.dll+0x1fc22f]
V  [jvm.dll+0x17f0bc]
V  [jvm.dll+0x20b68c]
V  [jvm.dll+0x20978b]
V  [jvm.dll+0x7152c9]
V  [jvm.dll+0x70dfc4]
V  [jvm.dll+0x6160f6]
C  [ucrtbase.dll+0x21bb2]
C  [KERNEL32.DLL+0x17034]
C  [ntdll.dll+0x52651]


---------------  P R O C E S S  ---------------

Threads class SMR info:
_java_thread_list=0x000001affd3e7f00, length=15, elements={
0x000001afec7a6000, 0x000001affc3b3000, 0x000001affc3bc000, 0x000001affc3cc800,
0x000001affc3ce000, 0x000001affc3d1000, 0x000001affc3e5800, 0x000001affc3f1000,
0x000001affceaf000, 0x000001affd89c000, 0x000001affd2eb000, 0x000001affd2db800,
0x000001affdf5a000, 0x000001affdee8800, 0x000001affd272800
}

Java Threads: ( => current thread )
  0x000001afec7a6000 JavaThread "main" [_thread_blocked, id=14900, stack(0x000000018dc00000,0x000000018dd00000)]
  0x000001affc3b3000 JavaThread "Reference Handler" daemon [_thread_blocked, id=11512, stack(0x000000018e300000,0x000000018e400000)]
  0x000001affc3bc000 JavaThread "Finalizer" daemon [_thread_blocked, id=14740, stack(0x000000018e400000,0x000000018e500000)]
  0x000001affc3cc800 JavaThread "Signal Dispatcher" daemon [_thread_blocked, id=7520, stack(0x000000018e500000,0x000000018e600000)]
  0x000001affc3ce000 JavaThread "Attach Listener" daemon [_thread_blocked, id=15076, stack(0x000000018e600000,0x000000018e700000)]
=>0x000001affc3d1000 JavaThread "C2 CompilerThread0" daemon [_thread_in_native, id=14920, stack(0x000000018e700000,0x000000018e800000)]
  0x000001affc3e5800 JavaThread "C1 CompilerThread0" daemon [_thread_blocked, id=15088, stack(0x000000018e800000,0x000000018e900000)]
  0x000001affc3f1000 JavaThread "Sweeper thread" daemon [_thread_blocked, id=10980, stack(0x000000018e900000,0x000000018ea00000)]
  0x000001affceaf000 JavaThread "Common-Cleaner" daemon [_thread_blocked, id=11172, stack(0x000000018ea00000,0x000000018eb00000)]
  0x000001affd89c000 JavaThread "Service Thread" daemon [_thread_blocked, id=13560, stack(0x000000018ec00000,0x000000018ed00000)]
  0x000001affd2eb000 JavaThread "QuantumRenderer-0" daemon [_thread_blocked, id=420, stack(0x000000018eb00000,0x000000018ec00000)]
  0x000001affd2db800 JavaThread "InvokeLaterDispatcher" daemon [_thread_blocked, id=9344, stack(0x000000018f000000,0x000000018f100000)]
  0x000001affdf5a000 JavaThread "JavaFX Application Thread" [_thread_in_vm, id=14380, stack(0x000000018f100000,0x000000018f200000)]
  0x000001affdee8800 JavaThread "Thread-1" daemon [_thread_in_native, id=14468, stack(0x000000018f200000,0x000000018f300000)]
  0x000001affd272800 JavaThread "JavaFX-Launcher" [_thread_blocked, id=7132, stack(0x000000018f300000,0x000000018f400000)]

Other Threads:
  0x000001affc38e800 VMThread "VM Thread" [stack: 0x000000018e200000,0x000000018e300000] [id=8660]
  0x000001affdf00000 WatcherThread [stack: 0x000000018ed00000,0x000000018ee00000] [id=10920]
  0x000001afec7bc000 GCTaskThread "GC Thread#0" [stack: 0x000000018dd00000,0x000000018de00000] [id=4836]
  0x000001affdccb000 GCTaskThread "GC Thread#1" [stack: 0x000000018ee00000,0x000000018ef00000] [id=15060]
  0x000001affdc1b800 GCTaskThread "GC Thread#2" [stack: 0x000000018ef00000,0x000000018f000000] [id=8068]
  0x000001afec7ee800 ConcurrentGCThread "G1 Main Marker" [stack: 0x000000018de00000,0x000000018df00000] [id=6312]
  0x000001afec7f0000 ConcurrentGCThread "G1 Conc#0" [stack: 0x000000018df00000,0x000000018e000000] [id=14772]
  0x000001afec885000 ConcurrentGCThread "G1 Refine#0" [stack: 0x000000018e000000,0x000000018e100000] [id=14936]
  0x000001afec887000 ConcurrentGCThread "G1 Young RemSet Sampling" [stack: 0x000000018e100000,0x000000018e200000] [id=15140]

Threads with active compile tasks:
C2 CompilerThread0   2789  957       4       jdk.internal.org.objectweb.asm.Frame::execute (2264 bytes)

VM state:not at safepoint (normal execution)

VM Mutex/Monitor currently owned by a thread: None

Heap address: 0x0000000081a00000, size: 2022 MB, Compressed Oops mode: 32-bit
Narrow klass base: 0x0000000000000000, Narrow klass shift: 3
Compressed class space size: 1073741824 Address: 0x0000000100000000

Heap:
 garbage-first heap   total 131072K, used 13786K [0x0000000081a00000, 0x0000000100000000)
  region size 1024K, 14 young (14336K), 2 survivors (2048K)
 Metaspace       used 12165K, capacity 12529K, committed 12800K, reserved 1060864K
  class space    used 1368K, capacity 1510K, committed 1536K, reserved 1048576K
Heap Regions: E=young(eden), S=young(survivor), O=old, HS=humongous(starts), HC=humongous(continues), CS=collection set, F=free, A=archive, TAMS=top-at-mark-start (previous, next)
|   0|0x0000000081a00000, 0x0000000081a76800, 0x0000000081b00000| 46%| O|  |TAMS 0x0000000081a00000, 0x0000000081a00000| Untracked 
|   1|0x0000000081b00000, 0x0000000081b00000, 0x0000000081c00000|  0%| F|  |TAMS 0x0000000081b00000, 0x0000000081b00000| Untracked 
|   2|0x0000000081c00000, 0x0000000081c00000, 0x0000000081d00000|  0%| F|  |TAMS 0x0000000081c00000, 0x0000000081c00000| Untracked 
|   3|0x0000000081d00000, 0x0000000081d00000, 0x0000000081e00000|  0%| F|  |TAMS 0x0000000081d00000, 0x0000000081d00000| Untracked 
|   4|0x0000000081e00000, 0x0000000081e00000, 0x0000000081f00000|  0%| F|  |TAMS 0x0000000081e00000, 0x0000000081e00000| Untracked 
|   5|0x0000000081f00000, 0x0000000081f00000, 0x0000000082000000|  0%| F|  |TAMS 0x0000000081f00000, 0x0000000081f00000| Untracked 
|   6|0x0000000082000000, 0x0000000082000000, 0x0000000082100000|  0%| F|  |TAMS 0x0000000082000000, 0x0000000082000000| Untracked 
|   7|0x0000000082100000, 0x0000000082100000, 0x0000000082200000|  0%| F|  |TAMS 0x0000000082100000, 0x0000000082100000| Untracked 
|   8|0x0000000082200000, 0x0000000082200000, 0x0000000082300000|  0%| F|  |TAMS 0x0000000082200000, 0x0000000082200000| Untracked 
|   9|0x0000000082300000, 0x0000000082300000, 0x0000000082400000|  0%| F|  |TAMS 0x0000000082300000, 0x0000000082300000| Untracked 
|  10|0x0000000082400000, 0x0000000082400000, 0x0000000082500000|  0%| F|  |TAMS 0x0000000082400000, 0x0000000082400000| Untracked 
|  11|0x0000000082500000, 0x0000000082500000, 0x0000000082600000|  0%| F|  |TAMS 0x0000000082500000, 0x0000000082500000| Untracked 
|  12|0x0000000082600000, 0x0000000082600000, 0x0000000082700000|  0%| F|  |TAMS 0x0000000082600000, 0x0000000082600000| Untracked 
|  13|0x0000000082700000, 0x0000000082700000, 0x0000000082800000|  0%| F|  |TAMS 0x0000000082700000, 0x0000000082700000| Untracked 
|  14|0x0000000082800000, 0x0000000082800000, 0x0000000082900000|  0%| F|  |TAMS 0x0000000082800000, 0x0000000082800000| Untracked 
|  15|0x0000000082900000, 0x0000000082900000, 0x0000000082a00000|  0%| F|  |TAMS 0x0000000082900000, 0x0000000082900000| Untracked 
|  16|0x0000000082a00000, 0x0000000082a00000, 0x0000000082b00000|  0%| F|  |TAMS 0x0000000082a00000, 0x0000000082a00000| Untracked 
|  17|0x0000000082b00000, 0x0000000082b00000, 0x0000000082c00000|  0%| F|  |TAMS 0x0000000082b00000, 0x0000000082b00000| Untracked 
|  18|0x0000000082c00000, 0x0000000082c00000, 0x0000000082d00000|  0%| F|  |TAMS 0x0000000082c00000, 0x0000000082c00000| Untracked 
|  19|0x0000000082d00000, 0x0000000082d00000, 0x0000000082e00000|  0%| F|  |TAMS 0x0000000082d00000, 0x0000000082d00000| Untracked 
|  20|0x0000000082e00000, 0x0000000082e00000, 0x0000000082f00000|  0%| F|  |TAMS 0x0000000082e00000, 0x0000000082e00000| Untracked 
|  21|0x0000000082f00000, 0x0000000082f00000, 0x0000000083000000|  0%| F|  |TAMS 0x0000000082f00000, 0x0000000082f00000| Untracked 
|  22|0x0000000083000000, 0x0000000083000000, 0x0000000083100000|  0%| F|  |TAMS 0x0000000083000000, 0x0000000083000000| Untracked 
|  23|0x0000000083100000, 0x0000000083100000, 0x0000000083200000|  0%| F|  |TAMS 0x0000000083100000, 0x0000000083100000| Untracked 
|  24|0x0000000083200000, 0x0000000083200000, 0x0000000083300000|  0%| F|  |TAMS 0x0000000083200000, 0x0000000083200000| Untracked 
|  25|0x0000000083300000, 0x0000000083300000, 0x0000000083400000|  0%| F|  |TAMS 0x0000000083300000, 0x0000000083300000| Untracked 
|  26|0x0000000083400000, 0x0000000083400000, 0x0000000083500000|  0%| F|  |TAMS 0x0000000083400000, 0x0000000083400000| Untracked 
|  27|0x0000000083500000, 0x0000000083500000, 0x0000000083600000|  0%| F|  |TAMS 0x0000000083500000, 0x0000000083500000| Untracked 
|  28|0x0000000083600000, 0x0000000083600000, 0x0000000083700000|  0%| F|  |TAMS 0x0000000083600000, 0x0000000083600000| Untracked 
|  29|0x0000000083700000, 0x0000000083700000, 0x0000000083800000|  0%| F|  |TAMS 0x0000000083700000, 0x0000000083700000| Untracked 
|  30|0x0000000083800000, 0x0000000083800000, 0x0000000083900000|  0%| F|  |TAMS 0x0000000083800000, 0x0000000083800000| Untracked 
|  31|0x0000000083900000, 0x0000000083900000, 0x0000000083a00000|  0%| F|  |TAMS 0x0000000083900000, 0x0000000083900000| Untracked 
|  32|0x0000000083a00000, 0x0000000083a00000, 0x0000000083b00000|  0%| F|  |TAMS 0x0000000083a00000, 0x0000000083a00000| Untracked 
|  33|0x0000000083b00000, 0x0000000083b00000, 0x0000000083c00000|  0%| F|  |TAMS 0x0000000083b00000, 0x0000000083b00000| Untracked 
|  34|0x0000000083c00000, 0x0000000083c00000, 0x0000000083d00000|  0%| F|  |TAMS 0x0000000083c00000, 0x0000000083c00000| Untracked 
|  35|0x0000000083d00000, 0x0000000083d00000, 0x0000000083e00000|  0%| F|  |TAMS 0x0000000083d00000, 0x0000000083d00000| Untracked 
|  36|0x0000000083e00000, 0x0000000083e00000, 0x0000000083f00000|  0%| F|  |TAMS 0x0000000083e00000, 0x0000000083e00000| Untracked 
|  37|0x0000000083f00000, 0x0000000083f00000, 0x0000000084000000|  0%| F|  |TAMS 0x0000000083f00000, 0x0000000083f00000| Untracked 
|  38|0x0000000084000000, 0x0000000084000000, 0x0000000084100000|  0%| F|  |TAMS 0x0000000084000000, 0x0000000084000000| Untracked 
|  39|0x0000000084100000, 0x0000000084100000, 0x0000000084200000|  0%| F|  |TAMS 0x0000000084100000, 0x0000000084100000| Untracked 
|  40|0x0000000084200000, 0x0000000084200000, 0x0000000084300000|  0%| F|  |TAMS 0x0000000084200000, 0x0000000084200000| Untracked 
|  41|0x0000000084300000, 0x0000000084300000, 0x0000000084400000|  0%| F|  |TAMS 0x0000000084300000, 0x0000000084300000| Untracked 
|  42|0x0000000084400000, 0x0000000084400000, 0x0000000084500000|  0%| F|  |TAMS 0x0000000084400000, 0x0000000084400000| Untracked 
|  43|0x0000000084500000, 0x0000000084500000, 0x0000000084600000|  0%| F|  |TAMS 0x0000000084500000, 0x0000000084500000| Untracked 
|  44|0x0000000084600000, 0x0000000084600000, 0x0000000084700000|  0%| F|  |TAMS 0x0000000084600000, 0x0000000084600000| Untracked 
|  45|0x0000000084700000, 0x0000000084700000, 0x0000000084800000|  0%| F|  |TAMS 0x0000000084700000, 0x0000000084700000| Untracked 
|  46|0x0000000084800000, 0x0000000084800000, 0x0000000084900000|  0%| F|  |TAMS 0x0000000084800000, 0x0000000084800000| Untracked 
|  47|0x0000000084900000, 0x0000000084900000, 0x0000000084a00000|  0%| F|  |TAMS 0x0000000084900000, 0x0000000084900000| Untracked 
|  48|0x0000000084a00000, 0x0000000084a00000, 0x0000000084b00000|  0%| F|  |TAMS 0x0000000084a00000, 0x0000000084a00000| Untracked 
|  49|0x0000000084b00000, 0x0000000084b00000, 0x0000000084c00000|  0%| F|  |TAMS 0x0000000084b00000, 0x0000000084b00000| Untracked 
|  50|0x0000000084c00000, 0x0000000084c00000, 0x0000000084d00000|  0%| F|  |TAMS 0x0000000084c00000, 0x0000000084c00000| Untracked 
|  51|0x0000000084d00000, 0x0000000084d00000, 0x0000000084e00000|  0%| F|  |TAMS 0x0000000084d00000, 0x0000000084d00000| Untracked 
|  52|0x0000000084e00000, 0x0000000084e00000, 0x0000000084f00000|  0%| F|  |TAMS 0x0000000084e00000, 0x0000000084e00000| Untracked 
|  53|0x0000000084f00000, 0x0000000084f00000, 0x0000000085000000|  0%| F|  |TAMS 0x0000000084f00000, 0x0000000084f00000| Untracked 
|  54|0x0000000085000000, 0x0000000085000000, 0x0000000085100000|  0%| F|  |TAMS 0x0000000085000000, 0x0000000085000000| Untracked 
|  55|0x0000000085100000, 0x0000000085100000, 0x0000000085200000|  0%| F|  |TAMS 0x0000000085100000, 0x0000000085100000| Untracked 
|  56|0x0000000085200000, 0x0000000085200000, 0x0000000085300000|  0%| F|  |TAMS 0x0000000085200000, 0x0000000085200000| Untracked 
|  57|0x0000000085300000, 0x0000000085300000, 0x0000000085400000|  0%| F|  |TAMS 0x0000000085300000, 0x0000000085300000| Untracked 
|  58|0x0000000085400000, 0x0000000085400000, 0x0000000085500000|  0%| F|  |TAMS 0x0000000085400000, 0x0000000085400000| Untracked 
|  59|0x0000000085500000, 0x0000000085500000, 0x0000000085600000|  0%| F|  |TAMS 0x0000000085500000, 0x0000000085500000| Untracked 
|  60|0x0000000085600000, 0x0000000085600000, 0x0000000085700000|  0%| F|  |TAMS 0x0000000085600000, 0x0000000085600000| Untracked 
|  61|0x0000000085700000, 0x0000000085700000, 0x0000000085800000|  0%| F|  |TAMS 0x0000000085700000, 0x0000000085700000| Untracked 
|  62|0x0000000085800000, 0x0000000085800000, 0x0000000085900000|  0%| F|  |TAMS 0x0000000085800000, 0x0000000085800000| Untracked 
|  63|0x0000000085900000, 0x0000000085900000, 0x0000000085a00000|  0%| F|  |TAMS 0x0000000085900000, 0x0000000085900000| Untracked 
|  64|0x0000000085a00000, 0x0000000085a00000, 0x0000000085b00000|  0%| F|  |TAMS 0x0000000085a00000, 0x0000000085a00000| Untracked 
|  65|0x0000000085b00000, 0x0000000085b00000, 0x0000000085c00000|  0%| F|  |TAMS 0x0000000085b00000, 0x0000000085b00000| Untracked 
|  66|0x0000000085c00000, 0x0000000085c00000, 0x0000000085d00000|  0%| F|  |TAMS 0x0000000085c00000, 0x0000000085c00000| Untracked 
|  67|0x0000000085d00000, 0x0000000085d00000, 0x0000000085e00000|  0%| F|  |TAMS 0x0000000085d00000, 0x0000000085d00000| Untracked 
|  68|0x0000000085e00000, 0x0000000085e00000, 0x0000000085f00000|  0%| F|  |TAMS 0x0000000085e00000, 0x0000000085e00000| Untracked 
|  69|0x0000000085f00000, 0x0000000085f00000, 0x0000000086000000|  0%| F|  |TAMS 0x0000000085f00000, 0x0000000085f00000| Untracked 
|  70|0x0000000086000000, 0x0000000086000000, 0x0000000086100000|  0%| F|  |TAMS 0x0000000086000000, 0x0000000086000000| Untracked 
|  71|0x0000000086100000, 0x0000000086100000, 0x0000000086200000|  0%| F|  |TAMS 0x0000000086100000, 0x0000000086100000| Untracked 
|  72|0x0000000086200000, 0x0000000086200000, 0x0000000086300000|  0%| F|  |TAMS 0x0000000086200000, 0x0000000086200000| Untracked 
|  73|0x0000000086300000, 0x0000000086300000, 0x0000000086400000|  0%| F|  |TAMS 0x0000000086300000, 0x0000000086300000| Untracked 
|  74|0x0000000086400000, 0x0000000086400000, 0x0000000086500000|  0%| F|  |TAMS 0x0000000086400000, 0x0000000086400000| Untracked 
|  75|0x0000000086500000, 0x0000000086500000, 0x0000000086600000|  0%| F|  |TAMS 0x0000000086500000, 0x0000000086500000| Untracked 
|  76|0x0000000086600000, 0x0000000086600000, 0x0000000086700000|  0%| F|  |TAMS 0x0000000086600000, 0x0000000086600000| Untracked 
|  77|0x0000000086700000, 0x0000000086700000, 0x0000000086800000|  0%| F|  |TAMS 0x0000000086700000, 0x0000000086700000| Untracked 
|  78|0x0000000086800000, 0x0000000086800000, 0x0000000086900000|  0%| F|  |TAMS 0x0000000086800000, 0x0000000086800000| Untracked 
|  79|0x0000000086900000, 0x0000000086900000, 0x0000000086a00000|  0%| F|  |TAMS 0x0000000086900000, 0x0000000086900000| Untracked 
|  80|0x0000000086a00000, 0x0000000086a00000, 0x0000000086b00000|  0%| F|  |TAMS 0x0000000086a00000, 0x0000000086a00000| Untracked 
|  81|0x0000000086b00000, 0x0000000086b00000, 0x0000000086c00000|  0%| F|  |TAMS 0x0000000086b00000, 0x0000000086b00000| Untracked 
|  82|0x0000000086c00000, 0x0000000086c00000, 0x0000000086d00000|  0%| F|  |TAMS 0x0000000086c00000, 0x0000000086c00000| Untracked 
|  83|0x0000000086d00000, 0x0000000086d00000, 0x0000000086e00000|  0%| F|  |TAMS 0x0000000086d00000, 0x0000000086d00000| Untracked 
|  84|0x0000000086e00000, 0x0000000086e00000, 0x0000000086f00000|  0%| F|  |TAMS 0x0000000086e00000, 0x0000000086e00000| Untracked 
|  85|0x0000000086f00000, 0x0000000086f00000, 0x0000000087000000|  0%| F|  |TAMS 0x0000000086f00000, 0x0000000086f00000| Untracked 
|  86|0x0000000087000000, 0x0000000087000000, 0x0000000087100000|  0%| F|  |TAMS 0x0000000087000000, 0x0000000087000000| Untracked 
|  87|0x0000000087100000, 0x0000000087100000, 0x0000000087200000|  0%| F|  |TAMS 0x0000000087100000, 0x0000000087100000| Untracked 
|  88|0x0000000087200000, 0x0000000087200000, 0x0000000087300000|  0%| F|  |TAMS 0x0000000087200000, 0x0000000087200000| Untracked 
|  89|0x0000000087300000, 0x0000000087300000, 0x0000000087400000|  0%| F|  |TAMS 0x0000000087300000, 0x0000000087300000| Untracked 
|  90|0x0000000087400000, 0x0000000087400000, 0x0000000087500000|  0%| F|  |TAMS 0x0000000087400000, 0x0000000087400000| Untracked 
|  91|0x0000000087500000, 0x0000000087500000, 0x0000000087600000|  0%| F|  |TAMS 0x0000000087500000, 0x0000000087500000| Untracked 
|  92|0x0000000087600000, 0x0000000087600000, 0x0000000087700000|  0%| F|  |TAMS 0x0000000087600000, 0x0000000087600000| Untracked 
|  93|0x0000000087700000, 0x0000000087700000, 0x0000000087800000|  0%| F|  |TAMS 0x0000000087700000, 0x0000000087700000| Untracked 
|  94|0x0000000087800000, 0x0000000087800000, 0x0000000087900000|  0%| F|  |TAMS 0x0000000087800000, 0x0000000087800000| Untracked 
|  95|0x0000000087900000, 0x0000000087900000, 0x0000000087a00000|  0%| F|  |TAMS 0x0000000087900000, 0x0000000087900000| Untracked 
|  96|0x0000000087a00000, 0x0000000087a00000, 0x0000000087b00000|  0%| F|  |TAMS 0x0000000087a00000, 0x0000000087a00000| Untracked 
|  97|0x0000000087b00000, 0x0000000087b00000, 0x0000000087c00000|  0%| F|  |TAMS 0x0000000087b00000, 0x0000000087b00000| Untracked 
|  98|0x0000000087c00000, 0x0000000087c00000, 0x0000000087d00000|  0%| F|  |TAMS 0x0000000087c00000, 0x0000000087c00000| Untracked 
|  99|0x0000000087d00000, 0x0000000087d00000, 0x0000000087e00000|  0%| F|  |TAMS 0x0000000087d00000, 0x0000000087d00000| Untracked 
| 100|0x0000000087e00000, 0x0000000087e00000, 0x0000000087f00000|  0%| F|  |TAMS 0x0000000087e00000, 0x0000000087e00000| Untracked 
| 101|0x0000000087f00000, 0x0000000087f00000, 0x0000000088000000|  0%| F|  |TAMS 0x0000000087f00000, 0x0000000087f00000| Untracked 
| 102|0x0000000088000000, 0x0000000088000000, 0x0000000088100000|  0%| F|  |TAMS 0x0000000088000000, 0x0000000088000000| Untracked 
| 103|0x0000000088100000, 0x0000000088100000, 0x0000000088200000|  0%| F|  |TAMS 0x0000000088100000, 0x0000000088100000| Untracked 
| 104|0x0000000088200000, 0x0000000088200000, 0x0000000088300000|  0%| F|  |TAMS 0x0000000088200000, 0x0000000088200000| Untracked 
| 105|0x0000000088300000, 0x0000000088300000, 0x0000000088400000|  0%| F|  |TAMS 0x0000000088300000, 0x0000000088300000| Untracked 
| 106|0x0000000088400000, 0x0000000088400000, 0x0000000088500000|  0%| F|  |TAMS 0x0000000088400000, 0x0000000088400000| Untracked 
| 107|0x0000000088500000, 0x0000000088500000, 0x0000000088600000|  0%| F|  |TAMS 0x0000000088500000, 0x0000000088500000| Untracked 
| 108|0x0000000088600000, 0x0000000088600000, 0x0000000088700000|  0%| F|  |TAMS 0x0000000088600000, 0x0000000088600000| Untracked 
| 109|0x0000000088700000, 0x0000000088700000, 0x0000000088800000|  0%| F|  |TAMS 0x0000000088700000, 0x0000000088700000| Untracked 
| 110|0x0000000088800000, 0x0000000088800000, 0x0000000088900000|  0%| F|  |TAMS 0x0000000088800000, 0x0000000088800000| Untracked 
| 111|0x0000000088900000, 0x0000000088900000, 0x0000000088a00000|  0%| F|  |TAMS 0x0000000088900000, 0x0000000088900000| Untracked 
| 112|0x0000000088a00000, 0x0000000088b00000, 0x0000000088b00000|100%| S|CS|TAMS 0x0000000088a00000, 0x0000000088a00000| Complete 
| 113|0x0000000088b00000, 0x0000000088c00000, 0x0000000088c00000|100%| S|CS|TAMS 0x0000000088b00000, 0x0000000088b00000| Complete 
| 114|0x0000000088c00000, 0x0000000088c00000, 0x0000000088d00000|  0%| F|  |TAMS 0x0000000088c00000, 0x0000000088c00000| Untracked 
| 115|0x0000000088d00000, 0x0000000088d00000, 0x0000000088e00000|  0%| F|  |TAMS 0x0000000088d00000, 0x0000000088d00000| Untracked 
| 116|0x0000000088e00000, 0x0000000088efece0, 0x0000000088f00000| 99%| E|  |TAMS 0x0000000088e00000, 0x0000000088e00000| Complete 
| 117|0x0000000088f00000, 0x0000000089000000, 0x0000000089000000|100%| E|CS|TAMS 0x0000000088f00000, 0x0000000088f00000| Complete 
| 118|0x0000000089000000, 0x0000000089100000, 0x0000000089100000|100%| E|CS|TAMS 0x0000000089000000, 0x0000000089000000| Complete 
| 119|0x0000000089100000, 0x0000000089200000, 0x0000000089200000|100%| E|CS|TAMS 0x0000000089100000, 0x0000000089100000| Complete 
| 120|0x0000000089200000, 0x0000000089300000, 0x0000000089300000|100%| E|CS|TAMS 0x0000000089200000, 0x0000000089200000| Complete 
| 121|0x0000000089300000, 0x0000000089400000, 0x0000000089400000|100%| E|CS|TAMS 0x0000000089300000, 0x0000000089300000| Complete 
| 122|0x0000000089400000, 0x0000000089500000, 0x0000000089500000|100%| E|CS|TAMS 0x0000000089400000, 0x0000000089400000| Complete 
| 123|0x0000000089500000, 0x0000000089600000, 0x0000000089600000|100%| E|CS|TAMS 0x0000000089500000, 0x0000000089500000| Complete 
| 124|0x0000000089600000, 0x0000000089700000, 0x0000000089700000|100%| E|CS|TAMS 0x0000000089600000, 0x0000000089600000| Complete 
| 125|0x0000000089700000, 0x0000000089800000, 0x0000000089800000|100%| E|CS|TAMS 0x0000000089700000, 0x0000000089700000| Complete 
| 126|0x0000000089800000, 0x0000000089900000, 0x0000000089900000|100%| E|CS|TAMS 0x0000000089800000, 0x0000000089800000| Complete 
| 127|0x0000000089900000, 0x0000000089a00000, 0x0000000089a00000|100%| E|CS|TAMS 0x0000000089900000, 0x0000000089900000| Complete 

Card table byte_map: [0x000001aff5680000,0x000001aff5a80000] _byte_map_base: 0x000001aff5273000

Marking Bits (Prev, Next): (CMBitMap*) 0x000001afec7e5ae8, (CMBitMap*) 0x000001afec7e5b20
 Prev Bits: [0x000001aff5e80000, 0x000001aff7e18000)
 Next Bits: [0x000001aff7e20000, 0x000001aff9db8000)

Polling page: 0x000001afead90000

Metaspace:

Usage:
  Non-class:     10.76 MB capacity,    10.57 MB ( 98%) used,   153.40 KB (  1%) free+waste,    37.88 KB ( <1%) overhead. 
      Class:      1.51 MB capacity,     1.34 MB ( 89%) used,   149.86 KB ( 10%) free+waste,    19.63 KB (  1%) overhead. 
       Both:     12.27 MB capacity,    11.91 MB ( 97%) used,   303.26 KB (  2%) free+waste,    57.50 KB ( <1%) overhead. 

Virtual space:
  Non-class space:       12.00 MB reserved,      11.00 MB ( 92%) committed 
      Class space:        1.00 GB reserved,       1.63 MB ( <1%) committed 
             Both:        1.01 GB reserved,      12.63 MB (  1%) committed 

Chunk freelists:
   Non-Class:  6.63 KB
       Class:  3.25 KB
        Both:  9.88 KB

CodeHeap 'non-profiled nmethods': size=120064Kb used=374Kb max_used=374Kb free=119689Kb
 bounds [0x000001af87ac0000, 0x000001af87d30000, 0x000001af8f000000]
CodeHeap 'profiled nmethods': size=120000Kb used=1682Kb max_used=1682Kb free=118317Kb
 bounds [0x000001af80590000, 0x000001af80800000, 0x000001af87ac0000]
CodeHeap 'non-nmethods': size=5696Kb used=1144Kb max_used=1147Kb free=4551Kb
 bounds [0x000001af80000000, 0x000001af80270000, 0x000001af80590000]
 total_blobs=1511 nmethods=1030 adapters=393
 compilation: enabled
              stopped_count=0, restarted_count=0
 full_count=0

Compilation events (10 events):
Event: 2.687 Thread 0x000001affc3e5800  996   !   3       java.lang.module.ModuleReader::read (75 bytes)
Event: 2.688 Thread 0x000001affc3e5800 nmethod 996 0x000001af80723290 code [0x000001af80723540, 0x000001af80724358]
Event: 2.688 Thread 0x000001affc3e5800  992       3       java.security.SecureClassLoader$CodeSourceKey::hashCode (21 bytes)
Event: 2.688 Thread 0x000001affc3e5800 nmethod 992 0x000001af80724990 code [0x000001af80724b40, 0x000001af80724d08]
Event: 2.688 Thread 0x000001affc3e5800  995       3       java.lang.ClassLoader::getNamedPackage (73 bytes)
Event: 2.688 Thread 0x000001affc3e5800 nmethod 995 0x000001af80724e10 code [0x000001af80725000, 0x000001af80725508]
Event: 2.688 Thread 0x000001affc3e5800  997   !   3       jdk.internal.module.ModuleReferences$SafeCloseModuleReader::open (55 bytes)
Event: 2.689 Thread 0x000001affc3e5800 nmethod 997 0x000001af80725710 code [0x000001af80725920, 0x000001af80725e88]
Event: 2.689 Thread 0x000001affc3e5800  998       3       java.lang.module.ModuleReader::release (6 bytes)
Event: 2.689 Thread 0x000001affc3e5800 nmethod 998 0x000001af80726110 code [0x000001af807262c0, 0x000001af80726508]

GC Heap History (2 events):
Event: 2.029 GC heap before
{Heap before GC invocations=0 (full 0):
 garbage-first heap   total 131072K, used 13312K [0x0000000081a00000, 0x0000000100000000)
  region size 1024K, 14 young (14336K), 0 survivors (0K)
 Metaspace       used 8780K, capacity 9091K, committed 9216K, reserved 1056768K
  class space    used 871K, capacity 995K, committed 1024K, reserved 1048576K
}
Event: 2.057 GC heap after
{Heap after GC invocations=1 (full 0):
 garbage-first heap   total 131072K, used 2522K [0x0000000081a00000, 0x0000000100000000)
  region size 1024K, 2 young (2048K), 2 survivors (2048K)
 Metaspace       used 8780K, capacity 9091K, committed 9216K, reserved 1056768K
  class space    used 871K, capacity 995K, committed 1024K, reserved 1048576K
}

Deoptimization events (10 events):
Event: 0.648 Thread 0x000001afec7a6000 Uncommon trap: reason=unstable_if action=reinterpret pc=0x000001af87ad7b88 method=java.util.HashMap.putVal(ILjava/lang/Object;Ljava/lang/Object;ZZ)Ljava/lang/Object; @ 81 c2
Event: 0.662 Thread 0x000001afec7a6000 Uncommon trap: reason=unstable_if action=reinterpret pc=0x000001af87ad61ac method=java.util.ImmutableCollections$SetN.probe(Ljava/lang/Object;)I @ 34 c2
Event: 0.682 Thread 0x000001afec7a6000 Uncommon trap: reason=unstable_if action=reinterpret pc=0x000001af87ac5210 method=java.lang.String.isLatin1()Z @ 10 c2
Event: 0.690 Thread 0x000001afec7a6000 Uncommon trap: reason=unstable_if action=reinterpret pc=0x000001af87ade338 method=java.lang.String.startsWith(Ljava/lang/String;I)Z @ 1 c2
Event: 0.696 Thread 0x000001afec7a6000 Uncommon trap: reason=unstable_if action=reinterpret pc=0x000001af87ad49f8 method=java.lang.String.substring(II)Ljava/lang/String; @ 22 c2
Event: 1.052 Thread 0x000001afec7a6000 Uncommon trap: reason=bimorphic_or_optimized_type_check action=maybe_recompile pc=0x000001af87ae2314 method=java.util.AbstractCollection.isEmpty()Z @ 1 c2
Event: 1.052 Thread 0x000001afec7a6000 Uncommon trap: reason=bimorphic_or_optimized_type_check action=maybe_recompile pc=0x000001af87ae2314 method=java.util.AbstractCollection.isEmpty()Z @ 1 c2
Event: 1.054 Thread 0x000001afec7a6000 Uncommon trap: reason=bimorphic_or_optimized_type_check action=maybe_recompile pc=0x000001af87ae2314 method=java.util.AbstractCollection.isEmpty()Z @ 1 c2
Event: 1.054 Thread 0x000001afec7a6000 Uncommon trap: reason=bimorphic_or_optimized_type_check action=maybe_recompile pc=0x000001af87ae2314 method=java.util.AbstractCollection.isEmpty()Z @ 1 c2
Event: 2.492 Thread 0x000001afec7a6000 Uncommon trap: reason=unstable_if action=reinterpret pc=0x000001af87b0ffb0 method=jdk.internal.org.objectweb.asm.Type.getArgumentsAndReturnSizes(Ljava/lang/String;)I @ 88 c2

Classes redefined (0 events):
No events

Internal exceptions (10 events):
Event: 2.408 Thread 0x000001afec7a6000 Exception <a 'java/lang/NoSuchMethodError'{0x00000000899c0560}: java.lang.invoke.Invokers$Holder.linkToTargetMethod(Ljava/lang/Object;Ljava/lang/Object;Ljava/lang/Object;Ljava/lang/Object;Ljava/lang/Object;Ljava/lang/Object;)Ljava/lang/Object;> (0x0000000
Event: 2.493 Thread 0x000001affd272800 Exception <a 'java/lang/NoSuchMethodError'{0x00000000895875b8}: java.lang.invoke.DirectMethodHandle$Holder.invokeStatic(Ljava/lang/Object;Ljava/lang/Object;Ljava/lang/Object;Ljava/lang/Object;)V> (0x00000000895875b8) thrown at [./open/src/hotspot/share/in
Event: 2.586 Thread 0x000001affdf5a000 Exception <a 'java/lang/NoSuchMethodError'{0x00000000892b3238}: java.lang.invoke.DirectMethodHandle$Holder.invokeStaticInit(Ljava/lang/Object;Ljava/lang/Object;Ljava/lang/Object;Ljava/lang/Object;)Ljava/lang/Object;> (0x00000000892b3238) thrown at [./open
Event: 2.587 Thread 0x000001affdf5a000 Exception <a 'java/lang/NullPointerException'{0x00000000892c0b58}> (0x00000000892c0b58) thrown at [./open/src/hotspot/share/interpreter/linkResolver.cpp, line 1354]
Event: 2.587 Thread 0x000001affdf5a000 Exception <a 'java/lang/NullPointerException'{0x00000000892c0b58}> (0x00000000892c0b58) thrown at [./open/src/hotspot/share/prims/jvm.cpp, line 1309]
Event: 2.593 Thread 0x000001affdf5a000 Exception <a 'java/lang/NoSuchMethodError'{0x00000000892fec10}: java.lang.invoke.DirectMethodHandle$Holder.invokeSpecial(Ljava/lang/Object;Ljava/lang/Object;Ljava/lang/Object;Ljava/lang/Object;Ljava/lang/Object;)V> (0x00000000892fec10) thrown at [./open/s
Event: 2.652 Thread 0x000001affdf5a000 Exception <a 'java/lang/NoSuchMethodError'{0x0000000089028990}: java.lang.invoke.DirectMethodHandle$Holder.invokeStatic(Ljava/lang/Object;Ljava/lang/Object;Ljava/lang/Object;Ljava/lang/Object;Ljava/lang/Object;Ljava/lang/Object;Ljava/lang/Object;Ljava/lan
Event: 2.653 Thread 0x000001affdf5a000 Exception <a 'java/lang/NoSuchMethodError'{0x0000000089046888}: java.lang.invoke.DirectMethodHandle$Holder.invokeStatic(Ljava/lang/Object;Ljava/lang/Object;Ljava/lang/Object;Ljava/lang/Object;Ljava/lang/Object;Ljava/lang/Object;Ljava/lang/Object;Ljava/lan
Event: 2.654 Thread 0x000001affdf5a000 Exception <a 'java/lang/NoSuchMethodError'{0x0000000089065610}: java.lang.invoke.DirectMethodHandle$Holder.invokeStatic(Ljava/lang/Object;Ljava/lang/Object;Ljava/lang/Object;Ljava/lang/Object;Ljava/lang/Object;Ljava/lang/Object;Ljava/lang/Object;Ljava/lan
Event: 2.656 Thread 0x000001affdf5a000 Exception <a 'java/lang/NoSuchMethodError'{0x0000000089085e28}: java.lang.invoke.DirectMethodHandle$Holder.invokeStatic(Ljava/lang/Object;Ljava/lang/Object;Ljava/lang/Object;Ljava/lang/Object;Ljava/lang/Object;Ljava/lang/Object;Ljava/lang/Object;Ljava/lan

Events (10 events):
Event: 2.686 loading class javafx/beans/Observable
Event: 2.686 loading class javafx/beans/Observable done
Event: 2.686 loading class javafx/scene/text/Text
Event: 2.686 loading class javafx/scene/text/Text done
Event: 2.686 loading class javafx/beans/Observable
Event: 2.686 loading class javafx/beans/Observable done
Event: 2.687 loading class javafx/scene/text/Text
Event: 2.687 loading class javafx/scene/text/Text done
Event: 2.689 loading class java/text/CharacterIterator
Event: 2.689 loading class java/text/CharacterIterator done


Dynamic libraries:
0x00007ff6e3620000 - 0x00007ff6e362f000 	E:\Others\jdk-11.0.11\bin\javaw.exe
0x00007ffb0cbb0000 - 0x00007ffb0cda7000 	C:\Windows\SYSTEM32\ntdll.dll
0x00007ffb0ca00000 - 0x00007ffb0cabd000 	C:\Windows\System32\KERNEL32.DLL
0x00007ffb0a2d0000 - 0x00007ffb0a59d000 	C:\Windows\System32\KERNELBASE.dll
0x00007ffb0a620000 - 0x00007ffb0a720000 	C:\Windows\System32\ucrtbase.dll
0x00007ffaf2ba0000 - 0x00007ffaf2bb8000 	E:\Others\jdk-11.0.11\bin\jli.dll
0x00007ffb0b060000 - 0x00007ffb0b10e000 	C:\Windows\System32\ADVAPI32.dll
0x00007ffb0b4f0000 - 0x00007ffb0b58e000 	C:\Windows\System32\msvcrt.dll
0x00007ffb0af40000 - 0x00007ffb0afdc000 	C:\Windows\System32\sechost.dll
0x00007ffb0b360000 - 0x00007ffb0b485000 	C:\Windows\System32\RPCRT4.dll
0x00007ffb0ada0000 - 0x00007ffb0af40000 	C:\Windows\System32\USER32.dll
0x00007ffb0a5f0000 - 0x00007ffb0a612000 	C:\Windows\System32\win32u.dll
0x00007ffb0ad10000 - 0x00007ffb0ad3a000 	C:\Windows\System32\GDI32.dll
0x00007ffb0a7f0000 - 0x00007ffb0a8fb000 	C:\Windows\System32\gdi32full.dll
0x00007ffb0a750000 - 0x00007ffb0a7ed000 	C:\Windows\System32\msvcp_win.dll
0x00007ffaf2bc0000 - 0x00007ffaf2bd5000 	E:\Others\jdk-11.0.11\bin\VCRUNTIME140.dll
0x00007ffaedea0000 - 0x00007ffaee13a000 	C:\Windows\WinSxS\amd64_microsoft.windows.common-controls_6595b64144ccf1df_6.0.19041.1110_none_60b5254171f9507e\COMCTL32.dll
0x00007ffb04c80000 - 0x00007ffb04c8a000 	C:\Windows\SYSTEM32\VERSION.dll
0x00007ffb0c620000 - 0x00007ffb0c650000 	C:\Windows\System32\IMM32.DLL
0x00007ffaed630000 - 0x00007ffaed6cb000 	E:\Others\jdk-11.0.11\bin\msvcp140.dll
0x00007ffabf0a0000 - 0x00007ffabfb9e000 	E:\Others\jdk-11.0.11\bin\server\jvm.dll
0x00007ffb0afe0000 - 0x00007ffb0afe8000 	C:\Windows\System32\PSAPI.DLL
0x00007ffb034f0000 - 0x00007ffb034f9000 	C:\Windows\SYSTEM32\WSOCK32.dll
0x00007ffae0100000 - 0x00007ffae0127000 	C:\Windows\SYSTEM32\WINMM.dll
0x00007ffb0aff0000 - 0x00007ffb0b05b000 	C:\Windows\System32\WS2_32.dll
0x00007ffb081f0000 - 0x00007ffb08202000 	C:\Windows\SYSTEM32\kernel.appcore.dll
0x00007ffb04150000 - 0x00007ffb04160000 	E:\Others\jdk-11.0.11\bin\verify.dll
0x00007ffaedcb0000 - 0x00007ffaede94000 	C:\Windows\SYSTEM32\DBGHELP.DLL
0x00007ffaee180000 - 0x00007ffaee1ac000 	C:\Windows\SYSTEM32\dbgcore.DLL
0x00007ffb0aad0000 - 0x00007ffb0ab52000 	C:\Windows\System32\bcryptPrimitives.dll
0x00007ffaeebc0000 - 0x00007ffaeebe8000 	E:\Others\jdk-11.0.11\bin\java.dll
0x00007ffaf2d90000 - 0x00007ffaf2d9a000 	E:\Others\jdk-11.0.11\bin\jimage.dll
0x00007ffaf0020000 - 0x00007ffaf0036000 	E:\Others\jdk-11.0.11\bin\zip.dll
0x00007ffb0bed0000 - 0x00007ffb0c614000 	C:\Windows\System32\SHELL32.dll
0x00007ffb083f0000 - 0x00007ffb08b84000 	C:\Windows\SYSTEM32\windows.storage.dll
0x00007ffb0bb70000 - 0x00007ffb0bec4000 	C:\Windows\System32\combase.dll
0x00007ffb09c60000 - 0x00007ffb09c8c000 	C:\Windows\SYSTEM32\Wldp.dll
0x00007ffb0c950000 - 0x00007ffb0c9fd000 	C:\Windows\System32\SHCORE.dll
0x00007ffb0ad40000 - 0x00007ffb0ad95000 	C:\Windows\System32\shlwapi.dll
0x00007ffb0a210000 - 0x00007ffb0a22f000 	C:\Windows\SYSTEM32\profapi.dll
0x00007ffb03ff0000 - 0x00007ffb04009000 	E:\Others\jdk-11.0.11\bin\net.dll
0x00007ffb05020000 - 0x00007ffb0512a000 	C:\Windows\SYSTEM32\WINHTTP.dll
0x00007ffb099c0000 - 0x00007ffb09a2a000 	C:\Windows\system32\mswsock.dll
0x00007ffaf4370000 - 0x00007ffaf4382000 	E:\Others\jdk-11.0.11\bin\nio.dll
0x000001affe8e0000 - 0x000001affe8e3000 	E:\Others\Open JFX16\javafx-sdk-16\bin\api-ms-win-core-console-l1-1-0.dll
0x000001affe8f0000 - 0x000001affe8f3000 	E:\Others\Open JFX16\javafx-sdk-16\bin\api-ms-win-core-console-l1-2-0.dll
0x000001affe900000 - 0x000001affe903000 	E:\Others\Open JFX16\javafx-sdk-16\bin\api-ms-win-core-datetime-l1-1-0.dll
0x000001affe910000 - 0x000001affe913000 	E:\Others\Open JFX16\javafx-sdk-16\bin\api-ms-win-core-debug-l1-1-0.dll
0x000001affe920000 - 0x000001affe923000 	E:\Others\Open JFX16\javafx-sdk-16\bin\api-ms-win-core-errorhandling-l1-1-0.dll
0x000001affe930000 - 0x000001affe934000 	E:\Others\Open JFX16\javafx-sdk-16\bin\api-ms-win-core-file-l1-1-0.dll
0x000001affe940000 - 0x000001affe943000 	E:\Others\Open JFX16\javafx-sdk-16\bin\api-ms-win-core-file-l1-2-0.dll
0x000001affe950000 - 0x000001affe953000 	E:\Others\Open JFX16\javafx-sdk-16\bin\api-ms-win-core-file-l2-1-0.dll
0x000001affe960000 - 0x000001affe963000 	E:\Others\Open JFX16\javafx-sdk-16\bin\api-ms-win-core-handle-l1-1-0.dll
0x000001affe970000 - 0x000001affe973000 	E:\Others\Open JFX16\javafx-sdk-16\bin\api-ms-win-core-heap-l1-1-0.dll
0x000001affe980000 - 0x000001affe983000 	E:\Others\Open JFX16\javafx-sdk-16\bin\api-ms-win-core-interlocked-l1-1-0.dll
0x000001affe990000 - 0x000001affe993000 	E:\Others\Open JFX16\javafx-sdk-16\bin\api-ms-win-core-libraryloader-l1-1-0.dll
0x000001affe9a0000 - 0x000001affe9a3000 	E:\Others\Open JFX16\javafx-sdk-16\bin\api-ms-win-core-localization-l1-2-0.dll
0x000001affe9b0000 - 0x000001affe9b3000 	E:\Others\Open JFX16\javafx-sdk-16\bin\api-ms-win-core-memory-l1-1-0.dll
0x000001affe9c0000 - 0x000001affe9c3000 	E:\Others\Open JFX16\javafx-sdk-16\bin\api-ms-win-core-namedpipe-l1-1-0.dll
0x000001affe9d0000 - 0x000001affe9d3000 	E:\Others\Open JFX16\javafx-sdk-16\bin\api-ms-win-core-processenvironment-l1-1-0.dll
0x000001affe9e0000 - 0x000001affe9e3000 	E:\Others\Open JFX16\javafx-sdk-16\bin\api-ms-win-core-processthreads-l1-1-0.dll
0x000001affe9f0000 - 0x000001affe9f3000 	E:\Others\Open JFX16\javafx-sdk-16\bin\api-ms-win-core-processthreads-l1-1-1.dll
0x000001affea00000 - 0x000001affea03000 	E:\Others\Open JFX16\javafx-sdk-16\bin\api-ms-win-core-profile-l1-1-0.dll
0x000001affea10000 - 0x000001affea13000 	E:\Others\Open JFX16\javafx-sdk-16\bin\api-ms-win-core-rtlsupport-l1-1-0.dll
0x000001affea20000 - 0x000001affea23000 	E:\Others\Open JFX16\javafx-sdk-16\bin\api-ms-win-core-string-l1-1-0.dll
0x000001affea30000 - 0x000001affea33000 	E:\Others\Open JFX16\javafx-sdk-16\bin\api-ms-win-core-synch-l1-1-0.dll
0x000001affea40000 - 0x000001affea43000 	E:\Others\Open JFX16\javafx-sdk-16\bin\api-ms-win-core-synch-l1-2-0.dll
0x000001affea50000 - 0x000001affea53000 	E:\Others\Open JFX16\javafx-sdk-16\bin\api-ms-win-core-sysinfo-l1-1-0.dll
0x000001affea60000 - 0x000001affea63000 	E:\Others\Open JFX16\javafx-sdk-16\bin\api-ms-win-core-timezone-l1-1-0.dll
0x000001affea70000 - 0x000001affea73000 	E:\Others\Open JFX16\javafx-sdk-16\bin\api-ms-win-core-util-l1-1-0.dll
0x000001affea80000 - 0x000001affea83000 	E:\Others\Open JFX16\javafx-sdk-16\bin\api-ms-win-crt-conio-l1-1-0.dll
0x000001affea90000 - 0x000001affea94000 	E:\Others\Open JFX16\javafx-sdk-16\bin\api-ms-win-crt-convert-l1-1-0.dll
0x000001affeaa0000 - 0x000001affeaa3000 	E:\Others\Open JFX16\javafx-sdk-16\bin\api-ms-win-crt-environment-l1-1-0.dll
0x000001affeab0000 - 0x000001affeab3000 	E:\Others\Open JFX16\javafx-sdk-16\bin\api-ms-win-crt-filesystem-l1-1-0.dll
0x000001affeac0000 - 0x000001affeac3000 	E:\Others\Open JFX16\javafx-sdk-16\bin\api-ms-win-crt-heap-l1-1-0.dll
0x000001affead0000 - 0x000001affead3000 	E:\Others\Open JFX16\javafx-sdk-16\bin\api-ms-win-crt-locale-l1-1-0.dll
0x000001affeae0000 - 0x000001affeae5000 	E:\Others\Open JFX16\javafx-sdk-16\bin\api-ms-win-crt-math-l1-1-0.dll
0x000001affeaf0000 - 0x000001affeaf5000 	E:\Others\Open JFX16\javafx-sdk-16\bin\api-ms-win-crt-multibyte-l1-1-0.dll
0x000001affeb00000 - 0x000001affeb10000 	E:\Others\Open JFX16\javafx-sdk-16\bin\api-ms-win-crt-private-l1-1-0.dll
0x000001affeb10000 - 0x000001affeb13000 	E:\Others\Open JFX16\javafx-sdk-16\bin\api-ms-win-crt-process-l1-1-0.dll
0x000001affeb20000 - 0x000001affeb24000 	E:\Others\Open JFX16\javafx-sdk-16\bin\api-ms-win-crt-runtime-l1-1-0.dll
0x000001affeb30000 - 0x000001affeb34000 	E:\Others\Open JFX16\javafx-sdk-16\bin\api-ms-win-crt-stdio-l1-1-0.dll
0x000001affeb40000 - 0x000001affeb44000 	E:\Others\Open JFX16\javafx-sdk-16\bin\api-ms-win-crt-string-l1-1-0.dll
0x000001affeb50000 - 0x000001affeb53000 	E:\Others\Open JFX16\javafx-sdk-16\bin\api-ms-win-crt-time-l1-1-0.dll
0x000001affeb60000 - 0x000001affeb63000 	E:\Others\Open JFX16\javafx-sdk-16\bin\api-ms-win-crt-utility-l1-1-0.dll
0x00007ffada670000 - 0x00007ffada76c000 	E:\Others\Open JFX16\javafx-sdk-16\bin\ucrtbase.dll
0x00007ffb012a0000 - 0x00007ffb012b9000 	E:\Others\Open JFX16\javafx-sdk-16\bin\vcruntime140.dll
0x00007ffb05a00000 - 0x00007ffb05a0c000 	E:\Others\Open JFX16\javafx-sdk-16\bin\vcruntime140_1.dll
0x00007ffad7320000 - 0x00007ffad73b1000 	E:\Others\Open JFX16\javafx-sdk-16\bin\msvcp140.dll
0x00007ffaed580000 - 0x00007ffaed5a7000 	E:\Others\Open JFX16\javafx-sdk-16\bin\prism_d3d.dll
0x00007ffad2770000 - 0x00007ffad293f000 	C:\Windows\system32\d3d9.dll
0x00007ffb080e0000 - 0x00007ffb0810f000 	C:\Windows\SYSTEM32\dwmapi.dll
0x00007ffb07d30000 - 0x00007ffb07dce000 	C:\Windows\system32\uxtheme.dll
0x00007ffaca6c0000 - 0x00007ffaca868000 	C:\Windows\System32\DriverStore\FileRepository\iigd_dch.inf_amd64_a934a9379f55edc8\igdumdim64.dll
0x00007ffb0c820000 - 0x00007ffb0c94a000 	C:\Windows\System32\ole32.dll
0x00007ffab9860000 - 0x00007ffabd47f000 	C:\Windows\System32\DriverStore\FileRepository\iigd_dch.inf_amd64_a934a9379f55edc8\igd9dxva64.dll
0x00007ffb0b290000 - 0x00007ffb0b35d000 	C:\Windows\System32\OLEAUT32.dll
0x00007ffb0b700000 - 0x00007ffb0bb6f000 	C:\Windows\System32\SETUPAPI.dll
0x00007ffb0a5a0000 - 0x00007ffb0a5ee000 	C:\Windows\System32\cfgmgr32.dll
0x00007ffb0a720000 - 0x00007ffb0a747000 	C:\Windows\System32\bcrypt.dll
0x00007ffafa4a0000 - 0x00007ffafa868000 	C:\Windows\System32\DriverStore\FileRepository\iigd_dch.inf_amd64_a934a9379f55edc8\igdgmm64.dll
0x00007ffae75f0000 - 0x00007ffae7632000 	E:\Others\Open JFX16\javafx-sdk-16\bin\glass.dll
0x00007ffb0b620000 - 0x00007ffb0b6fb000 	C:\Windows\System32\COMDLG32.dll
0x00007ffb0b170000 - 0x00007ffb0b285000 	C:\Windows\System32\MSCTF.dll
0x00007ffacb770000 - 0x00007ffacb797000 	C:\Windows\System32\DriverStore\FileRepository\iigd_dch.inf_amd64_a934a9379f55edc8\igdinfo64.dll
0x00007ffaf2c70000 - 0x00007ffaf2c84000 	E:\Others\Open JFX16\javafx-sdk-16\bin\javafx_font.dll

dbghelp: loaded successfully - version: 4.0.5 - missing functions: none
symbol engine: initialized successfully - sym options: 0x614 - pdb path: .;E:\Others\jdk-11.0.11\bin;C:\Windows\SYSTEM32;C:\Windows\WinSxS\amd64_microsoft.windows.common-controls_6595b64144ccf1df_6.0.19041.1110_none_60b5254171f9507e;E:\Others\jdk-11.0.11\bin\server;E:\Others\Open JFX16\javafx-sdk-16\bin;C:\Windows\System32\DriverStore\FileRepository\iigd_dch.inf_amd64_a934a9379f55edc8

VM Arguments:
jvm_args: --module-path=E:\Others\Open JFX16\javafx-sdk-16\lib --add-modules=javafx.controls,javafx.media -Dfile.encoding=Cp1252 
java_command: Main
java_class_path (initial): E:\Others\openjfx-16_windows-x64_bin-sdk\javafx-sdk-16\lib\javafx.base.jar;E:\Others\openjfx-16_windows-x64_bin-sdk\javafx-sdk-16\lib\javafx.controls.jar;E:\Others\openjfx-16_windows-x64_bin-sdk\javafx-sdk-16\lib\javafx.fxml.jar;E:\Others\openjfx-16_windows-x64_bin-sdk\javafx-sdk-16\lib\javafx.graphics.jar;E:\Others\openjfx-16_windows-x64_bin-sdk\javafx-sdk-16\lib\javafx.media.jar;E:\Others\openjfx-16_windows-x64_bin-sdk\javafx-sdk-16\lib\javafx.swing.jar;E:\Others\openjfx-16_windows-x64_bin-sdk\javafx-sdk-16\lib\javafx.web.jar;E:\Others\openjfx-16_windows-x64_bin-sdk\javafx-sdk-16\lib\javafx-swt.jar;E:\Others\openjfx-16_windows-x64_bin-sdk\javafx-sdk-16\lib\jfxtras-labs-9.0-r1.jar;D:\JavaH1Core1\bin
Launcher Type: SUN_STANDARD

[Global flags]
     intx CICompilerCount                          = 3                                         {product} {ergonomic}
     uint ConcGCThreads                            = 1                                         {product} {ergonomic}
     uint G1ConcRefinementThreads                  = 4                                         {product} {ergonomic}
   size_t G1HeapRegionSize                         = 1048576                                   {product} {ergonomic}
    uintx GCDrainStackTargetSize                   = 64                                        {product} {ergonomic}
   size_t InitialHeapSize                          = 134217728                                 {product} {ergonomic}
   size_t MarkStackSize                            = 4194304                                   {product} {ergonomic}
   size_t MaxHeapSize                              = 2120220672                                {product} {ergonomic}
   size_t MaxNewSize                               = 1271922688                                {product} {ergonomic}
   size_t MinHeapDeltaBytes                        = 1048576                                   {product} {ergonomic}
    uintx NonNMethodCodeHeapSize                   = 5830732                                {pd product} {ergonomic}
    uintx NonProfiledCodeHeapSize                  = 122913754                              {pd product} {ergonomic}
    uintx ProfiledCodeHeapSize                     = 122913754                              {pd product} {ergonomic}
    uintx ReservedCodeCacheSize                    = 251658240                              {pd product} {ergonomic}
     bool SegmentedCodeCache                       = true                                      {product} {ergonomic}
     bool UseCompressedClassPointers               = true                                 {lp64_product} {ergonomic}
     bool UseCompressedOops                        = true                                 {lp64_product} {ergonomic}
     bool UseG1GC                                  = true                                      {product} {ergonomic}
     bool UseLargePagesIndividualAllocation        = false                                  {pd product} {ergonomic}

Logging:
Log output configuration:
 #0: stdout all=warning uptime,level,tags
 #1: stderr all=off uptime,level,tags

Environment Variables:
PATH=C:\Windows\Python\;C:\Windows\Python\;C:\Program Files (x86)\Common Files\Oracle\Java\javapath;C:\Anaconda3;C:\Anaconda3\Library\mingw-w64\bin;C:\Anaconda3\Library\bin;C:\Anaconda3\Scripts;C:\Anaconda2;C:\Anaconda2\Library\mingw-w64\bin;C:\Anaconda2\Library\bin;C:\Anaconda2\Scripts;C:\Windows\system32;C:\Windows;C:\Windows\System32\Wbem;C:\Windows\System32\WindowsPowerShell\v1.0\;C:\Windows\System32\OpenSSH\;C:\Users\root\AppData\Local\Microsoft\WindowsApps;C:\Program Files\glassfish5\bin;C:\Program Files\Git\cmd;C:\Users\root\AppData\Local\Microsoft\WindowsApps;C:\Program Files\Go\bin;C:\Users\root\AppData\Local\Microsoft\WindowsApps;C:\Program Files\MongoDB\Server\4.4\bin;C:\Users\root\AppData\Local\Microsoft\WindowsApps;C:\Program Files\MongoDB\Server\4.4\bin;C:\Program Files\nodejs\;C:\Users\root\AppData\Local\Microsoft\WindowsApps;C:\Users\root\AppData\Roaming\npm;C:\Program Files (x86)\Microsoft SQL Server\150\DTS\Binn\;C:\Program Files\Azure Data Studio\bin;C:\Program Files\Microsoft VS Code\bin;C:\Program Files (x86)\Microsoft SQL Server\110\DTS\Binn\;C:\Program Files (x86)\Microsoft SQL Server\120\DTS\Binn\;C:\Program Files (x86)\Microsoft SQL Server\130\DTS\Binn\;C:\Program Files (x86)\Microsoft SQL Server\150\Tools\Binn\;C:\Program Files\Microsoft SQL Server\150\Tools\Binn\;C:\Program Files\Microsoft SQL Server\150\DTS\Binn\;C:\Program Files\Microsoft SQL Server\Client SDK\ODBC\170\Tools\Binn\;C:\xampp\php;C:\ProgramData\ComposerSetup\bin;C:\xampp\php;C:\Program Files\glassfish5\bin;C:\Program Files\Go\bin;C:\Program Files\Microsoft SQL Server\140\Tools\Binn\;C:\Program Files\Python37\Scripts;C:\Users\prk\AppData\Local\Microsoft\WindowsApps;;C:\Anaconda3
USERNAME=prk
OS=Windows_NT
PROCESSOR_IDENTIFIER=Intel64 Family 6 Model 158 Stepping 9, GenuineIntel



---------------  S Y S T E M  ---------------

OS: Windows 10 , 64 bit Build 19041 (10.0.19041.1741)

CPU:total 4 (initial active 4) (4 cores per cpu, 1 threads per core) family 6 model 158 stepping 9 microcode 0xb4, cmov, cx8, fxsr, mmx, sse, sse2, sse3, ssse3, sse4.1, sse4.2, popcnt, avx, avx2, aes, clmul, erms, rtm, 3dnowpref, lzcnt, tsc, tscinvbit, bmi1, bmi2, adx, fma

Memory: 4k page, system-wide physical 8087M (764M free)
TotalPageFile size 14231M (AvailPageFile size 5M)
current process WorkingSet (physical memory assigned to process): 85M, peak: 85M
current process commit charge ("private bytes"): 233M, peak: 234M

vm_info: Java HotSpot(TM) 64-Bit Server VM (11.0.11+9-LTS-194) for windows-amd64 JRE (11.0.11+9-LTS-194), built on Mar 18 2021 18:46:53 by "mach5one" with MS VC++ 15.9 (VS2017)

END.
