#
# There is insufficient memory for the Java Runtime Environment to continue.
# Native memory allocation (malloc) failed to allocate 2146416 bytes for Chunk::new
# Possible reasons:
#   The system is out of physical RAM or swap space
#   The process is running with CompressedOops enabled, and the Java Heap may be blocking the growth of the native heap
# Possible solutions:
#   Reduce memory load on the system
#   Increase physical memory or swap space
#   Check if swap backing store is full
#   Decrease Java heap size (-Xmx/-Xms)
#   Decrease number of Java threads
#   Decrease Java thread stack sizes (-Xss)
#   Set larger code cache with -XX:ReservedCodeCacheSize=
#   JVM is running with Unscaled Compressed Oops mode in which the Java heap is
#     placed in the first 4GB address space. The Java Heap base address is the
#     maximum limit for the native heap growth. Please use -XX:HeapBaseMinAddress
#     to set the Java Heap base and to place the Java Heap above 4GB virtual address.
# This output file may be truncated or incomplete.
#
#  Out of Memory Error (./open/src/hotspot/share/memory/arena.cpp:197), pid=9372, tid=15012
#
# JRE version: Java(TM) SE Runtime Environment 18.9 (11.0.11+9) (build 11.0.11+9-LTS-194)
# Java VM: Java HotSpot(TM) 64-Bit Server VM 18.9 (11.0.11+9-LTS-194, mixed mode, tiered, compressed oops, g1 gc, windows-amd64)
# No core dump will be written. Minidumps are not enabled by default on client versions of Windows
#

---------------  S U M M A R Y ------------

Command Line: -agentlib:jdwp=transport=dt_socket,suspend=y,address=localhost:53910 --module-path=E:\Others\Open JFX16\javafx-sdk-16\lib --add-modules=javafx.controls,javafx.media -javaagent:C:\Users\prk\.eclipse\org.eclipse.platform_4.16.0_920333535_win32_win32_x86_64\configuration\org.eclipse.osgi\222\0\.cp\lib\javaagent-shaded.jar -Dfile.encoding=Cp1252 Main

Host: Intel(R) Core(TM) i5-7500T CPU @ 2.70GHz, 4 cores, 7G,  Windows 10 , 64 bit Build 19041 (10.0.19041.1741)
Time: Tue Jul 25 14:41:51 2023 SE Asia Standard Time elapsed time: 4.954501 seconds (0d 0h 0m 4s)

---------------  T H R E A D  ---------------

Current thread (0x000001acaa6bb000):  JavaThread "C2 CompilerThread1" daemon [_thread_in_native, id=15012, stack(0x00000011a9300000,0x00000011a9400000)]


Current CompileTask:
C2:   4954 1213       4       org.eclipse.jdt.launching.internal.org.objectweb.asm.ClassReader::readMethod (1061 bytes)

Stack: [0x00000011a9300000,0x00000011a9400000]
Native frames: (J=compiled Java code, j=interpreted, Vv=VM code, C=native code)
V  [jvm.dll+0x616f2a]
V  [jvm.dll+0x74de7f]
V  [jvm.dll+0x74f505]
V  [jvm.dll+0x74fb83]
V  [jvm.dll+0x2436d8]
V  [jvm.dll+0xba68c]
V  [jvm.dll+0xbad8c]
V  [jvm.dll+0x346272]
V  [jvm.dll+0x3140c3]
V  [jvm.dll+0x31340a]
V  [jvm.dll+0x1fd045]
V  [jvm.dll+0x1fc22f]
V  [jvm.dll+0x17f0bc]
V  [jvm.dll+0x20b68c]
V  [jvm.dll+0x20978b]
V  [jvm.dll+0x7152c9]
V  [jvm.dll+0x70dfc4]
V  [jvm.dll+0x6160f6]
C  [ucrtbase.dll+0x21bb2]
C  [KERNEL32.DLL+0x17034]
C  [ntdll.dll+0x52651]


---------------  P R O C E S S  ---------------

Threads class SMR info:
_java_thread_list=0x000001acaab0c9e0, length=19, elements={
0x000001ac8aa48800, 0x000001aca9690800, 0x000001aca96bd000, 0x000001aca96cd000,
0x000001aca96d1000, 0x000001aca96d2000, 0x000001aca96e2800, 0x000001acaa064000,
0x000001acaa1c1800, 0x000001acaa642000, 0x000001acaa3aa000, 0x000001acaa3aa800,
0x000001acaa5b0000, 0x000001acaa6bb000, 0x000001acaa89d000, 0x000001acaaa0d000,
0x000001acaaa0d800, 0x000001acaa981000, 0x000001acab67e800
}
_to_delete_list=0x000001acaab0c650, length=18, elements={
0x000001ac8aa48800, 0x000001aca9690800, 0x000001aca96bd000, 0x000001aca96cd000,
0x000001aca96d1000, 0x000001aca96d2000, 0x000001aca96e2800, 0x000001acaa064000,
0x000001acaa1c1800, 0x000001acaa642000, 0x000001acaa3aa000, 0x000001acaa3aa800,
0x000001acaa5b0000, 0x000001acaa6bb000, 0x000001acaa89d000, 0x000001acaaa0d000,
0x000001acaaa0d800, 0x000001acaa981000
}

Java Threads: ( => current thread )
  0x000001ac8aa48800 JavaThread "main" [_thread_blocked, id=10520, stack(0x00000011a7f00000,0x00000011a8000000)]
  0x000001aca9690800 JavaThread "Reference Handler" daemon [_thread_blocked, id=5800, stack(0x00000011a8600000,0x00000011a8700000)]
  0x000001aca96bd000 JavaThread "Finalizer" daemon [_thread_blocked, id=10100, stack(0x00000011a8700000,0x00000011a8800000)]
  0x000001aca96cd000 JavaThread "Signal Dispatcher" daemon [_thread_blocked, id=7648, stack(0x00000011a8800000,0x00000011a8900000)]
  0x000001aca96d1000 JavaThread "Attach Listener" daemon [_thread_blocked, id=6148, stack(0x00000011a8900000,0x00000011a8a00000)]
  0x000001aca96d2000 JavaThread "C2 CompilerThread0" daemon [_thread_in_native, id=10660, stack(0x00000011a8a00000,0x00000011a8b00000)]
  0x000001aca96e2800 JavaThread "C1 CompilerThread0" daemon [_thread_blocked, id=8072, stack(0x00000011a8b00000,0x00000011a8c00000)]
  0x000001acaa064000 JavaThread "Sweeper thread" daemon [_thread_blocked, id=9464, stack(0x00000011a8c00000,0x00000011a8d00000)]
  0x000001acaa1c1800 JavaThread "Common-Cleaner" daemon [_thread_blocked, id=15128, stack(0x00000011a8d00000,0x00000011a8e00000)]
  0x000001acaa642000 JavaThread "JDWP Transport Listener: dt_socket" daemon [_thread_blocked, id=5832, stack(0x00000011a8f00000,0x00000011a9000000)]
  0x000001acaa3aa000 JavaThread "JDWP Event Helper Thread" daemon [_thread_blocked, id=14552, stack(0x00000011a9000000,0x00000011a9100000)]
  0x000001acaa3aa800 JavaThread "JDWP Command Reader" daemon [_thread_in_native, id=14900, stack(0x00000011a9100000,0x00000011a9200000)]
  0x000001acaa5b0000 JavaThread "Service Thread" daemon [_thread_blocked, id=12652, stack(0x00000011a8e00000,0x00000011a8f00000)]
=>0x000001acaa6bb000 JavaThread "C2 CompilerThread1" daemon [_thread_in_native, id=15012, stack(0x00000011a9300000,0x00000011a9400000)]
  0x000001acaa89d000 JavaThread "QuantumRenderer-0" daemon [_thread_blocked, id=10568, stack(0x00000011a9600000,0x00000011a9700000)]
  0x000001acaaa0d000 JavaThread "InvokeLaterDispatcher" daemon [_thread_blocked, id=14444, stack(0x00000011a9700000,0x00000011a9800000)]
  0x000001acaaa0d800 JavaThread "JavaFX Application Thread" [_thread_in_vm, id=15020, stack(0x00000011a9800000,0x00000011a9900000)]
  0x000001acaa981000 JavaThread "Thread-1" daemon [_thread_in_native, id=3940, stack(0x00000011a9c00000,0x00000011a9d00000)]
  0x000001acab67e800 JavaThread "JavaFX-Launcher" [_thread_blocked, id=15276, stack(0x00000011a9d00000,0x00000011a9e00000)]

Other Threads:
  0x000001aca9690000 VMThread "VM Thread" [stack: 0x00000011a8500000,0x00000011a8600000] [id=7680]
  0x000001acaa4a4000 WatcherThread [stack: 0x00000011a9200000,0x00000011a9300000] [id=4220]
  0x000001ac8aa5e800 GCTaskThread "GC Thread#0" [stack: 0x00000011a8000000,0x00000011a8100000] [id=1396]
  0x000001acaa6b9000 GCTaskThread "GC Thread#1" [stack: 0x00000011a9400000,0x00000011a9500000] [id=13204]
  0x000001acaa6cc800 GCTaskThread "GC Thread#2" [stack: 0x00000011a9500000,0x00000011a9600000] [id=6684]
  0x000001ac8aa91000 ConcurrentGCThread "G1 Main Marker" [stack: 0x00000011a8100000,0x00000011a8200000] [id=14560]
  0x000001ac8aa92000 ConcurrentGCThread "G1 Conc#0" [stack: 0x00000011a8200000,0x00000011a8300000] [id=13332]
  0x000001ac8ab26800 ConcurrentGCThread "G1 Refine#0" [stack: 0x00000011a8300000,0x00000011a8400000] [id=2864]
  0x000001ac8ab27800 ConcurrentGCThread "G1 Young RemSet Sampling" [stack: 0x00000011a8400000,0x00000011a8500000] [id=13192]

Threads with active compile tasks:
C2 CompilerThread0   4978 1225       4       org.eclipse.jdt.launching.internal.org.objectweb.asm.ClassVisitor::visitMethod (24 bytes)
C2 CompilerThread1   4978 1213       4       org.eclipse.jdt.launching.internal.org.objectweb.asm.ClassReader::readMethod (1061 bytes)

VM state:not at safepoint (normal execution)

VM Mutex/Monitor currently owned by a thread: None

Heap address: 0x0000000081a00000, size: 2022 MB, Compressed Oops mode: 32-bit
Narrow klass base: 0x0000000000000000, Narrow klass shift: 3
Compressed class space size: 1073741824 Address: 0x0000000100000000

Heap:
 garbage-first heap   total 131072K, used 51044K [0x0000000081a00000, 0x0000000100000000)
  region size 1024K, 51 young (52224K), 2 survivors (2048K)
 Metaspace       used 16790K, capacity 17206K, committed 17408K, reserved 1069056K
  class space    used 1872K, capacity 2045K, committed 2048K, reserved 1048576K
Heap Regions: E=young(eden), S=young(survivor), O=old, HS=humongous(starts), HC=humongous(continues), CS=collection set, F=free, A=archive, TAMS=top-at-mark-start (previous, next)
|   0|0x0000000081a00000, 0x0000000081ad9200, 0x0000000081b00000| 84%| O|  |TAMS 0x0000000081a00000, 0x0000000081a00000| Untracked 
|   1|0x0000000081b00000, 0x0000000081b00000, 0x0000000081c00000|  0%| F|  |TAMS 0x0000000081b00000, 0x0000000081b00000| Untracked 
|   2|0x0000000081c00000, 0x0000000081c00000, 0x0000000081d00000|  0%| F|  |TAMS 0x0000000081c00000, 0x0000000081c00000| Untracked 
|   3|0x0000000081d00000, 0x0000000081d00000, 0x0000000081e00000|  0%| F|  |TAMS 0x0000000081d00000, 0x0000000081d00000| Untracked 
|   4|0x0000000081e00000, 0x0000000081e00000, 0x0000000081f00000|  0%| F|  |TAMS 0x0000000081e00000, 0x0000000081e00000| Untracked 
|   5|0x0000000081f00000, 0x0000000081f00000, 0x0000000082000000|  0%| F|  |TAMS 0x0000000081f00000, 0x0000000081f00000| Untracked 
|   6|0x0000000082000000, 0x0000000082000000, 0x0000000082100000|  0%| F|  |TAMS 0x0000000082000000, 0x0000000082000000| Untracked 
|   7|0x0000000082100000, 0x0000000082100000, 0x0000000082200000|  0%| F|  |TAMS 0x0000000082100000, 0x0000000082100000| Untracked 
|   8|0x0000000082200000, 0x0000000082200000, 0x0000000082300000|  0%| F|  |TAMS 0x0000000082200000, 0x0000000082200000| Untracked 
|   9|0x0000000082300000, 0x0000000082300000, 0x0000000082400000|  0%| F|  |TAMS 0x0000000082300000, 0x0000000082300000| Untracked 
|  10|0x0000000082400000, 0x0000000082400000, 0x0000000082500000|  0%| F|  |TAMS 0x0000000082400000, 0x0000000082400000| Untracked 
|  11|0x0000000082500000, 0x0000000082500000, 0x0000000082600000|  0%| F|  |TAMS 0x0000000082500000, 0x0000000082500000| Untracked 
|  12|0x0000000082600000, 0x0000000082600000, 0x0000000082700000|  0%| F|  |TAMS 0x0000000082600000, 0x0000000082600000| Untracked 
|  13|0x0000000082700000, 0x0000000082700000, 0x0000000082800000|  0%| F|  |TAMS 0x0000000082700000, 0x0000000082700000| Untracked 
|  14|0x0000000082800000, 0x0000000082800000, 0x0000000082900000|  0%| F|  |TAMS 0x0000000082800000, 0x0000000082800000| Untracked 
|  15|0x0000000082900000, 0x0000000082900000, 0x0000000082a00000|  0%| F|  |TAMS 0x0000000082900000, 0x0000000082900000| Untracked 
|  16|0x0000000082a00000, 0x0000000082a00000, 0x0000000082b00000|  0%| F|  |TAMS 0x0000000082a00000, 0x0000000082a00000| Untracked 
|  17|0x0000000082b00000, 0x0000000082b00000, 0x0000000082c00000|  0%| F|  |TAMS 0x0000000082b00000, 0x0000000082b00000| Untracked 
|  18|0x0000000082c00000, 0x0000000082c00000, 0x0000000082d00000|  0%| F|  |TAMS 0x0000000082c00000, 0x0000000082c00000| Untracked 
|  19|0x0000000082d00000, 0x0000000082d00000, 0x0000000082e00000|  0%| F|  |TAMS 0x0000000082d00000, 0x0000000082d00000| Untracked 
|  20|0x0000000082e00000, 0x0000000082e00000, 0x0000000082f00000|  0%| F|  |TAMS 0x0000000082e00000, 0x0000000082e00000| Untracked 
|  21|0x0000000082f00000, 0x0000000082f00000, 0x0000000083000000|  0%| F|  |TAMS 0x0000000082f00000, 0x0000000082f00000| Untracked 
|  22|0x0000000083000000, 0x0000000083000000, 0x0000000083100000|  0%| F|  |TAMS 0x0000000083000000, 0x0000000083000000| Untracked 
|  23|0x0000000083100000, 0x0000000083100000, 0x0000000083200000|  0%| F|  |TAMS 0x0000000083100000, 0x0000000083100000| Untracked 
|  24|0x0000000083200000, 0x0000000083200000, 0x0000000083300000|  0%| F|  |TAMS 0x0000000083200000, 0x0000000083200000| Untracked 
|  25|0x0000000083300000, 0x0000000083300000, 0x0000000083400000|  0%| F|  |TAMS 0x0000000083300000, 0x0000000083300000| Untracked 
|  26|0x0000000083400000, 0x0000000083400000, 0x0000000083500000|  0%| F|  |TAMS 0x0000000083400000, 0x0000000083400000| Untracked 
|  27|0x0000000083500000, 0x0000000083500000, 0x0000000083600000|  0%| F|  |TAMS 0x0000000083500000, 0x0000000083500000| Untracked 
|  28|0x0000000083600000, 0x0000000083600000, 0x0000000083700000|  0%| F|  |TAMS 0x0000000083600000, 0x0000000083600000| Untracked 
|  29|0x0000000083700000, 0x0000000083700000, 0x0000000083800000|  0%| F|  |TAMS 0x0000000083700000, 0x0000000083700000| Untracked 
|  30|0x0000000083800000, 0x0000000083800000, 0x0000000083900000|  0%| F|  |TAMS 0x0000000083800000, 0x0000000083800000| Untracked 
|  31|0x0000000083900000, 0x0000000083900000, 0x0000000083a00000|  0%| F|  |TAMS 0x0000000083900000, 0x0000000083900000| Untracked 
|  32|0x0000000083a00000, 0x0000000083a00000, 0x0000000083b00000|  0%| F|  |TAMS 0x0000000083a00000, 0x0000000083a00000| Untracked 
|  33|0x0000000083b00000, 0x0000000083b00000, 0x0000000083c00000|  0%| F|  |TAMS 0x0000000083b00000, 0x0000000083b00000| Untracked 
|  34|0x0000000083c00000, 0x0000000083c00000, 0x0000000083d00000|  0%| F|  |TAMS 0x0000000083c00000, 0x0000000083c00000| Untracked 
|  35|0x0000000083d00000, 0x0000000083d00000, 0x0000000083e00000|  0%| F|  |TAMS 0x0000000083d00000, 0x0000000083d00000| Untracked 
|  36|0x0000000083e00000, 0x0000000083e00000, 0x0000000083f00000|  0%| F|  |TAMS 0x0000000083e00000, 0x0000000083e00000| Untracked 
|  37|0x0000000083f00000, 0x0000000083f00000, 0x0000000084000000|  0%| F|  |TAMS 0x0000000083f00000, 0x0000000083f00000| Untracked 
|  38|0x0000000084000000, 0x0000000084000000, 0x0000000084100000|  0%| F|  |TAMS 0x0000000084000000, 0x0000000084000000| Untracked 
|  39|0x0000000084100000, 0x0000000084100000, 0x0000000084200000|  0%| F|  |TAMS 0x0000000084100000, 0x0000000084100000| Untracked 
|  40|0x0000000084200000, 0x0000000084200000, 0x0000000084300000|  0%| F|  |TAMS 0x0000000084200000, 0x0000000084200000| Untracked 
|  41|0x0000000084300000, 0x0000000084300000, 0x0000000084400000|  0%| F|  |TAMS 0x0000000084300000, 0x0000000084300000| Untracked 
|  42|0x0000000084400000, 0x0000000084400000, 0x0000000084500000|  0%| F|  |TAMS 0x0000000084400000, 0x0000000084400000| Untracked 
|  43|0x0000000084500000, 0x0000000084500000, 0x0000000084600000|  0%| F|  |TAMS 0x0000000084500000, 0x0000000084500000| Untracked 
|  44|0x0000000084600000, 0x0000000084600000, 0x0000000084700000|  0%| F|  |TAMS 0x0000000084600000, 0x0000000084600000| Untracked 
|  45|0x0000000084700000, 0x0000000084700000, 0x0000000084800000|  0%| F|  |TAMS 0x0000000084700000, 0x0000000084700000| Untracked 
|  46|0x0000000084800000, 0x0000000084800000, 0x0000000084900000|  0%| F|  |TAMS 0x0000000084800000, 0x0000000084800000| Untracked 
|  47|0x0000000084900000, 0x0000000084900000, 0x0000000084a00000|  0%| F|  |TAMS 0x0000000084900000, 0x0000000084900000| Untracked 
|  48|0x0000000084a00000, 0x0000000084a00000, 0x0000000084b00000|  0%| F|  |TAMS 0x0000000084a00000, 0x0000000084a00000| Untracked 
|  49|0x0000000084b00000, 0x0000000084b00000, 0x0000000084c00000|  0%| F|  |TAMS 0x0000000084b00000, 0x0000000084b00000| Untracked 
|  50|0x0000000084c00000, 0x0000000084c00000, 0x0000000084d00000|  0%| F|  |TAMS 0x0000000084c00000, 0x0000000084c00000| Untracked 
|  51|0x0000000084d00000, 0x0000000084d00000, 0x0000000084e00000|  0%| F|  |TAMS 0x0000000084d00000, 0x0000000084d00000| Untracked 
|  52|0x0000000084e00000, 0x0000000084e00000, 0x0000000084f00000|  0%| F|  |TAMS 0x0000000084e00000, 0x0000000084e00000| Untracked 
|  53|0x0000000084f00000, 0x0000000084f00000, 0x0000000085000000|  0%| F|  |TAMS 0x0000000084f00000, 0x0000000084f00000| Untracked 
|  54|0x0000000085000000, 0x0000000085000000, 0x0000000085100000|  0%| F|  |TAMS 0x0000000085000000, 0x0000000085000000| Untracked 
|  55|0x0000000085100000, 0x0000000085100000, 0x0000000085200000|  0%| F|  |TAMS 0x0000000085100000, 0x0000000085100000| Untracked 
|  56|0x0000000085200000, 0x0000000085200000, 0x0000000085300000|  0%| F|  |TAMS 0x0000000085200000, 0x0000000085200000| Untracked 
|  57|0x0000000085300000, 0x0000000085300000, 0x0000000085400000|  0%| F|  |TAMS 0x0000000085300000, 0x0000000085300000| Untracked 
|  58|0x0000000085400000, 0x0000000085400000, 0x0000000085500000|  0%| F|  |TAMS 0x0000000085400000, 0x0000000085400000| Untracked 
|  59|0x0000000085500000, 0x0000000085500000, 0x0000000085600000|  0%| F|  |TAMS 0x0000000085500000, 0x0000000085500000| Untracked 
|  60|0x0000000085600000, 0x0000000085600000, 0x0000000085700000|  0%| F|  |TAMS 0x0000000085600000, 0x0000000085600000| Untracked 
|  61|0x0000000085700000, 0x0000000085700000, 0x0000000085800000|  0%| F|  |TAMS 0x0000000085700000, 0x0000000085700000| Untracked 
|  62|0x0000000085800000, 0x0000000085800000, 0x0000000085900000|  0%| F|  |TAMS 0x0000000085800000, 0x0000000085800000| Untracked 
|  63|0x0000000085900000, 0x0000000085900000, 0x0000000085a00000|  0%| F|  |TAMS 0x0000000085900000, 0x0000000085900000| Untracked 
|  64|0x0000000085a00000, 0x0000000085a00000, 0x0000000085b00000|  0%| F|  |TAMS 0x0000000085a00000, 0x0000000085a00000| Untracked 
|  65|0x0000000085b00000, 0x0000000085b00000, 0x0000000085c00000|  0%| F|  |TAMS 0x0000000085b00000, 0x0000000085b00000| Untracked 
|  66|0x0000000085c00000, 0x0000000085c00000, 0x0000000085d00000|  0%| F|  |TAMS 0x0000000085c00000, 0x0000000085c00000| Untracked 
|  67|0x0000000085d00000, 0x0000000085d00000, 0x0000000085e00000|  0%| F|  |TAMS 0x0000000085d00000, 0x0000000085d00000| Untracked 
|  68|0x0000000085e00000, 0x0000000085e00000, 0x0000000085f00000|  0%| F|  |TAMS 0x0000000085e00000, 0x0000000085e00000| Untracked 
|  69|0x0000000085f00000, 0x0000000085f00000, 0x0000000086000000|  0%| F|  |TAMS 0x0000000085f00000, 0x0000000085f00000| Untracked 
|  70|0x0000000086000000, 0x0000000086000000, 0x0000000086100000|  0%| F|  |TAMS 0x0000000086000000, 0x0000000086000000| Untracked 
|  71|0x0000000086100000, 0x0000000086100000, 0x0000000086200000|  0%| F|  |TAMS 0x0000000086100000, 0x0000000086100000| Untracked 
|  72|0x0000000086200000, 0x0000000086200000, 0x0000000086300000|  0%| F|  |TAMS 0x0000000086200000, 0x0000000086200000| Untracked 
|  73|0x0000000086300000, 0x0000000086300000, 0x0000000086400000|  0%| F|  |TAMS 0x0000000086300000, 0x0000000086300000| Untracked 
|  74|0x0000000086400000, 0x0000000086400000, 0x0000000086500000|  0%| F|  |TAMS 0x0000000086400000, 0x0000000086400000| Untracked 
|  75|0x0000000086500000, 0x0000000086500000, 0x0000000086600000|  0%| F|  |TAMS 0x0000000086500000, 0x0000000086500000| Untracked 
|  76|0x0000000086600000, 0x0000000086600000, 0x0000000086700000|  0%| F|  |TAMS 0x0000000086600000, 0x0000000086600000| Untracked 
|  77|0x0000000086700000, 0x00000000867fd780, 0x0000000086800000| 99%| E|  |TAMS 0x0000000086700000, 0x0000000086700000| Complete 
|  78|0x0000000086800000, 0x0000000086900000, 0x0000000086900000|100%| E|CS|TAMS 0x0000000086800000, 0x0000000086800000| Complete 
|  79|0x0000000086900000, 0x0000000086a00000, 0x0000000086a00000|100%| E|CS|TAMS 0x0000000086900000, 0x0000000086900000| Complete 
|  80|0x0000000086a00000, 0x0000000086b00000, 0x0000000086b00000|100%| E|CS|TAMS 0x0000000086a00000, 0x0000000086a00000| Complete 
|  81|0x0000000086b00000, 0x0000000086c00000, 0x0000000086c00000|100%| E|CS|TAMS 0x0000000086b00000, 0x0000000086b00000| Complete 
|  82|0x0000000086c00000, 0x0000000086d00000, 0x0000000086d00000|100%| E|CS|TAMS 0x0000000086c00000, 0x0000000086c00000| Complete 
|  83|0x0000000086d00000, 0x0000000086e00000, 0x0000000086e00000|100%| E|  |TAMS 0x0000000086d00000, 0x0000000086d00000| Complete 
|  84|0x0000000086e00000, 0x0000000086f00000, 0x0000000086f00000|100%| E|CS|TAMS 0x0000000086e00000, 0x0000000086e00000| Complete 
|  85|0x0000000086f00000, 0x0000000087000000, 0x0000000087000000|100%| E|CS|TAMS 0x0000000086f00000, 0x0000000086f00000| Complete 
|  86|0x0000000087000000, 0x0000000087100000, 0x0000000087100000|100%| E|CS|TAMS 0x0000000087000000, 0x0000000087000000| Complete 
|  87|0x0000000087100000, 0x0000000087200000, 0x0000000087200000|100%| E|CS|TAMS 0x0000000087100000, 0x0000000087100000| Complete 
|  88|0x0000000087200000, 0x0000000087300000, 0x0000000087300000|100%| E|CS|TAMS 0x0000000087200000, 0x0000000087200000| Complete 
|  89|0x0000000087300000, 0x0000000087400000, 0x0000000087400000|100%| E|CS|TAMS 0x0000000087300000, 0x0000000087300000| Complete 
|  90|0x0000000087400000, 0x0000000087500000, 0x0000000087500000|100%| E|CS|TAMS 0x0000000087400000, 0x0000000087400000| Complete 
|  91|0x0000000087500000, 0x0000000087600000, 0x0000000087600000|100%| E|CS|TAMS 0x0000000087500000, 0x0000000087500000| Complete 
|  92|0x0000000087600000, 0x0000000087700000, 0x0000000087700000|100%| E|CS|TAMS 0x0000000087600000, 0x0000000087600000| Complete 
|  93|0x0000000087700000, 0x0000000087800000, 0x0000000087800000|100%| E|CS|TAMS 0x0000000087700000, 0x0000000087700000| Complete 
|  94|0x0000000087800000, 0x0000000087900000, 0x0000000087900000|100%| E|CS|TAMS 0x0000000087800000, 0x0000000087800000| Complete 
|  95|0x0000000087900000, 0x0000000087a00000, 0x0000000087a00000|100%| E|CS|TAMS 0x0000000087900000, 0x0000000087900000| Complete 
|  96|0x0000000087a00000, 0x0000000087b00000, 0x0000000087b00000|100%| E|CS|TAMS 0x0000000087a00000, 0x0000000087a00000| Complete 
|  97|0x0000000087b00000, 0x0000000087c00000, 0x0000000087c00000|100%| E|CS|TAMS 0x0000000087b00000, 0x0000000087b00000| Complete 
|  98|0x0000000087c00000, 0x0000000087d00000, 0x0000000087d00000|100%| E|CS|TAMS 0x0000000087c00000, 0x0000000087c00000| Complete 
|  99|0x0000000087d00000, 0x0000000087e00000, 0x0000000087e00000|100%| E|CS|TAMS 0x0000000087d00000, 0x0000000087d00000| Complete 
| 100|0x0000000087e00000, 0x0000000087f00000, 0x0000000087f00000|100%| E|CS|TAMS 0x0000000087e00000, 0x0000000087e00000| Complete 
| 101|0x0000000087f00000, 0x0000000088000000, 0x0000000088000000|100%| E|CS|TAMS 0x0000000087f00000, 0x0000000087f00000| Complete 
| 102|0x0000000088000000, 0x0000000088100000, 0x0000000088100000|100%| E|CS|TAMS 0x0000000088000000, 0x0000000088000000| Complete 
| 103|0x0000000088100000, 0x0000000088200000, 0x0000000088200000|100%| E|CS|TAMS 0x0000000088100000, 0x0000000088100000| Complete 
| 104|0x0000000088200000, 0x0000000088300000, 0x0000000088300000|100%| E|CS|TAMS 0x0000000088200000, 0x0000000088200000| Complete 
| 105|0x0000000088300000, 0x0000000088400000, 0x0000000088400000|100%| E|CS|TAMS 0x0000000088300000, 0x0000000088300000| Complete 
| 106|0x0000000088400000, 0x0000000088500000, 0x0000000088500000|100%| E|CS|TAMS 0x0000000088400000, 0x0000000088400000| Complete 
| 107|0x0000000088500000, 0x0000000088600000, 0x0000000088600000|100%| E|CS|TAMS 0x0000000088500000, 0x0000000088500000| Complete 
| 108|0x0000000088600000, 0x0000000088700000, 0x0000000088700000|100%| E|CS|TAMS 0x0000000088600000, 0x0000000088600000| Complete 
| 109|0x0000000088700000, 0x0000000088800000, 0x0000000088800000|100%| E|CS|TAMS 0x0000000088700000, 0x0000000088700000| Complete 
| 110|0x0000000088800000, 0x0000000088900000, 0x0000000088900000|100%| E|CS|TAMS 0x0000000088800000, 0x0000000088800000| Complete 
| 111|0x0000000088900000, 0x0000000088a00000, 0x0000000088a00000|100%| E|CS|TAMS 0x0000000088900000, 0x0000000088900000| Complete 
| 112|0x0000000088a00000, 0x0000000088b00000, 0x0000000088b00000|100%| S|CS|TAMS 0x0000000088a00000, 0x0000000088a00000| Complete 
| 113|0x0000000088b00000, 0x0000000088c00000, 0x0000000088c00000|100%| S|CS|TAMS 0x0000000088b00000, 0x0000000088b00000| Complete 
| 114|0x0000000088c00000, 0x0000000088d00000, 0x0000000088d00000|100%| E|CS|TAMS 0x0000000088c00000, 0x0000000088c00000| Complete 
| 115|0x0000000088d00000, 0x0000000088e00000, 0x0000000088e00000|100%| E|CS|TAMS 0x0000000088d00000, 0x0000000088d00000| Complete 
| 116|0x0000000088e00000, 0x0000000088f00000, 0x0000000088f00000|100%| E|CS|TAMS 0x0000000088e00000, 0x0000000088e00000| Complete 
| 117|0x0000000088f00000, 0x0000000089000000, 0x0000000089000000|100%| E|CS|TAMS 0x0000000088f00000, 0x0000000088f00000| Complete 
| 118|0x0000000089000000, 0x0000000089100000, 0x0000000089100000|100%| E|CS|TAMS 0x0000000089000000, 0x0000000089000000| Complete 
| 119|0x0000000089100000, 0x0000000089200000, 0x0000000089200000|100%| E|CS|TAMS 0x0000000089100000, 0x0000000089100000| Complete 
| 120|0x0000000089200000, 0x0000000089300000, 0x0000000089300000|100%| E|CS|TAMS 0x0000000089200000, 0x0000000089200000| Complete 
| 121|0x0000000089300000, 0x0000000089400000, 0x0000000089400000|100%| E|CS|TAMS 0x0000000089300000, 0x0000000089300000| Complete 
| 122|0x0000000089400000, 0x0000000089500000, 0x0000000089500000|100%| E|CS|TAMS 0x0000000089400000, 0x0000000089400000| Complete 
| 123|0x0000000089500000, 0x0000000089600000, 0x0000000089600000|100%| E|CS|TAMS 0x0000000089500000, 0x0000000089500000| Complete 
| 124|0x0000000089600000, 0x0000000089700000, 0x0000000089700000|100%| E|CS|TAMS 0x0000000089600000, 0x0000000089600000| Complete 
| 125|0x0000000089700000, 0x0000000089800000, 0x0000000089800000|100%| E|CS|TAMS 0x0000000089700000, 0x0000000089700000| Complete 
| 126|0x0000000089800000, 0x0000000089900000, 0x0000000089900000|100%| E|CS|TAMS 0x0000000089800000, 0x0000000089800000| Complete 
| 127|0x0000000089900000, 0x0000000089a00000, 0x0000000089a00000|100%| E|CS|TAMS 0x0000000089900000, 0x0000000089900000| Complete 

Card table byte_map: [0x000001aca2930000,0x000001aca2d30000] _byte_map_base: 0x000001aca2523000

Marking Bits (Prev, Next): (CMBitMap*) 0x000001ac8aa87198, (CMBitMap*) 0x000001ac8aa871d0
 Prev Bits: [0x000001aca3130000, 0x000001aca50c8000)
 Next Bits: [0x000001aca50d0000, 0x000001aca7068000)

Polling page: 0x000001ac89220000

Metaspace:

Usage:
  Non-class:     14.81 MB capacity,    14.57 MB ( 98%) used,   198.45 KB (  1%) free+waste,    44.56 KB ( <1%) overhead. 
      Class:      2.00 MB capacity,     1.83 MB ( 92%) used,   150.73 KB (  7%) free+waste,    21.75 KB (  1%) overhead. 
       Both:     16.80 MB capacity,    16.40 MB ( 98%) used,   349.19 KB (  2%) free+waste,    66.31 KB ( <1%) overhead. 

Virtual space:
  Non-class space:       20.00 MB reserved,      15.00 MB ( 75%) committed 
      Class space:        1.00 GB reserved,       2.00 MB ( <1%) committed 
             Both:        1.02 GB reserved,      17.00 MB (  2%) committed 

Chunk freelists:
   Non-Class:  896 bytes
       Class:  384 bytes
        Both:  1.25 KB

CodeHeap 'non-profiled nmethods': size=120064Kb used=520Kb max_used=520Kb free=119543Kb
 bounds [0x000001ac9a9c0000, 0x000001ac9ac30000, 0x000001aca1f00000]
CodeHeap 'profiled nmethods': size=120000Kb used=2837Kb max_used=2837Kb free=117162Kb
 bounds [0x000001ac93490000, 0x000001ac93760000, 0x000001ac9a9c0000]
CodeHeap 'non-nmethods': size=5696Kb used=1267Kb max_used=1292Kb free=4428Kb
 bounds [0x000001ac92f00000, 0x000001ac93170000, 0x000001ac93490000]
 total_blobs=2011 nmethods=1469 adapters=462
 compilation: enabled
              stopped_count=0, restarted_count=0
 full_count=0

Compilation events (10 events):
Event: 4.929 Thread 0x000001aca96e2800 1458       3       java.util.Collections$UnmodifiableList::get (11 bytes)
Event: 4.929 Thread 0x000001aca96e2800 nmethod 1458 0x000001ac9374ca90 code [0x000001ac9374cc40, 0x000001ac9374ce08]
Event: 4.929 Thread 0x000001aca96e2800 1465       3       java.io.DataInputStream::<init> (30 bytes)
Event: 4.929 Thread 0x000001aca96e2800 nmethod 1465 0x000001ac9374cf10 code [0x000001ac9374d0e0, 0x000001ac9374d638]
Event: 4.929 Thread 0x000001aca96e2800 1466       3       javafx.css.Rule::getSelectors (27 bytes)
Event: 4.929 Thread 0x000001aca96e2800 nmethod 1466 0x000001ac9374d790 code [0x000001ac9374d940, 0x000001ac9374dba8]
Event: 4.932 Thread 0x000001aca96e2800 1467       3       java.util.jar.JarFile::maybeInstantiateVerifier (112 bytes)
Event: 4.933 Thread 0x000001aca96e2800 nmethod 1467 0x000001ac9374dc90 code [0x000001ac9374dfc0, 0x000001ac9374f1b8]
Event: 4.934 Thread 0x000001aca96e2800 1468       3       java.lang.invoke.AbstractValidatingLambdaMetafactory::isAdaptableTo (126 bytes)
Event: 4.935 Thread 0x000001aca96e2800 nmethod 1468 0x000001ac9374f890 code [0x000001ac9374fb20, 0x000001ac93750508]

GC Heap History (2 events):
Event: 4.450 GC heap before
{Heap before GC invocations=0 (full 0):
 garbage-first heap   total 131072K, used 13312K [0x0000000081a00000, 0x0000000100000000)
  region size 1024K, 14 young (14336K), 0 survivors (0K)
 Metaspace       used 10165K, capacity 10365K, committed 10496K, reserved 1058816K
  class space    used 937K, capacity 1009K, committed 1024K, reserved 1048576K
}
Event: 4.455 GC heap after
{Heap after GC invocations=1 (full 0):
 garbage-first heap   total 131072K, used 2916K [0x0000000081a00000, 0x0000000100000000)
  region size 1024K, 2 young (2048K), 2 survivors (2048K)
 Metaspace       used 10165K, capacity 10365K, committed 10496K, reserved 1058816K
  class space    used 937K, capacity 1009K, committed 1024K, reserved 1048576K
}

Deoptimization events (10 events):
Event: 4.539 Thread 0x000001ac8aa48800 Uncommon trap: reason=bimorphic_or_optimized_type_check action=maybe_recompile pc=0x000001ac9a9f5eb8 method=java.util.HashMap.putVal(ILjava/lang/Object;Ljava/lang/Object;ZZ)Ljava/lang/Object; @ 152 c2
Event: 4.592 Thread 0x000001ac8aa48800 Uncommon trap: reason=unstable_if action=reinterpret pc=0x000001ac9aa05390 method=org.eclipse.jdt.launching.internal.org.objectweb.asm.ClassReader.readUtf(II[C)Ljava/lang/String; @ 41 c2
Event: 4.592 Thread 0x000001ac8aa48800 Uncommon trap: reason=unstable_if action=reinterpret pc=0x000001ac9a9caf24 method=java.lang.String.isLatin1()Z @ 10 c2
Event: 4.592 Thread 0x000001ac8aa48800 Uncommon trap: reason=unstable_if action=reinterpret pc=0x000001ac9aa0376c method=org.eclipse.jdt.launching.internal.org.objectweb.asm.ClassReader.readUtf(II[C)Ljava/lang/String; @ 41 c2
Event: 4.592 Thread 0x000001ac8aa48800 Uncommon trap: reason=unstable_if action=reinterpret pc=0x000001ac9a9cc87c method=java.lang.String.isLatin1()Z @ 10 c2
Event: 4.592 Thread 0x000001ac8aa48800 Uncommon trap: reason=unstable_if action=reinterpret pc=0x000001ac9aa02278 method=org.eclipse.jdt.launching.internal.org.objectweb.asm.ClassReader.readUtf(II[C)Ljava/lang/String; @ 41 c2
Event: 4.736 Thread 0x000001ac8aa48800 Uncommon trap: reason=unstable_if action=reinterpret pc=0x000001ac9aa26e90 method=jdk.internal.org.objectweb.asm.Type.getArgumentsAndReturnSizes(Ljava/lang/String;)I @ 88 c2
Event: 4.893 Thread 0x000001acaaa0d800 Uncommon trap: reason=unstable_if action=reinterpret pc=0x000001ac9aa37664 method=jdk.internal.org.objectweb.asm.Frame.execute(IILjdk/internal/org/objectweb/asm/ClassWriter;Ljdk/internal/org/objectweb/asm/Item;)V @ 1 c2
Event: 4.910 Thread 0x000001acaaa0d800 Uncommon trap: reason=unstable_if action=reinterpret pc=0x000001ac9aa1ba88 method=java.util.HashMap.putVal(ILjava/lang/Object;Ljava/lang/Object;ZZ)Ljava/lang/Object; @ 162 c2
Event: 4.911 Thread 0x000001acaaa0d800 Uncommon trap: reason=unstable_if action=reinterpret pc=0x000001ac9aa18384 method=java.util.HashMap.getNode(ILjava/lang/Object;)Ljava/util/HashMap$Node; @ 84 c2

Classes redefined (0 events):
No events

Internal exceptions (10 events):
Event: 4.827 Thread 0x000001acaaa0d800 Exception <a 'java/lang/NoSuchMethodError'{0x0000000087721a68}: java.lang.invoke.DirectMethodHandle$Holder.invokeStatic(Ljava/lang/Object;Ljava/lang/Object;Ljava/lang/Object;Ljava/lang/Object;Ljava/lang/Object;Ljava/lang/Object;Ljava/lang/Object;Ljava/lan
Event: 4.829 Thread 0x000001acaaa0d800 Exception <a 'java/lang/NoSuchMethodError'{0x0000000087740a30}: java.lang.invoke.DirectMethodHandle$Holder.invokeStatic(Ljava/lang/Object;Ljava/lang/Object;Ljava/lang/Object;Ljava/lang/Object;Ljava/lang/Object;Ljava/lang/Object;Ljava/lang/Object;Ljava/lan
Event: 4.830 Thread 0x000001acaaa0d800 Exception <a 'java/lang/NoSuchMethodError'{0x0000000087760950}: java.lang.invoke.DirectMethodHandle$Holder.invokeStatic(Ljava/lang/Object;Ljava/lang/Object;Ljava/lang/Object;Ljava/lang/Object;Ljava/lang/Object;Ljava/lang/Object;Ljava/lang/Object;Ljava/lan
Event: 4.833 Thread 0x000001acaaa0d800 Exception <a 'java/lang/NoSuchMethodError'{0x0000000087782228}: java.lang.invoke.DirectMethodHandle$Holder.invokeStatic(Ljava/lang/Object;Ljava/lang/Object;Ljava/lang/Object;Ljava/lang/Object;Ljava/lang/Object;Ljava/lang/Object;Ljava/lang/Object;Ljava/lan
Event: 4.861 Thread 0x000001acaaa0d800 Exception <a 'java/lang/NoSuchMethodError'{0x0000000087467610}: java.lang.invoke.DirectMethodHandle$Holder.invokeStatic(Ljava/lang/Object;Ljava/lang/Object;Ljava/lang/Object;Ljava/lang/Object;Ljava/lang/Object;Ljava/lang/Object;Ljava/lang/Object;Ljava/lan
Event: 4.862 Thread 0x000001acaaa0d800 Exception <a 'java/lang/NoSuchMethodError'{0x0000000087476600}: java.lang.invoke.DirectMethodHandle$Holder.invokeStatic(Ljava/lang/Object;Ljava/lang/Object;Ljava/lang/Object;Ljava/lang/Object;Ljava/lang/Object;Ljava/lang/Object;Ljava/lang/Object;Ljava/lan
Event: 4.863 Thread 0x000001acaaa0d800 Exception <a 'java/lang/NoSuchMethodError'{0x0000000087304968}: java.lang.invoke.DirectMethodHandle$Holder.invokeSpecial(Ljava/lang/Object;Ljava/lang/Object;IILjava/lang/Object;Ljava/lang/Object;Ljava/lang/Object;)Ljava/lang/Object;> (0x0000000087304968) 
Event: 4.863 Thread 0x000001acaaa0d800 Exception <a 'java/lang/NoSuchMethodError'{0x0000000087307ef0}: java.lang.invoke.DelegatingMethodHandle$Holder.reinvoke_L(Ljava/lang/Object;IILjava/lang/Object;Ljava/lang/Object;Ljava/lang/Object;)Ljava/lang/Object;> (0x0000000087307ef0) thrown at [./open
Event: 4.864 Thread 0x000001acaaa0d800 Exception <a 'java/lang/NoSuchMethodError'{0x000000008730c8e8}: java.lang.invoke.DirectMethodHandle$Holder.invokeStatic(Ljava/lang/Object;Ljava/lang/Object;Ljava/lang/Object;Ljava/lang/Object;I)Ljava/lang/Object;> (0x000000008730c8e8) thrown at [./open/sr
Event: 4.928 Thread 0x000001acaaa0d800 Exception <a 'java/lang/NoSuchMethodError'{0x0000000086b36200}: java.lang.invoke.DirectMethodHandle$Holder.invokeStaticInit(Ljava/lang/Object;Ljava/lang/Object;)V> (0x0000000086b36200) thrown at [./open/src/hotspot/share/interpreter/linkResolver.cpp, line

Events (10 events):
Event: 4.935 loading class java/time/LocalDate
Event: 4.936 loading class java/time/temporal/Temporal
Event: 4.936 loading class java/time/temporal/TemporalAccessor
Event: 4.936 loading class java/time/temporal/TemporalAccessor done
Event: 4.936 loading class java/time/temporal/Temporal done
Event: 4.936 loading class java/time/temporal/TemporalAdjuster
Event: 4.936 loading class java/time/temporal/TemporalAdjuster done
Event: 4.936 loading class java/time/chrono/ChronoLocalDate
Event: 4.936 loading class java/time/chrono/ChronoLocalDate done
Event: 4.937 loading class java/time/LocalDate done


Dynamic libraries:
0x00007ff6e3620000 - 0x00007ff6e362f000 	E:\Others\jdk-11.0.11\bin\javaw.exe
0x00007ffb0cbb0000 - 0x00007ffb0cda7000 	C:\Windows\SYSTEM32\ntdll.dll
0x00007ffb0ca00000 - 0x00007ffb0cabd000 	C:\Windows\System32\KERNEL32.DLL
0x00007ffb0a2d0000 - 0x00007ffb0a59d000 	C:\Windows\System32\KERNELBASE.dll
0x00007ffb0a620000 - 0x00007ffb0a720000 	C:\Windows\System32\ucrtbase.dll
0x00007ffaf2bc0000 - 0x00007ffaf2bd5000 	E:\Others\jdk-11.0.11\bin\VCRUNTIME140.dll
0x00007ffaf2ba0000 - 0x00007ffaf2bb8000 	E:\Others\jdk-11.0.11\bin\jli.dll
0x00007ffb0b060000 - 0x00007ffb0b10e000 	C:\Windows\System32\ADVAPI32.dll
0x00007ffb0b4f0000 - 0x00007ffb0b58e000 	C:\Windows\System32\msvcrt.dll
0x00007ffb0af40000 - 0x00007ffb0afdc000 	C:\Windows\System32\sechost.dll
0x00007ffb0b360000 - 0x00007ffb0b485000 	C:\Windows\System32\RPCRT4.dll
0x00007ffb0ada0000 - 0x00007ffb0af40000 	C:\Windows\System32\USER32.dll
0x00007ffb0a5f0000 - 0x00007ffb0a612000 	C:\Windows\System32\win32u.dll
0x00007ffaedea0000 - 0x00007ffaee13a000 	C:\Windows\WinSxS\amd64_microsoft.windows.common-controls_6595b64144ccf1df_6.0.19041.1110_none_60b5254171f9507e\COMCTL32.dll
0x00007ffb0ad10000 - 0x00007ffb0ad3a000 	C:\Windows\System32\GDI32.dll
0x00007ffb0a7f0000 - 0x00007ffb0a8fb000 	C:\Windows\System32\gdi32full.dll
0x00007ffb0a750000 - 0x00007ffb0a7ed000 	C:\Windows\System32\msvcp_win.dll
0x00007ffb04c80000 - 0x00007ffb04c8a000 	C:\Windows\SYSTEM32\VERSION.dll
0x00007ffb0c620000 - 0x00007ffb0c650000 	C:\Windows\System32\IMM32.DLL
0x00007ffaed630000 - 0x00007ffaed6cb000 	E:\Others\jdk-11.0.11\bin\msvcp140.dll
0x00007ffabf0a0000 - 0x00007ffabfb9e000 	E:\Others\jdk-11.0.11\bin\server\jvm.dll
0x00007ffb0afe0000 - 0x00007ffb0afe8000 	C:\Windows\System32\PSAPI.DLL
0x00007ffb034f0000 - 0x00007ffb034f9000 	C:\Windows\SYSTEM32\WSOCK32.dll
0x00007ffb0aff0000 - 0x00007ffb0b05b000 	C:\Windows\System32\WS2_32.dll
0x00007ffae0100000 - 0x00007ffae0127000 	C:\Windows\SYSTEM32\WINMM.dll
0x00007ffb081f0000 - 0x00007ffb08202000 	C:\Windows\SYSTEM32\kernel.appcore.dll
0x00007ffb04150000 - 0x00007ffb04160000 	E:\Others\jdk-11.0.11\bin\verify.dll
0x00007ffaedcb0000 - 0x00007ffaede94000 	C:\Windows\SYSTEM32\DBGHELP.DLL
0x00007ffaee180000 - 0x00007ffaee1ac000 	C:\Windows\SYSTEM32\dbgcore.DLL
0x00007ffb0aad0000 - 0x00007ffb0ab52000 	C:\Windows\System32\bcryptPrimitives.dll
0x00007ffaeebc0000 - 0x00007ffaeebe8000 	E:\Others\jdk-11.0.11\bin\java.dll
0x00007ffaf2d90000 - 0x00007ffaf2d9a000 	E:\Others\jdk-11.0.11\bin\jimage.dll
0x00007ffada730000 - 0x00007ffada768000 	E:\Others\jdk-11.0.11\bin\jdwp.dll
0x00007ffb05a00000 - 0x00007ffb05a0e000 	E:\Others\jdk-11.0.11\bin\instrument.dll
0x00007ffaf0020000 - 0x00007ffaf0036000 	E:\Others\jdk-11.0.11\bin\zip.dll
0x00007ffb0bed0000 - 0x00007ffb0c614000 	C:\Windows\System32\SHELL32.dll
0x00007ffb083f0000 - 0x00007ffb08b84000 	C:\Windows\SYSTEM32\windows.storage.dll
0x00007ffb0bb70000 - 0x00007ffb0bec4000 	C:\Windows\System32\combase.dll
0x00007ffb09c60000 - 0x00007ffb09c8c000 	C:\Windows\SYSTEM32\Wldp.dll
0x00007ffb0c950000 - 0x00007ffb0c9fd000 	C:\Windows\System32\SHCORE.dll
0x00007ffb0ad40000 - 0x00007ffb0ad95000 	C:\Windows\System32\shlwapi.dll
0x00007ffb0a210000 - 0x00007ffb0a22f000 	C:\Windows\SYSTEM32\profapi.dll
0x00007ffb03ff0000 - 0x00007ffb04009000 	E:\Others\jdk-11.0.11\bin\net.dll
0x00007ffb05020000 - 0x00007ffb0512a000 	C:\Windows\SYSTEM32\WINHTTP.dll
0x00007ffb099c0000 - 0x00007ffb09a2a000 	C:\Windows\system32\mswsock.dll
0x00007ffaf4370000 - 0x00007ffaf4382000 	E:\Others\jdk-11.0.11\bin\nio.dll
0x00007ffb04270000 - 0x00007ffb0427a000 	E:\Others\jdk-11.0.11\bin\dt_socket.dll
0x00007ffb096f0000 - 0x00007ffb097bb000 	C:\Windows\SYSTEM32\DNSAPI.dll
0x00007ffb096b0000 - 0x00007ffb096eb000 	C:\Windows\SYSTEM32\IPHLPAPI.DLL
0x00007ffb0c650000 - 0x00007ffb0c658000 	C:\Windows\System32\NSI.dll
0x00007ffb01190000 - 0x00007ffb01210000 	C:\Windows\System32\fwpuclnt.dll
0x00007ffb0a720000 - 0x00007ffb0a747000 	C:\Windows\System32\bcrypt.dll
0x00007ffb019c0000 - 0x00007ffb019ca000 	C:\Windows\System32\rasadhlp.dll
0x00007ffb040c0000 - 0x00007ffb040cd000 	E:\Others\jdk-11.0.11\bin\sunmscapi.dll
0x00007ffb0a970000 - 0x00007ffb0aac6000 	C:\Windows\System32\CRYPT32.dll
0x00007ffb09cd0000 - 0x00007ffb09cf7000 	C:\Windows\SYSTEM32\ncrypt.dll
0x00007ffb09c90000 - 0x00007ffb09ccb000 	C:\Windows\SYSTEM32\NTASN1.dll
0x00007ffad9a30000 - 0x00007ffad9a55000 	E:\Others\jdk-11.0.11\bin\sunec.dll
0x000001ac89260000 - 0x000001ac89263000 	E:\Others\Open JFX16\javafx-sdk-16\bin\api-ms-win-core-console-l1-1-0.dll
0x000001ac89270000 - 0x000001ac89273000 	E:\Others\Open JFX16\javafx-sdk-16\bin\api-ms-win-core-console-l1-2-0.dll
0x000001acab140000 - 0x000001acab143000 	E:\Others\Open JFX16\javafx-sdk-16\bin\api-ms-win-core-datetime-l1-1-0.dll
0x000001acab150000 - 0x000001acab153000 	E:\Others\Open JFX16\javafx-sdk-16\bin\api-ms-win-core-debug-l1-1-0.dll
0x000001acab160000 - 0x000001acab163000 	E:\Others\Open JFX16\javafx-sdk-16\bin\api-ms-win-core-errorhandling-l1-1-0.dll
0x000001acab170000 - 0x000001acab174000 	E:\Others\Open JFX16\javafx-sdk-16\bin\api-ms-win-core-file-l1-1-0.dll
0x000001acab180000 - 0x000001acab183000 	E:\Others\Open JFX16\javafx-sdk-16\bin\api-ms-win-core-file-l1-2-0.dll
0x000001acab190000 - 0x000001acab193000 	E:\Others\Open JFX16\javafx-sdk-16\bin\api-ms-win-core-file-l2-1-0.dll
0x000001acab1a0000 - 0x000001acab1a3000 	E:\Others\Open JFX16\javafx-sdk-16\bin\api-ms-win-core-handle-l1-1-0.dll
0x000001acab1b0000 - 0x000001acab1b3000 	E:\Others\Open JFX16\javafx-sdk-16\bin\api-ms-win-core-heap-l1-1-0.dll
0x000001acab1c0000 - 0x000001acab1c3000 	E:\Others\Open JFX16\javafx-sdk-16\bin\api-ms-win-core-interlocked-l1-1-0.dll
0x000001acab1d0000 - 0x000001acab1d3000 	E:\Others\Open JFX16\javafx-sdk-16\bin\api-ms-win-core-libraryloader-l1-1-0.dll
0x000001acab1e0000 - 0x000001acab1e3000 	E:\Others\Open JFX16\javafx-sdk-16\bin\api-ms-win-core-localization-l1-2-0.dll
0x000001acab1f0000 - 0x000001acab1f3000 	E:\Others\Open JFX16\javafx-sdk-16\bin\api-ms-win-core-memory-l1-1-0.dll
0x000001acab200000 - 0x000001acab203000 	E:\Others\Open JFX16\javafx-sdk-16\bin\api-ms-win-core-namedpipe-l1-1-0.dll
0x000001acab210000 - 0x000001acab213000 	E:\Others\Open JFX16\javafx-sdk-16\bin\api-ms-win-core-processenvironment-l1-1-0.dll
0x000001acab220000 - 0x000001acab223000 	E:\Others\Open JFX16\javafx-sdk-16\bin\api-ms-win-core-processthreads-l1-1-0.dll
0x000001acab230000 - 0x000001acab233000 	E:\Others\Open JFX16\javafx-sdk-16\bin\api-ms-win-core-processthreads-l1-1-1.dll
0x000001acab240000 - 0x000001acab243000 	E:\Others\Open JFX16\javafx-sdk-16\bin\api-ms-win-core-profile-l1-1-0.dll
0x000001acab250000 - 0x000001acab253000 	E:\Others\Open JFX16\javafx-sdk-16\bin\api-ms-win-core-rtlsupport-l1-1-0.dll
0x000001acab260000 - 0x000001acab263000 	E:\Others\Open JFX16\javafx-sdk-16\bin\api-ms-win-core-string-l1-1-0.dll
0x000001acab270000 - 0x000001acab273000 	E:\Others\Open JFX16\javafx-sdk-16\bin\api-ms-win-core-synch-l1-1-0.dll
0x000001acab280000 - 0x000001acab283000 	E:\Others\Open JFX16\javafx-sdk-16\bin\api-ms-win-core-synch-l1-2-0.dll
0x000001acab290000 - 0x000001acab293000 	E:\Others\Open JFX16\javafx-sdk-16\bin\api-ms-win-core-sysinfo-l1-1-0.dll
0x000001acab2a0000 - 0x000001acab2a3000 	E:\Others\Open JFX16\javafx-sdk-16\bin\api-ms-win-core-timezone-l1-1-0.dll
0x000001acab2b0000 - 0x000001acab2b3000 	E:\Others\Open JFX16\javafx-sdk-16\bin\api-ms-win-core-util-l1-1-0.dll
0x000001acab2c0000 - 0x000001acab2c3000 	E:\Others\Open JFX16\javafx-sdk-16\bin\api-ms-win-crt-conio-l1-1-0.dll
0x000001acab2d0000 - 0x000001acab2d4000 	E:\Others\Open JFX16\javafx-sdk-16\bin\api-ms-win-crt-convert-l1-1-0.dll
0x000001acab2e0000 - 0x000001acab2e3000 	E:\Others\Open JFX16\javafx-sdk-16\bin\api-ms-win-crt-environment-l1-1-0.dll
0x000001acab2f0000 - 0x000001acab2f3000 	E:\Others\Open JFX16\javafx-sdk-16\bin\api-ms-win-crt-filesystem-l1-1-0.dll
0x000001acab300000 - 0x000001acab303000 	E:\Others\Open JFX16\javafx-sdk-16\bin\api-ms-win-crt-heap-l1-1-0.dll
0x000001acab310000 - 0x000001acab313000 	E:\Others\Open JFX16\javafx-sdk-16\bin\api-ms-win-crt-locale-l1-1-0.dll
0x000001acab320000 - 0x000001acab325000 	E:\Others\Open JFX16\javafx-sdk-16\bin\api-ms-win-crt-math-l1-1-0.dll
0x000001acab330000 - 0x000001acab335000 	E:\Others\Open JFX16\javafx-sdk-16\bin\api-ms-win-crt-multibyte-l1-1-0.dll
0x000001acab340000 - 0x000001acab350000 	E:\Others\Open JFX16\javafx-sdk-16\bin\api-ms-win-crt-private-l1-1-0.dll
0x000001acab350000 - 0x000001acab353000 	E:\Others\Open JFX16\javafx-sdk-16\bin\api-ms-win-crt-process-l1-1-0.dll
0x000001acab360000 - 0x000001acab364000 	E:\Others\Open JFX16\javafx-sdk-16\bin\api-ms-win-crt-runtime-l1-1-0.dll
0x000001acab370000 - 0x000001acab374000 	E:\Others\Open JFX16\javafx-sdk-16\bin\api-ms-win-crt-stdio-l1-1-0.dll
0x000001acab380000 - 0x000001acab384000 	E:\Others\Open JFX16\javafx-sdk-16\bin\api-ms-win-crt-string-l1-1-0.dll
0x000001acab390000 - 0x000001acab393000 	E:\Others\Open JFX16\javafx-sdk-16\bin\api-ms-win-crt-time-l1-1-0.dll
0x000001acab3a0000 - 0x000001acab3a3000 	E:\Others\Open JFX16\javafx-sdk-16\bin\api-ms-win-crt-utility-l1-1-0.dll
0x00007ffad6030000 - 0x00007ffad612c000 	E:\Others\Open JFX16\javafx-sdk-16\bin\ucrtbase.dll
0x00007ffad9910000 - 0x00007ffad9929000 	E:\Others\Open JFX16\javafx-sdk-16\bin\vcruntime140.dll
0x00007ffb012a0000 - 0x00007ffb012ac000 	E:\Others\Open JFX16\javafx-sdk-16\bin\vcruntime140_1.dll
0x00007ffad58d0000 - 0x00007ffad5961000 	E:\Others\Open JFX16\javafx-sdk-16\bin\msvcp140.dll
0x00007ffad8020000 - 0x00007ffad8047000 	E:\Others\Open JFX16\javafx-sdk-16\bin\prism_d3d.dll
0x00007ffad2770000 - 0x00007ffad293f000 	C:\Windows\system32\d3d9.dll
0x00007ffb080e0000 - 0x00007ffb0810f000 	C:\Windows\SYSTEM32\dwmapi.dll
0x00007ffb07d30000 - 0x00007ffb07dce000 	C:\Windows\system32\uxtheme.dll
0x00007ffad4ad0000 - 0x00007ffad4c78000 	C:\Windows\System32\DriverStore\FileRepository\iigd_dch.inf_amd64_a934a9379f55edc8\igdumdim64.dll
0x00007ffb0c820000 - 0x00007ffb0c94a000 	C:\Windows\System32\ole32.dll
0x00007ffab9860000 - 0x00007ffabd47f000 	C:\Windows\System32\DriverStore\FileRepository\iigd_dch.inf_amd64_a934a9379f55edc8\igd9dxva64.dll
0x00007ffb0b290000 - 0x00007ffb0b35d000 	C:\Windows\System32\OLEAUT32.dll
0x00007ffb0b700000 - 0x00007ffb0bb6f000 	C:\Windows\System32\SETUPAPI.dll
0x00007ffb0a5a0000 - 0x00007ffb0a5ee000 	C:\Windows\System32\cfgmgr32.dll
0x00007ffafa4a0000 - 0x00007ffafa868000 	C:\Windows\System32\DriverStore\FileRepository\iigd_dch.inf_amd64_a934a9379f55edc8\igdgmm64.dll
0x00007ffad6b40000 - 0x00007ffad6b82000 	E:\Others\Open JFX16\javafx-sdk-16\bin\glass.dll
0x00007ffb0b620000 - 0x00007ffb0b6fb000 	C:\Windows\System32\COMDLG32.dll
0x00007ffb0b170000 - 0x00007ffb0b285000 	C:\Windows\System32\MSCTF.dll
0x00007ffacb770000 - 0x00007ffacb797000 	C:\Windows\System32\DriverStore\FileRepository\iigd_dch.inf_amd64_a934a9379f55edc8\igdinfo64.dll
0x00007ffaf6eb0000 - 0x00007ffafa496000 	C:\Windows\System32\DriverStore\FileRepository\iigd_dch.inf_amd64_a934a9379f55edc8\igc64.dll
0x00007ffb03d60000 - 0x00007ffb03d9b000 	C:\Windows\SYSTEM32\dxcore.dll
0x00007ffad7f90000 - 0x00007ffad7fa4000 	E:\Others\Open JFX16\javafx-sdk-16\bin\javafx_font.dll

dbghelp: loaded successfully - version: 4.0.5 - missing functions: none
symbol engine: initialized successfully - sym options: 0x614 - pdb path: .;E:\Others\jdk-11.0.11\bin;C:\Windows\SYSTEM32;C:\Windows\WinSxS\amd64_microsoft.windows.common-controls_6595b64144ccf1df_6.0.19041.1110_none_60b5254171f9507e;E:\Others\jdk-11.0.11\bin\server;E:\Others\Open JFX16\javafx-sdk-16\bin;C:\Windows\System32\DriverStore\FileRepository\iigd_dch.inf_amd64_a934a9379f55edc8

VM Arguments:
jvm_args: -agentlib:jdwp=transport=dt_socket,suspend=y,address=localhost:53910 --module-path=E:\Others\Open JFX16\javafx-sdk-16\lib --add-modules=javafx.controls,javafx.media -javaagent:C:\Users\prk\.eclipse\org.eclipse.platform_4.16.0_920333535_win32_win32_x86_64\configuration\org.eclipse.osgi\222\0\.cp\lib\javaagent-shaded.jar -Dfile.encoding=Cp1252 
java_command: Main
java_class_path (initial): E:\Others\openjfx-16_windows-x64_bin-sdk\javafx-sdk-16\lib\javafx.base.jar;E:\Others\openjfx-16_windows-x64_bin-sdk\javafx-sdk-16\lib\javafx.controls.jar;E:\Others\openjfx-16_windows-x64_bin-sdk\javafx-sdk-16\lib\javafx.fxml.jar;E:\Others\openjfx-16_windows-x64_bin-sdk\javafx-sdk-16\lib\javafx.graphics.jar;E:\Others\openjfx-16_windows-x64_bin-sdk\javafx-sdk-16\lib\javafx.media.jar;E:\Others\openjfx-16_windows-x64_bin-sdk\javafx-sdk-16\lib\javafx.swing.jar;E:\Others\openjfx-16_windows-x64_bin-sdk\javafx-sdk-16\lib\javafx.web.jar;E:\Others\openjfx-16_windows-x64_bin-sdk\javafx-sdk-16\lib\javafx-swt.jar;E:\Others\openjfx-16_windows-x64_bin-sdk\javafx-sdk-16\lib\jfxtras-labs-9.0-r1.jar;D:\JavaH1Core1\bin
Launcher Type: SUN_STANDARD

[Global flags]
     intx CICompilerCount                          = 3                                         {product} {ergonomic}
     uint ConcGCThreads                            = 1                                         {product} {ergonomic}
     uint G1ConcRefinementThreads                  = 4                                         {product} {ergonomic}
   size_t G1HeapRegionSize                         = 1048576                                   {product} {ergonomic}
    uintx GCDrainStackTargetSize                   = 64                                        {product} {ergonomic}
   size_t InitialHeapSize                          = 134217728                                 {product} {ergonomic}
   size_t MarkStackSize                            = 4194304                                   {product} {ergonomic}
   size_t MaxHeapSize                              = 2120220672                                {product} {ergonomic}
   size_t MaxNewSize                               = 1271922688                                {product} {ergonomic}
   size_t MinHeapDeltaBytes                        = 1048576                                   {product} {ergonomic}
    uintx NonNMethodCodeHeapSize                   = 5830732                                {pd product} {ergonomic}
    uintx NonProfiledCodeHeapSize                  = 122913754                              {pd product} {ergonomic}
    uintx ProfiledCodeHeapSize                     = 122913754                              {pd product} {ergonomic}
    uintx ReservedCodeCacheSize                    = 251658240                              {pd product} {ergonomic}
     bool SegmentedCodeCache                       = true                                      {product} {ergonomic}
     bool UseCompressedClassPointers               = true                                 {lp64_product} {ergonomic}
     bool UseCompressedOops                        = true                                 {lp64_product} {ergonomic}
     bool UseG1GC                                  = true                                      {product} {ergonomic}
     bool UseLargePagesIndividualAllocation        = false                                  {pd product} {ergonomic}

Logging:
Log output configuration:
 #0: stdout all=warning uptime,level,tags
 #1: stderr all=off uptime,level,tags

Environment Variables:
PATH=C:\Windows\Python\;C:\Windows\Python\;C:\Program Files (x86)\Common Files\Oracle\Java\javapath;C:\Anaconda3;C:\Anaconda3\Library\mingw-w64\bin;C:\Anaconda3\Library\bin;C:\Anaconda3\Scripts;C:\Anaconda2;C:\Anaconda2\Library\mingw-w64\bin;C:\Anaconda2\Library\bin;C:\Anaconda2\Scripts;C:\Windows\system32;C:\Windows;C:\Windows\System32\Wbem;C:\Windows\System32\WindowsPowerShell\v1.0\;C:\Windows\System32\OpenSSH\;C:\Users\root\AppData\Local\Microsoft\WindowsApps;C:\Program Files\glassfish5\bin;C:\Program Files\Git\cmd;C:\Users\root\AppData\Local\Microsoft\WindowsApps;C:\Program Files\Go\bin;C:\Users\root\AppData\Local\Microsoft\WindowsApps;C:\Program Files\MongoDB\Server\4.4\bin;C:\Users\root\AppData\Local\Microsoft\WindowsApps;C:\Program Files\MongoDB\Server\4.4\bin;C:\Program Files\nodejs\;C:\Users\root\AppData\Local\Microsoft\WindowsApps;C:\Users\root\AppData\Roaming\npm;C:\Program Files (x86)\Microsoft SQL Server\150\DTS\Binn\;C:\Program Files\Azure Data Studio\bin;C:\Program Files\Microsoft VS Code\bin;C:\Program Files (x86)\Microsoft SQL Server\110\DTS\Binn\;C:\Program Files (x86)\Microsoft SQL Server\120\DTS\Binn\;C:\Program Files (x86)\Microsoft SQL Server\130\DTS\Binn\;C:\Program Files (x86)\Microsoft SQL Server\150\Tools\Binn\;C:\Program Files\Microsoft SQL Server\150\Tools\Binn\;C:\Program Files\Microsoft SQL Server\150\DTS\Binn\;C:\Program Files\Microsoft SQL Server\Client SDK\ODBC\170\Tools\Binn\;C:\xampp\php;C:\ProgramData\ComposerSetup\bin;C:\xampp\php;C:\Program Files\glassfish5\bin;C:\Program Files\Go\bin;C:\Program Files\Microsoft SQL Server\140\Tools\Binn\;C:\Program Files\Python37\Scripts;C:\Users\prk\AppData\Local\Microsoft\WindowsApps;;C:\Anaconda3
USERNAME=prk
OS=Windows_NT
PROCESSOR_IDENTIFIER=Intel64 Family 6 Model 158 Stepping 9, GenuineIntel



---------------  S Y S T E M  ---------------

OS: Windows 10 , 64 bit Build 19041 (10.0.19041.1741)

CPU:total 4 (initial active 4) (4 cores per cpu, 1 threads per core) family 6 model 158 stepping 9 microcode 0xb4, cmov, cx8, fxsr, mmx, sse, sse2, sse3, ssse3, sse4.1, sse4.2, popcnt, avx, avx2, aes, clmul, erms, rtm, 3dnowpref, lzcnt, tsc, tscinvbit, bmi1, bmi2, adx, fma

Memory: 4k page, system-wide physical 8087M (700M free)
TotalPageFile size 14231M (AvailPageFile size 5M)
current process WorkingSet (physical memory assigned to process): 150M, peak: 150M
current process commit charge ("private bytes"): 260M, peak: 262M

vm_info: Java HotSpot(TM) 64-Bit Server VM (11.0.11+9-LTS-194) for windows-amd64 JRE (11.0.11+9-LTS-194), built on Mar 18 2021 18:46:53 by "mach5one" with MS VC++ 15.9 (VS2017)

END.
