#
# There is insufficient memory for the Java Runtime Environment to continue.
# Native memory allocation (malloc) failed to allocate 1048576 bytes for AllocateHeap
# Possible reasons:
#   The system is out of physical RAM or swap space
#   The process is running with CompressedOops enabled, and the Java Heap may be blocking the growth of the native heap
# Possible solutions:
#   Reduce memory load on the system
#   Increase physical memory or swap space
#   Check if swap backing store is full
#   Decrease Java heap size (-Xmx/-Xms)
#   Decrease number of Java threads
#   Decrease Java thread stack sizes (-Xss)
#   Set larger code cache with -XX:ReservedCodeCacheSize=
#   JVM is running with Unscaled Compressed Oops mode in which the Java heap is
#     placed in the first 4GB address space. The Java Heap base address is the
#     maximum limit for the native heap growth. Please use -XX:HeapBaseMinAddress
#     to set the Java Heap base and to place the Java Heap above 4GB virtual address.
# This output file may be truncated or incomplete.
#
#  Out of Memory Error (./open/src/hotspot/share/memory/allocation.cpp:46), pid=15048, tid=13860
#
# JRE version: Java(TM) SE Runtime Environment 18.9 (11.0.11+9) (build 11.0.11+9-LTS-194)
# Java VM: Java HotSpot(TM) 64-Bit Server VM 18.9 (11.0.11+9-LTS-194, mixed mode, tiered, compressed oops, g1 gc, windows-amd64)
# No core dump will be written. Minidumps are not enabled by default on client versions of Windows
#

---------------  S U M M A R Y ------------

Command Line: --module-path=E:\Others\Open JFX16\javafx-sdk-16\lib --add-modules=javafx.controls,javafx.media -Dfile.encoding=Cp1252 Main

Host: Intel(R) Core(TM) i5-7500T CPU @ 2.70GHz, 4 cores, 7G,  Windows 10 , 64 bit Build 19041 (10.0.19041.1741)
Time: Tue Jul 25 14:37:56 2023 SE Asia Standard Time elapsed time: 0.630964 seconds (0d 0h 0m 0s)

---------------  T H R E A D  ---------------

Current thread (0x0000016fa38ef800):  VMThread "VM Thread" [stack: 0x000000045d800000,0x000000045d900000] [id=13860]

Stack: [0x000000045d800000,0x000000045d900000]
[error occurred during error reporting (printing stack bounds), id 0xc0000005, EXCEPTION_ACCESS_VIOLATION (0xc0000005) at pc=0x0000016f8d150f2d]

Native frames: (J=compiled Java code, j=interpreted, Vv=VM code, C=native code)
V  [jvm.dll+0x616f2a]
V  [jvm.dll+0x74de7f]
V  [jvm.dll+0x74f505]
V  [jvm.dll+0x74fae5]
V  [jvm.dll+0x74fa9b]
V  [jvm.dll+0x616763]
V  [jvm.dll+0x616b28]
C  [ntdll.dll+0xa209f]
C  [ntdll.dll+0x51454]
C  [ntdll.dll+0xa0bce]
C  0x0000016f8d150f2d

VM_Operation (0x000000045e8f8500): CollectForMetadataAllocation, mode: safepoint, requested by thread 0x0000016fa4c8f000


---------------  P R O C E S S  ---------------

Threads class SMR info:
_java_thread_list=0x0000016fa49f5880, length=16, elements={
0x0000016f84c86000, 0x0000016fa3913800, 0x0000016fa391c800, 0x0000016fa392e800,
0x0000016fa3930800, 0x0000016fa393c800, 0x0000016fa3945000, 0x0000016fa3950000,
0x0000016fa38a8800, 0x0000016fa394b800, 0x0000016fa4697000, 0x0000016fa4b9b000,
0x0000016fa4941800, 0x0000016fa4c8f000, 0x0000016fa4a73000, 0x0000016fa5341000
}

Java Threads: ( => current thread )
  0x0000016f84c86000 JavaThread "main" [_thread_blocked, id=8976, stack(0x000000045d200000,0x000000045d300000)]
  0x0000016fa3913800 JavaThread "Reference Handler" daemon [_thread_blocked, id=4220, stack(0x000000045d900000,0x000000045da00000)]
  0x0000016fa391c800 JavaThread "Finalizer" daemon [_thread_blocked, id=8160, stack(0x000000045da00000,0x000000045db00000)]
  0x0000016fa392e800 JavaThread "Signal Dispatcher" daemon [_thread_blocked, id=14884, stack(0x000000045db00000,0x000000045dc00000)]
  0x0000016fa3930800 JavaThread "Attach Listener" daemon [_thread_blocked, id=1896, stack(0x000000045dc00000,0x000000045dd00000)]
  0x0000016fa393c800 JavaThread "C2 CompilerThread0" daemon [_thread_blocked, id=8720, stack(0x000000045dd00000,0x000000045de00000)]
  0x0000016fa3945000 JavaThread "C1 CompilerThread0" daemon [_thread_blocked, id=14420, stack(0x000000045de00000,0x000000045df00000)]
  0x0000016fa3950000 JavaThread "Sweeper thread" daemon [_thread_blocked, id=7492, stack(0x000000045df00000,0x000000045e000000)]
  0x0000016fa38a8800 JavaThread "Common-Cleaner" daemon [_thread_blocked, id=9644, stack(0x000000045e000000,0x000000045e100000)]
  0x0000016fa394b800 JavaThread "C2 CompilerThread1" daemon [_thread_blocked, id=7588, stack(0x000000045e100000,0x000000045e200000)]
  0x0000016fa4697000 JavaThread "Service Thread" daemon [_thread_blocked, id=12688, stack(0x000000045e200000,0x000000045e300000)]
  0x0000016fa4b9b000 JavaThread "QuantumRenderer-0" daemon [_thread_blocked, id=2480, stack(0x000000045e400000,0x000000045e500000)]
  0x0000016fa4941800 JavaThread "InvokeLaterDispatcher" daemon [_thread_blocked, id=14468, stack(0x000000045e700000,0x000000045e800000)]
  0x0000016fa4c8f000 JavaThread "JavaFX Application Thread" [_thread_blocked, id=9028, stack(0x000000045e800000,0x000000045e900000)]
  0x0000016fa4a73000 JavaThread "JavaFX-Launcher" [_thread_blocked, id=3304, stack(0x000000045ea00000,0x000000045eb00000)]
  0x0000016fa5341000 JavaThread "Thread-2" daemon [_thread_blocked, id=2604, stack(0x000000045e900000,0x000000045ea00000)]

Other Threads:
=>0x0000016fa38ef800 VMThread "VM Thread" [stack: 0x000000045d800000,0x000000045d900000] [id=13860]
  0x0000016fa48d1800 WatcherThread [stack: 0x000000045e300000,0x000000045e400000] [id=12860]
  0x0000016f84c9c000 GCTaskThread "GC Thread#0" [stack: 0x000000045d300000,0x000000045d400000] [id=9884]
  0x0000016fa493e800 GCTaskThread "GC Thread#1" [stack: 0x000000045e500000,0x000000045e600000] [id=14920]
  0x0000016fa48cb800 GCTaskThread "GC Thread#2" [stack: 0x000000045e600000,0x000000045e700000] [id=4408]
  0x0000016fa4a80000 GCTaskThread "GC Thread#3" [stack: 0x000000045eb00000,0x000000045ec00000] [id=9612]
  0x0000016f84cce800 ConcurrentGCThread "G1 Main Marker" [stack: 0x000000045d400000,0x000000045d500000] [id=10920]
  0x0000016f84cd0000 ConcurrentGCThread "G1 Conc#0" [stack: 0x000000045d500000,0x000000045d600000] [id=13492]
  0x0000016f84d65000 ConcurrentGCThread "G1 Refine#0" [stack: 0x000000045d600000,0x000000045d700000] [id=5288]
  0x0000016f84d67000 ConcurrentGCThread "G1 Young RemSet Sampling" [stack: 0x000000045d700000,0x000000045d800000] [id=14168]

Threads with active compile tasks:

VM state:at safepoint (normal execution)

VM Mutex/Monitor currently owned by a thread:  ([mutex/lock_event])
[0x0000016f84c82490] Threads_lock - owner thread: 0x0000016fa38ef800
[0x0000016f84c826d0] Heap_lock - owner thread: 0x0000016fa4c8f000

Heap address: 0x0000000081a00000, size: 2022 MB, Compressed Oops mode: 32-bit
Narrow klass base: 0x0000000000000000, Narrow klass shift: 3
Compressed class space size: 1073741824 Address: 0x0000000100000000

Heap:
 garbage-first heap   total 131072K, used 3215K [0x0000000081a00000, 0x0000000100000000)
  region size 1024K, 3 young (3072K), 3 survivors (3072K)
 Metaspace       used 12140K, capacity 12466K, committed 12544K, reserved 1069056K
  class space    used 1361K, capacity 1510K, committed 1536K, reserved 1048576K
Heap Regions: E=young(eden), S=young(survivor), O=old, HS=humongous(starts), HC=humongous(continues), CS=collection set, F=free, A=archive, TAMS=top-at-mark-start (previous, next)
|   0|0x0000000081a00000, 0x0000000081a93000, 0x0000000081b00000| 57%| O|  |TAMS 0x0000000081a00000, 0x0000000081a93000| Untracked 
|   1|0x0000000081b00000, 0x0000000081b00000, 0x0000000081c00000|  0%| F|  |TAMS 0x0000000081b00000, 0x0000000081b00000| Untracked 
|   2|0x0000000081c00000, 0x0000000081c00000, 0x0000000081d00000|  0%| F|  |TAMS 0x0000000081c00000, 0x0000000081c00000| Untracked 
|   3|0x0000000081d00000, 0x0000000081d00000, 0x0000000081e00000|  0%| F|  |TAMS 0x0000000081d00000, 0x0000000081d00000| Untracked 
|   4|0x0000000081e00000, 0x0000000081e00000, 0x0000000081f00000|  0%| F|  |TAMS 0x0000000081e00000, 0x0000000081e00000| Untracked 
|   5|0x0000000081f00000, 0x0000000081f00000, 0x0000000082000000|  0%| F|  |TAMS 0x0000000081f00000, 0x0000000081f00000| Untracked 
|   6|0x0000000082000000, 0x0000000082000000, 0x0000000082100000|  0%| F|  |TAMS 0x0000000082000000, 0x0000000082000000| Untracked 
|   7|0x0000000082100000, 0x0000000082100000, 0x0000000082200000|  0%| F|  |TAMS 0x0000000082100000, 0x0000000082100000| Untracked 
|   8|0x0000000082200000, 0x0000000082200000, 0x0000000082300000|  0%| F|  |TAMS 0x0000000082200000, 0x0000000082200000| Untracked 
|   9|0x0000000082300000, 0x0000000082300000, 0x0000000082400000|  0%| F|  |TAMS 0x0000000082300000, 0x0000000082300000| Untracked 
|  10|0x0000000082400000, 0x0000000082400000, 0x0000000082500000|  0%| F|  |TAMS 0x0000000082400000, 0x0000000082400000| Untracked 
|  11|0x0000000082500000, 0x0000000082500000, 0x0000000082600000|  0%| F|  |TAMS 0x0000000082500000, 0x0000000082500000| Untracked 
|  12|0x0000000082600000, 0x0000000082600000, 0x0000000082700000|  0%| F|  |TAMS 0x0000000082600000, 0x0000000082600000| Untracked 
|  13|0x0000000082700000, 0x0000000082700000, 0x0000000082800000|  0%| F|  |TAMS 0x0000000082700000, 0x0000000082700000| Untracked 
|  14|0x0000000082800000, 0x0000000082800000, 0x0000000082900000|  0%| F|  |TAMS 0x0000000082800000, 0x0000000082800000| Untracked 
|  15|0x0000000082900000, 0x0000000082900000, 0x0000000082a00000|  0%| F|  |TAMS 0x0000000082900000, 0x0000000082900000| Untracked 
|  16|0x0000000082a00000, 0x0000000082a00000, 0x0000000082b00000|  0%| F|  |TAMS 0x0000000082a00000, 0x0000000082a00000| Untracked 
|  17|0x0000000082b00000, 0x0000000082b00000, 0x0000000082c00000|  0%| F|  |TAMS 0x0000000082b00000, 0x0000000082b00000| Untracked 
|  18|0x0000000082c00000, 0x0000000082c00000, 0x0000000082d00000|  0%| F|  |TAMS 0x0000000082c00000, 0x0000000082c00000| Untracked 
|  19|0x0000000082d00000, 0x0000000082d00000, 0x0000000082e00000|  0%| F|  |TAMS 0x0000000082d00000, 0x0000000082d00000| Untracked 
|  20|0x0000000082e00000, 0x0000000082e00000, 0x0000000082f00000|  0%| F|  |TAMS 0x0000000082e00000, 0x0000000082e00000| Untracked 
|  21|0x0000000082f00000, 0x0000000082f00000, 0x0000000083000000|  0%| F|  |TAMS 0x0000000082f00000, 0x0000000082f00000| Untracked 
|  22|0x0000000083000000, 0x0000000083000000, 0x0000000083100000|  0%| F|  |TAMS 0x0000000083000000, 0x0000000083000000| Untracked 
|  23|0x0000000083100000, 0x0000000083100000, 0x0000000083200000|  0%| F|  |TAMS 0x0000000083100000, 0x0000000083100000| Untracked 
|  24|0x0000000083200000, 0x0000000083200000, 0x0000000083300000|  0%| F|  |TAMS 0x0000000083200000, 0x0000000083200000| Untracked 
|  25|0x0000000083300000, 0x0000000083300000, 0x0000000083400000|  0%| F|  |TAMS 0x0000000083300000, 0x0000000083300000| Untracked 
|  26|0x0000000083400000, 0x0000000083400000, 0x0000000083500000|  0%| F|  |TAMS 0x0000000083400000, 0x0000000083400000| Untracked 
|  27|0x0000000083500000, 0x0000000083500000, 0x0000000083600000|  0%| F|  |TAMS 0x0000000083500000, 0x0000000083500000| Untracked 
|  28|0x0000000083600000, 0x0000000083600000, 0x0000000083700000|  0%| F|  |TAMS 0x0000000083600000, 0x0000000083600000| Untracked 
|  29|0x0000000083700000, 0x0000000083700000, 0x0000000083800000|  0%| F|  |TAMS 0x0000000083700000, 0x0000000083700000| Untracked 
|  30|0x0000000083800000, 0x0000000083800000, 0x0000000083900000|  0%| F|  |TAMS 0x0000000083800000, 0x0000000083800000| Untracked 
|  31|0x0000000083900000, 0x0000000083900000, 0x0000000083a00000|  0%| F|  |TAMS 0x0000000083900000, 0x0000000083900000| Untracked 
|  32|0x0000000083a00000, 0x0000000083a00000, 0x0000000083b00000|  0%| F|  |TAMS 0x0000000083a00000, 0x0000000083a00000| Untracked 
|  33|0x0000000083b00000, 0x0000000083b00000, 0x0000000083c00000|  0%| F|  |TAMS 0x0000000083b00000, 0x0000000083b00000| Untracked 
|  34|0x0000000083c00000, 0x0000000083c00000, 0x0000000083d00000|  0%| F|  |TAMS 0x0000000083c00000, 0x0000000083c00000| Untracked 
|  35|0x0000000083d00000, 0x0000000083d00000, 0x0000000083e00000|  0%| F|  |TAMS 0x0000000083d00000, 0x0000000083d00000| Untracked 
|  36|0x0000000083e00000, 0x0000000083e00000, 0x0000000083f00000|  0%| F|  |TAMS 0x0000000083e00000, 0x0000000083e00000| Untracked 
|  37|0x0000000083f00000, 0x0000000083f00000, 0x0000000084000000|  0%| F|  |TAMS 0x0000000083f00000, 0x0000000083f00000| Untracked 
|  38|0x0000000084000000, 0x0000000084000000, 0x0000000084100000|  0%| F|  |TAMS 0x0000000084000000, 0x0000000084000000| Untracked 
|  39|0x0000000084100000, 0x0000000084100000, 0x0000000084200000|  0%| F|  |TAMS 0x0000000084100000, 0x0000000084100000| Untracked 
|  40|0x0000000084200000, 0x0000000084200000, 0x0000000084300000|  0%| F|  |TAMS 0x0000000084200000, 0x0000000084200000| Untracked 
|  41|0x0000000084300000, 0x0000000084300000, 0x0000000084400000|  0%| F|  |TAMS 0x0000000084300000, 0x0000000084300000| Untracked 
|  42|0x0000000084400000, 0x0000000084400000, 0x0000000084500000|  0%| F|  |TAMS 0x0000000084400000, 0x0000000084400000| Untracked 
|  43|0x0000000084500000, 0x0000000084500000, 0x0000000084600000|  0%| F|  |TAMS 0x0000000084500000, 0x0000000084500000| Untracked 
|  44|0x0000000084600000, 0x0000000084600000, 0x0000000084700000|  0%| F|  |TAMS 0x0000000084600000, 0x0000000084600000| Untracked 
|  45|0x0000000084700000, 0x0000000084700000, 0x0000000084800000|  0%| F|  |TAMS 0x0000000084700000, 0x0000000084700000| Untracked 
|  46|0x0000000084800000, 0x0000000084800000, 0x0000000084900000|  0%| F|  |TAMS 0x0000000084800000, 0x0000000084800000| Untracked 
|  47|0x0000000084900000, 0x0000000084900000, 0x0000000084a00000|  0%| F|  |TAMS 0x0000000084900000, 0x0000000084900000| Untracked 
|  48|0x0000000084a00000, 0x0000000084a00000, 0x0000000084b00000|  0%| F|  |TAMS 0x0000000084a00000, 0x0000000084a00000| Untracked 
|  49|0x0000000084b00000, 0x0000000084b00000, 0x0000000084c00000|  0%| F|  |TAMS 0x0000000084b00000, 0x0000000084b00000| Untracked 
|  50|0x0000000084c00000, 0x0000000084c00000, 0x0000000084d00000|  0%| F|  |TAMS 0x0000000084c00000, 0x0000000084c00000| Untracked 
|  51|0x0000000084d00000, 0x0000000084d00000, 0x0000000084e00000|  0%| F|  |TAMS 0x0000000084d00000, 0x0000000084d00000| Untracked 
|  52|0x0000000084e00000, 0x0000000084e00000, 0x0000000084f00000|  0%| F|  |TAMS 0x0000000084e00000, 0x0000000084e00000| Untracked 
|  53|0x0000000084f00000, 0x0000000084f00000, 0x0000000085000000|  0%| F|  |TAMS 0x0000000084f00000, 0x0000000084f00000| Untracked 
|  54|0x0000000085000000, 0x0000000085000000, 0x0000000085100000|  0%| F|  |TAMS 0x0000000085000000, 0x0000000085000000| Untracked 
|  55|0x0000000085100000, 0x0000000085100000, 0x0000000085200000|  0%| F|  |TAMS 0x0000000085100000, 0x0000000085100000| Untracked 
|  56|0x0000000085200000, 0x0000000085200000, 0x0000000085300000|  0%| F|  |TAMS 0x0000000085200000, 0x0000000085200000| Untracked 
|  57|0x0000000085300000, 0x0000000085300000, 0x0000000085400000|  0%| F|  |TAMS 0x0000000085300000, 0x0000000085300000| Untracked 
|  58|0x0000000085400000, 0x0000000085400000, 0x0000000085500000|  0%| F|  |TAMS 0x0000000085400000, 0x0000000085400000| Untracked 
|  59|0x0000000085500000, 0x0000000085500000, 0x0000000085600000|  0%| F|  |TAMS 0x0000000085500000, 0x0000000085500000| Untracked 
|  60|0x0000000085600000, 0x0000000085600000, 0x0000000085700000|  0%| F|  |TAMS 0x0000000085600000, 0x0000000085600000| Untracked 
|  61|0x0000000085700000, 0x0000000085700000, 0x0000000085800000|  0%| F|  |TAMS 0x0000000085700000, 0x0000000085700000| Untracked 
|  62|0x0000000085800000, 0x0000000085800000, 0x0000000085900000|  0%| F|  |TAMS 0x0000000085800000, 0x0000000085800000| Untracked 
|  63|0x0000000085900000, 0x0000000085900000, 0x0000000085a00000|  0%| F|  |TAMS 0x0000000085900000, 0x0000000085900000| Untracked 
|  64|0x0000000085a00000, 0x0000000085a00000, 0x0000000085b00000|  0%| F|  |TAMS 0x0000000085a00000, 0x0000000085a00000| Untracked 
|  65|0x0000000085b00000, 0x0000000085b00000, 0x0000000085c00000|  0%| F|  |TAMS 0x0000000085b00000, 0x0000000085b00000| Untracked 
|  66|0x0000000085c00000, 0x0000000085c00000, 0x0000000085d00000|  0%| F|  |TAMS 0x0000000085c00000, 0x0000000085c00000| Untracked 
|  67|0x0000000085d00000, 0x0000000085d00000, 0x0000000085e00000|  0%| F|  |TAMS 0x0000000085d00000, 0x0000000085d00000| Untracked 
|  68|0x0000000085e00000, 0x0000000085e00000, 0x0000000085f00000|  0%| F|  |TAMS 0x0000000085e00000, 0x0000000085e00000| Untracked 
|  69|0x0000000085f00000, 0x0000000085f00000, 0x0000000086000000|  0%| F|  |TAMS 0x0000000085f00000, 0x0000000085f00000| Untracked 
|  70|0x0000000086000000, 0x0000000086000000, 0x0000000086100000|  0%| F|  |TAMS 0x0000000086000000, 0x0000000086000000| Untracked 
|  71|0x0000000086100000, 0x0000000086100000, 0x0000000086200000|  0%| F|  |TAMS 0x0000000086100000, 0x0000000086100000| Untracked 
|  72|0x0000000086200000, 0x0000000086200000, 0x0000000086300000|  0%| F|  |TAMS 0x0000000086200000, 0x0000000086200000| Untracked 
|  73|0x0000000086300000, 0x0000000086300000, 0x0000000086400000|  0%| F|  |TAMS 0x0000000086300000, 0x0000000086300000| Untracked 
|  74|0x0000000086400000, 0x0000000086400000, 0x0000000086500000|  0%| F|  |TAMS 0x0000000086400000, 0x0000000086400000| Untracked 
|  75|0x0000000086500000, 0x0000000086500000, 0x0000000086600000|  0%| F|  |TAMS 0x0000000086500000, 0x0000000086500000| Untracked 
|  76|0x0000000086600000, 0x0000000086600000, 0x0000000086700000|  0%| F|  |TAMS 0x0000000086600000, 0x0000000086600000| Untracked 
|  77|0x0000000086700000, 0x0000000086700000, 0x0000000086800000|  0%| F|  |TAMS 0x0000000086700000, 0x0000000086700000| Untracked 
|  78|0x0000000086800000, 0x0000000086800000, 0x0000000086900000|  0%| F|  |TAMS 0x0000000086800000, 0x0000000086800000| Untracked 
|  79|0x0000000086900000, 0x0000000086900000, 0x0000000086a00000|  0%| F|  |TAMS 0x0000000086900000, 0x0000000086900000| Untracked 
|  80|0x0000000086a00000, 0x0000000086a00000, 0x0000000086b00000|  0%| F|  |TAMS 0x0000000086a00000, 0x0000000086a00000| Untracked 
|  81|0x0000000086b00000, 0x0000000086b00000, 0x0000000086c00000|  0%| F|  |TAMS 0x0000000086b00000, 0x0000000086b00000| Untracked 
|  82|0x0000000086c00000, 0x0000000086c00000, 0x0000000086d00000|  0%| F|  |TAMS 0x0000000086c00000, 0x0000000086c00000| Untracked 
|  83|0x0000000086d00000, 0x0000000086d00000, 0x0000000086e00000|  0%| F|  |TAMS 0x0000000086d00000, 0x0000000086d00000| Untracked 
|  84|0x0000000086e00000, 0x0000000086e00000, 0x0000000086f00000|  0%| F|  |TAMS 0x0000000086e00000, 0x0000000086e00000| Untracked 
|  85|0x0000000086f00000, 0x0000000086f00000, 0x0000000087000000|  0%| F|  |TAMS 0x0000000086f00000, 0x0000000086f00000| Untracked 
|  86|0x0000000087000000, 0x0000000087000000, 0x0000000087100000|  0%| F|  |TAMS 0x0000000087000000, 0x0000000087000000| Untracked 
|  87|0x0000000087100000, 0x0000000087100000, 0x0000000087200000|  0%| F|  |TAMS 0x0000000087100000, 0x0000000087100000| Untracked 
|  88|0x0000000087200000, 0x0000000087200000, 0x0000000087300000|  0%| F|  |TAMS 0x0000000087200000, 0x0000000087200000| Untracked 
|  89|0x0000000087300000, 0x0000000087300000, 0x0000000087400000|  0%| F|  |TAMS 0x0000000087300000, 0x0000000087300000| Untracked 
|  90|0x0000000087400000, 0x0000000087400000, 0x0000000087500000|  0%| F|  |TAMS 0x0000000087400000, 0x0000000087400000| Untracked 
|  91|0x0000000087500000, 0x0000000087500000, 0x0000000087600000|  0%| F|  |TAMS 0x0000000087500000, 0x0000000087500000| Untracked 
|  92|0x0000000087600000, 0x0000000087600000, 0x0000000087700000|  0%| F|  |TAMS 0x0000000087600000, 0x0000000087600000| Untracked 
|  93|0x0000000087700000, 0x0000000087700000, 0x0000000087800000|  0%| F|  |TAMS 0x0000000087700000, 0x0000000087700000| Untracked 
|  94|0x0000000087800000, 0x0000000087800000, 0x0000000087900000|  0%| F|  |TAMS 0x0000000087800000, 0x0000000087800000| Untracked 
|  95|0x0000000087900000, 0x0000000087900000, 0x0000000087a00000|  0%| F|  |TAMS 0x0000000087900000, 0x0000000087900000| Untracked 
|  96|0x0000000087a00000, 0x0000000087a00000, 0x0000000087b00000|  0%| F|  |TAMS 0x0000000087a00000, 0x0000000087a00000| Untracked 
|  97|0x0000000087b00000, 0x0000000087b00000, 0x0000000087c00000|  0%| F|  |TAMS 0x0000000087b00000, 0x0000000087b00000| Untracked 
|  98|0x0000000087c00000, 0x0000000087c00000, 0x0000000087d00000|  0%| F|  |TAMS 0x0000000087c00000, 0x0000000087c00000| Untracked 
|  99|0x0000000087d00000, 0x0000000087d00000, 0x0000000087e00000|  0%| F|  |TAMS 0x0000000087d00000, 0x0000000087d00000| Untracked 
| 100|0x0000000087e00000, 0x0000000087e00000, 0x0000000087f00000|  0%| F|  |TAMS 0x0000000087e00000, 0x0000000087e00000| Untracked 
| 101|0x0000000087f00000, 0x0000000087f00000, 0x0000000088000000|  0%| F|  |TAMS 0x0000000087f00000, 0x0000000087f00000| Untracked 
| 102|0x0000000088000000, 0x0000000088000000, 0x0000000088100000|  0%| F|  |TAMS 0x0000000088000000, 0x0000000088000000| Untracked 
| 103|0x0000000088100000, 0x0000000088100000, 0x0000000088200000|  0%| F|  |TAMS 0x0000000088100000, 0x0000000088100000| Untracked 
| 104|0x0000000088200000, 0x0000000088200000, 0x0000000088300000|  0%| F|  |TAMS 0x0000000088200000, 0x0000000088200000| Untracked 
| 105|0x0000000088300000, 0x0000000088300000, 0x0000000088400000|  0%| F|  |TAMS 0x0000000088300000, 0x0000000088300000| Untracked 
| 106|0x0000000088400000, 0x0000000088400000, 0x0000000088500000|  0%| F|  |TAMS 0x0000000088400000, 0x0000000088400000| Untracked 
| 107|0x0000000088500000, 0x0000000088500000, 0x0000000088600000|  0%| F|  |TAMS 0x0000000088500000, 0x0000000088500000| Untracked 
| 108|0x0000000088600000, 0x0000000088600000, 0x0000000088700000|  0%| F|  |TAMS 0x0000000088600000, 0x0000000088600000| Untracked 
| 109|0x0000000088700000, 0x0000000088700000, 0x0000000088800000|  0%| F|  |TAMS 0x0000000088700000, 0x0000000088700000| Untracked 
| 110|0x0000000088800000, 0x0000000088800000, 0x0000000088900000|  0%| F|  |TAMS 0x0000000088800000, 0x0000000088800000| Untracked 
| 111|0x0000000088900000, 0x0000000088990e10, 0x0000000088a00000| 56%| S|CS|TAMS 0x0000000088900000, 0x0000000088900000| Complete 
| 112|0x0000000088a00000, 0x0000000088a00000, 0x0000000088b00000|  0%| F|  |TAMS 0x0000000088a00000, 0x0000000088a00000| Untracked 
| 113|0x0000000088b00000, 0x0000000088b00000, 0x0000000088c00000|  0%| F|  |TAMS 0x0000000088b00000, 0x0000000088b00000| Untracked 
| 114|0x0000000088c00000, 0x0000000088d00000, 0x0000000088d00000|100%| S|CS|TAMS 0x0000000088c00000, 0x0000000088c00000| Complete 
| 115|0x0000000088d00000, 0x0000000088e00000, 0x0000000088e00000|100%| S|CS|TAMS 0x0000000088d00000, 0x0000000088d00000| Complete 
| 116|0x0000000088e00000, 0x0000000088e00000, 0x0000000088f00000|  0%| F|  |TAMS 0x0000000088e00000, 0x0000000088e00000| Untracked 
| 117|0x0000000088f00000, 0x0000000088f00000, 0x0000000089000000|  0%| F|  |TAMS 0x0000000088f00000, 0x0000000088f00000| Untracked 
| 118|0x0000000089000000, 0x0000000089000000, 0x0000000089100000|  0%| F|  |TAMS 0x0000000089000000, 0x0000000089000000| Untracked 
| 119|0x0000000089100000, 0x0000000089100000, 0x0000000089200000|  0%| F|  |TAMS 0x0000000089100000, 0x0000000089100000| Untracked 
| 120|0x0000000089200000, 0x0000000089200000, 0x0000000089300000|  0%| F|  |TAMS 0x0000000089200000, 0x0000000089200000| Untracked 
| 121|0x0000000089300000, 0x0000000089300000, 0x0000000089400000|  0%| F|  |TAMS 0x0000000089300000, 0x0000000089300000| Untracked 
| 122|0x0000000089400000, 0x0000000089400000, 0x0000000089500000|  0%| F|  |TAMS 0x0000000089400000, 0x0000000089400000| Untracked 
| 123|0x0000000089500000, 0x0000000089500000, 0x0000000089600000|  0%| F|  |TAMS 0x0000000089500000, 0x0000000089500000| Untracked 
| 124|0x0000000089600000, 0x0000000089600000, 0x0000000089700000|  0%| F|  |TAMS 0x0000000089600000, 0x0000000089600000| Untracked 
| 125|0x0000000089700000, 0x0000000089700000, 0x0000000089800000|  0%| F|  |TAMS 0x0000000089700000, 0x0000000089700000| Untracked 
| 126|0x0000000089800000, 0x0000000089800000, 0x0000000089900000|  0%| F|  |TAMS 0x0000000089800000, 0x0000000089800000| Untracked 
| 127|0x0000000089900000, 0x0000000089900000, 0x0000000089a00000|  0%| F|  |TAMS 0x0000000089900000, 0x0000000089900000| Untracked 

Card table byte_map: [0x0000016f9cb90000,0x0000016f9cf90000] _byte_map_base: 0x0000016f9c783000

Marking Bits (Prev, Next): (CMBitMap*) 0x0000016f84cc5b78, (CMBitMap*) 0x0000016f84cc5bb0
 Prev Bits: [0x0000016f9d390000, 0x0000016f9f328000)
 Next Bits: [0x0000016f9f330000, 0x0000016fa12c8000)

Polling page: 0x0000016f832f0000

Metaspace:

Usage:
  Non-class:     10.70 MB capacity,    10.53 MB ( 98%) used,   139.09 KB (  1%) free+waste,    37.88 KB ( <1%) overhead. 
      Class:      1.47 MB capacity,     1.33 MB ( 90%) used,   129.20 KB (  9%) free+waste,    19.56 KB (  1%) overhead. 
       Both:     12.17 MB capacity,    11.86 MB ( 97%) used,   268.29 KB (  2%) free+waste,    57.44 KB ( <1%) overhead. 

Virtual space:
  Non-class space:       20.00 MB reserved,      10.75 MB ( 54%) committed 
      Class space:        1.00 GB reserved,       1.50 MB ( <1%) committed 
             Both:        1.02 GB reserved,      12.25 MB (  1%) committed 

Chunk freelists:
   Non-Class:  6.50 KB
       Class:  0 bytes
        Both:  6.50 KB

CodeHeap 'non-profiled nmethods': size=120064Kb used=340Kb max_used=340Kb free=119723Kb
 bounds [0x0000016f94c10000, 0x0000016f94e80000, 0x0000016f9c150000]
CodeHeap 'profiled nmethods': size=120000Kb used=1693Kb max_used=1693Kb free=118306Kb
 bounds [0x0000016f8d6e0000, 0x0000016f8d950000, 0x0000016f94c10000]
CodeHeap 'non-nmethods': size=5696Kb used=1143Kb max_used=1155Kb free=4552Kb
 bounds [0x0000016f8d150000, 0x0000016f8d3c0000, 0x0000016f8d6e0000]
 total_blobs=1517 nmethods=1036 adapters=393
 compilation: enabled
              stopped_count=0, restarted_count=0
 full_count=0

Compilation events (10 events):
Event: 0.593 Thread 0x0000016fa3945000 1026   !   3       java.lang.invoke.ClassSpecializer$Factory::findGetter (41 bytes)
Event: 0.593 Thread 0x0000016fa393c800 1029       4       java.lang.AbstractStringBuilder::<init> (39 bytes)
Event: 0.593 Thread 0x0000016fa3945000 nmethod 1026 0x0000016f8d885510 code [0x0000016f8d885720, 0x0000016f8d885d88]
Event: 0.593 Thread 0x0000016fa3945000 1028       3       java.util.Arrays$ArrayList::size (6 bytes)
Event: 0.593 Thread 0x0000016fa3945000 nmethod 1028 0x0000016f8d886010 code [0x0000016f8d8861a0, 0x0000016f8d8862b8]
Event: 0.594 Thread 0x0000016fa394b800 1031       4       java.lang.StringBuilder::<init> (7 bytes)
Event: 0.595 Thread 0x0000016fa393c800 nmethod 1029 0x0000016f94c64610 code [0x0000016f94c647a0, 0x0000016f94c64998]
Event: 0.595 Thread 0x0000016fa394b800 nmethod 1031 0x0000016f94c64c90 code [0x0000016f94c64e20, 0x0000016f94c64fd8]
Event: 0.599 Thread 0x0000016fa3945000 1036       3       java.lang.ClassLoader::checkPackageAccess (102 bytes)
Event: 0.599 Thread 0x0000016fa3945000 nmethod 1036 0x0000016f8d886390 code [0x0000016f8d886620, 0x0000016f8d887108]

GC Heap History (4 events):
Event: 0.426 GC heap before
{Heap before GC invocations=0 (full 0):
 garbage-first heap   total 131072K, used 13312K [0x0000000081a00000, 0x0000000100000000)
  region size 1024K, 14 young (14336K), 0 survivors (0K)
 Metaspace       used 8802K, capacity 9094K, committed 9216K, reserved 1056768K
  class space    used 874K, capacity 996K, committed 1024K, reserved 1048576K
}
Event: 0.429 GC heap after
{Heap after GC invocations=1 (full 0):
 garbage-first heap   total 131072K, used 2636K [0x0000000081a00000, 0x0000000100000000)
  region size 1024K, 2 young (2048K), 2 survivors (2048K)
 Metaspace       used 8802K, capacity 9094K, committed 9216K, reserved 1056768K
  class space    used 874K, capacity 996K, committed 1024K, reserved 1048576K
}
Event: 0.623 GC heap before
{Heap before GC invocations=1 (full 0):
 garbage-first heap   total 131072K, used 12876K [0x0000000081a00000, 0x0000000100000000)
  region size 1024K, 14 young (14336K), 2 survivors (2048K)
 Metaspace       used 12140K, capacity 12466K, committed 12544K, reserved 1067008K
  class space    used 1361K, capacity 1510K, committed 1536K, reserved 1048576K
}
Event: 0.628 GC heap after
{Heap after GC invocations=2 (full 0):
 garbage-first heap   total 131072K, used 3215K [0x0000000081a00000, 0x0000000100000000)
  region size 1024K, 3 young (3072K), 3 survivors (3072K)
 Metaspace       used 12140K, capacity 12466K, committed 12544K, reserved 1067008K
  class space    used 1361K, capacity 1510K, committed 1536K, reserved 1048576K
}

Deoptimization events (4 events):
Event: 0.183 Thread 0x0000016f84c86000 Uncommon trap: reason=unstable_if action=reinterpret pc=0x0000016f94c22dac method=java.util.ImmutableCollections$SetN.probe(Ljava/lang/Object;)I @ 34 c2
Event: 0.197 Thread 0x0000016f84c86000 Uncommon trap: reason=unstable_if action=reinterpret pc=0x0000016f94c15210 method=java.lang.String.isLatin1()Z @ 10 c2
Event: 0.205 Thread 0x0000016f84c86000 Uncommon trap: reason=unstable_if action=reinterpret pc=0x0000016f94c246f8 method=java.lang.String.substring(II)Ljava/lang/String; @ 22 c2
Event: 0.504 Thread 0x0000016f84c86000 Uncommon trap: reason=unstable_if action=reinterpret pc=0x0000016f94c4ea30 method=jdk.internal.org.objectweb.asm.Type.getArgumentsAndReturnSizes(Ljava/lang/String;)I @ 88 c2

Classes redefined (0 events):
No events

Internal exceptions (10 events):
Event: 0.552 Thread 0x0000016fa4c8f000 Exception <a 'java/lang/NoSuchMethodError'{0x00000000892de428}: java.lang.invoke.DirectMethodHandle$Holder.invokeSpecial(Ljava/lang/Object;Ljava/lang/Object;Ljava/lang/Object;Ljava/lang/Object;Ljava/lang/Object;)V> (0x00000000892de428) thrown at [./open/s
Event: 0.569 Thread 0x0000016fa4c8f000 Exception <a 'java/lang/NoSuchMethodError'{0x0000000089007ec8}: java.lang.invoke.DirectMethodHandle$Holder.invokeStatic(Ljava/lang/Object;Ljava/lang/Object;Ljava/lang/Object;Ljava/lang/Object;Ljava/lang/Object;Ljava/lang/Object;Ljava/lang/Object;Ljava/lan
Event: 0.570 Thread 0x0000016fa4c8f000 Exception <a 'java/lang/NoSuchMethodError'{0x0000000089025e20}: java.lang.invoke.DirectMethodHandle$Holder.invokeStatic(Ljava/lang/Object;Ljava/lang/Object;Ljava/lang/Object;Ljava/lang/Object;Ljava/lang/Object;Ljava/lang/Object;Ljava/lang/Object;Ljava/lan
Event: 0.571 Thread 0x0000016fa4c8f000 Exception <a 'java/lang/NoSuchMethodError'{0x0000000089044ba8}: java.lang.invoke.DirectMethodHandle$Holder.invokeStatic(Ljava/lang/Object;Ljava/lang/Object;Ljava/lang/Object;Ljava/lang/Object;Ljava/lang/Object;Ljava/lang/Object;Ljava/lang/Object;Ljava/lan
Event: 0.572 Thread 0x0000016fa4c8f000 Exception <a 'java/lang/NoSuchMethodError'{0x0000000089065198}: java.lang.invoke.DirectMethodHandle$Holder.invokeStatic(Ljava/lang/Object;Ljava/lang/Object;Ljava/lang/Object;Ljava/lang/Object;Ljava/lang/Object;Ljava/lang/Object;Ljava/lang/Object;Ljava/lan
Event: 0.589 Thread 0x0000016fa4c8f000 Exception <a 'java/lang/NoSuchMethodError'{0x0000000088fa2400}: java.lang.invoke.DirectMethodHandle$Holder.invokeStatic(Ljava/lang/Object;Ljava/lang/Object;Ljava/lang/Object;Ljava/lang/Object;Ljava/lang/Object;Ljava/lang/Object;Ljava/lang/Object;Ljava/lan
Event: 0.590 Thread 0x0000016fa4c8f000 Exception <a 'java/lang/NoSuchMethodError'{0x0000000088fb0160}: java.lang.invoke.DirectMethodHandle$Holder.invokeStatic(Ljava/lang/Object;Ljava/lang/Object;Ljava/lang/Object;Ljava/lang/Object;Ljava/lang/Object;Ljava/lang/Object;Ljava/lang/Object;Ljava/lan
Event: 0.591 Thread 0x0000016fa4c8f000 Exception <a 'java/lang/NoSuchMethodError'{0x0000000088fbddc8}: java.lang.invoke.DirectMethodHandle$Holder.invokeSpecial(Ljava/lang/Object;Ljava/lang/Object;IILjava/lang/Object;Ljava/lang/Object;Ljava/lang/Object;)Ljava/lang/Object;> (0x0000000088fbddc8) 
Event: 0.591 Thread 0x0000016fa4c8f000 Exception <a 'java/lang/NoSuchMethodError'{0x0000000088fc1350}: java.lang.invoke.DelegatingMethodHandle$Holder.reinvoke_L(Ljava/lang/Object;IILjava/lang/Object;Ljava/lang/Object;Ljava/lang/Object;)Ljava/lang/Object;> (0x0000000088fc1350) thrown at [./open
Event: 0.591 Thread 0x0000016fa4c8f000 Exception <a 'java/lang/NoSuchMethodError'{0x0000000088fc54d8}: java.lang.invoke.DirectMethodHandle$Holder.invokeStatic(Ljava/lang/Object;Ljava/lang/Object;Ljava/lang/Object;Ljava/lang/Object;I)Ljava/lang/Object;> (0x0000000088fc54d8) thrown at [./open/sr

Events (10 events):
Event: 0.599 loading class java/net/URLConnection done
Event: 0.599 loading class java/net/JarURLConnection done
Event: 0.599 loading class sun/net/www/protocol/jar/JarURLConnection done
Event: 0.599 loading class sun/net/www/protocol/jar/JarFileFactory
Event: 0.599 loading class sun/net/www/protocol/jar/URLJarFile$URLJarFileCloseController
Event: 0.599 loading class sun/net/www/protocol/jar/URLJarFile$URLJarFileCloseController done
Event: 0.599 loading class sun/net/www/protocol/jar/JarFileFactory done
Event: 0.600 loading class sun/net/www/protocol/file/FileURLConnection
Event: 0.600 loading class sun/net/www/URLConnection
Event: 0.623 Executing VM operation: CollectForMetadataAllocation


Dynamic libraries:
0x00007ff6e3620000 - 0x00007ff6e362f000 	E:\Others\jdk-11.0.11\bin\javaw.exe
0x00007ffb0cbb0000 - 0x00007ffb0cda7000 	C:\Windows\SYSTEM32\ntdll.dll
0x00007ffb0ca00000 - 0x00007ffb0cabd000 	C:\Windows\System32\KERNEL32.DLL
0x00007ffb0a2d0000 - 0x00007ffb0a59d000 	C:\Windows\System32\KERNELBASE.dll
0x00007ffb0a620000 - 0x00007ffb0a720000 	C:\Windows\System32\ucrtbase.dll
0x00007ffaf2bc0000 - 0x00007ffaf2bd5000 	E:\Others\jdk-11.0.11\bin\VCRUNTIME140.dll
0x00007ffaf2ba0000 - 0x00007ffaf2bb8000 	E:\Others\jdk-11.0.11\bin\jli.dll
0x00007ffb0b060000 - 0x00007ffb0b10e000 	C:\Windows\System32\ADVAPI32.dll
0x00007ffb0b4f0000 - 0x00007ffb0b58e000 	C:\Windows\System32\msvcrt.dll
0x00007ffb0af40000 - 0x00007ffb0afdc000 	C:\Windows\System32\sechost.dll
0x00007ffb0b360000 - 0x00007ffb0b485000 	C:\Windows\System32\RPCRT4.dll
0x00007ffb0ada0000 - 0x00007ffb0af40000 	C:\Windows\System32\USER32.dll
0x00007ffb0a5f0000 - 0x00007ffb0a612000 	C:\Windows\System32\win32u.dll
0x00007ffb0ad10000 - 0x00007ffb0ad3a000 	C:\Windows\System32\GDI32.dll
0x00007ffb0a7f0000 - 0x00007ffb0a8fb000 	C:\Windows\System32\gdi32full.dll
0x00007ffaedea0000 - 0x00007ffaee13a000 	C:\Windows\WinSxS\amd64_microsoft.windows.common-controls_6595b64144ccf1df_6.0.19041.1110_none_60b5254171f9507e\COMCTL32.dll
0x00007ffb0a750000 - 0x00007ffb0a7ed000 	C:\Windows\System32\msvcp_win.dll
0x00007ffb04c80000 - 0x00007ffb04c8a000 	C:\Windows\SYSTEM32\VERSION.dll
0x00007ffb0c620000 - 0x00007ffb0c650000 	C:\Windows\System32\IMM32.DLL
0x00007ffaed630000 - 0x00007ffaed6cb000 	E:\Others\jdk-11.0.11\bin\msvcp140.dll
0x00007ffabf0a0000 - 0x00007ffabfb9e000 	E:\Others\jdk-11.0.11\bin\server\jvm.dll
0x00007ffb0afe0000 - 0x00007ffb0afe8000 	C:\Windows\System32\PSAPI.DLL
0x00007ffae0100000 - 0x00007ffae0127000 	C:\Windows\SYSTEM32\WINMM.dll
0x00007ffb034f0000 - 0x00007ffb034f9000 	C:\Windows\SYSTEM32\WSOCK32.dll
0x00007ffb0aff0000 - 0x00007ffb0b05b000 	C:\Windows\System32\WS2_32.dll
0x00007ffb081f0000 - 0x00007ffb08202000 	C:\Windows\SYSTEM32\kernel.appcore.dll
0x00007ffb04150000 - 0x00007ffb04160000 	E:\Others\jdk-11.0.11\bin\verify.dll
0x00007ffaedcb0000 - 0x00007ffaede94000 	C:\Windows\SYSTEM32\DBGHELP.DLL
0x00007ffaee180000 - 0x00007ffaee1ac000 	C:\Windows\SYSTEM32\dbgcore.DLL
0x00007ffb0aad0000 - 0x00007ffb0ab52000 	C:\Windows\System32\bcryptPrimitives.dll
0x00007ffaeebc0000 - 0x00007ffaeebe8000 	E:\Others\jdk-11.0.11\bin\java.dll
0x00007ffaf2d90000 - 0x00007ffaf2d9a000 	E:\Others\jdk-11.0.11\bin\jimage.dll
0x00007ffaf0020000 - 0x00007ffaf0036000 	E:\Others\jdk-11.0.11\bin\zip.dll
0x00007ffb0bed0000 - 0x00007ffb0c614000 	C:\Windows\System32\SHELL32.dll
0x00007ffb083f0000 - 0x00007ffb08b84000 	C:\Windows\SYSTEM32\windows.storage.dll
0x00007ffb0bb70000 - 0x00007ffb0bec4000 	C:\Windows\System32\combase.dll
0x00007ffb09c60000 - 0x00007ffb09c8c000 	C:\Windows\SYSTEM32\Wldp.dll
0x00007ffb0c950000 - 0x00007ffb0c9fd000 	C:\Windows\System32\SHCORE.dll
0x00007ffb0ad40000 - 0x00007ffb0ad95000 	C:\Windows\System32\shlwapi.dll
0x00007ffb0a210000 - 0x00007ffb0a22f000 	C:\Windows\SYSTEM32\profapi.dll
0x00007ffb03ff0000 - 0x00007ffb04009000 	E:\Others\jdk-11.0.11\bin\net.dll
0x00007ffb05020000 - 0x00007ffb0512a000 	C:\Windows\SYSTEM32\WINHTTP.dll
0x00007ffb099c0000 - 0x00007ffb09a2a000 	C:\Windows\system32\mswsock.dll
0x00007ffaf4370000 - 0x00007ffaf4382000 	E:\Others\jdk-11.0.11\bin\nio.dll
0x0000016fa4e70000 - 0x0000016fa4e73000 	E:\Others\Open JFX16\javafx-sdk-16\bin\api-ms-win-core-console-l1-1-0.dll
0x0000016fa4e80000 - 0x0000016fa4e83000 	E:\Others\Open JFX16\javafx-sdk-16\bin\api-ms-win-core-console-l1-2-0.dll
0x0000016fa4e90000 - 0x0000016fa4e93000 	E:\Others\Open JFX16\javafx-sdk-16\bin\api-ms-win-core-datetime-l1-1-0.dll
0x0000016fa4ea0000 - 0x0000016fa4ea3000 	E:\Others\Open JFX16\javafx-sdk-16\bin\api-ms-win-core-debug-l1-1-0.dll
0x0000016fa4eb0000 - 0x0000016fa4eb3000 	E:\Others\Open JFX16\javafx-sdk-16\bin\api-ms-win-core-errorhandling-l1-1-0.dll
0x0000016fa4ec0000 - 0x0000016fa4ec4000 	E:\Others\Open JFX16\javafx-sdk-16\bin\api-ms-win-core-file-l1-1-0.dll
0x0000016fa4ed0000 - 0x0000016fa4ed3000 	E:\Others\Open JFX16\javafx-sdk-16\bin\api-ms-win-core-file-l1-2-0.dll
0x0000016fa4ee0000 - 0x0000016fa4ee3000 	E:\Others\Open JFX16\javafx-sdk-16\bin\api-ms-win-core-file-l2-1-0.dll
0x0000016fa4ef0000 - 0x0000016fa4ef3000 	E:\Others\Open JFX16\javafx-sdk-16\bin\api-ms-win-core-handle-l1-1-0.dll
0x0000016fa4f00000 - 0x0000016fa4f03000 	E:\Others\Open JFX16\javafx-sdk-16\bin\api-ms-win-core-heap-l1-1-0.dll
0x0000016fa4f10000 - 0x0000016fa4f13000 	E:\Others\Open JFX16\javafx-sdk-16\bin\api-ms-win-core-interlocked-l1-1-0.dll
0x0000016fa4f20000 - 0x0000016fa4f23000 	E:\Others\Open JFX16\javafx-sdk-16\bin\api-ms-win-core-libraryloader-l1-1-0.dll
0x0000016fa4f30000 - 0x0000016fa4f33000 	E:\Others\Open JFX16\javafx-sdk-16\bin\api-ms-win-core-localization-l1-2-0.dll
0x0000016fa4f40000 - 0x0000016fa4f43000 	E:\Others\Open JFX16\javafx-sdk-16\bin\api-ms-win-core-memory-l1-1-0.dll
0x0000016fa4f50000 - 0x0000016fa4f53000 	E:\Others\Open JFX16\javafx-sdk-16\bin\api-ms-win-core-namedpipe-l1-1-0.dll
0x0000016fa4f60000 - 0x0000016fa4f63000 	E:\Others\Open JFX16\javafx-sdk-16\bin\api-ms-win-core-processenvironment-l1-1-0.dll
0x0000016fa4f70000 - 0x0000016fa4f73000 	E:\Others\Open JFX16\javafx-sdk-16\bin\api-ms-win-core-processthreads-l1-1-0.dll
0x0000016fa4f80000 - 0x0000016fa4f83000 	E:\Others\Open JFX16\javafx-sdk-16\bin\api-ms-win-core-processthreads-l1-1-1.dll
0x0000016fa4f90000 - 0x0000016fa4f93000 	E:\Others\Open JFX16\javafx-sdk-16\bin\api-ms-win-core-profile-l1-1-0.dll
0x0000016fa4fa0000 - 0x0000016fa4fa3000 	E:\Others\Open JFX16\javafx-sdk-16\bin\api-ms-win-core-rtlsupport-l1-1-0.dll
0x0000016fa4fb0000 - 0x0000016fa4fb3000 	E:\Others\Open JFX16\javafx-sdk-16\bin\api-ms-win-core-string-l1-1-0.dll
0x0000016fa4fc0000 - 0x0000016fa4fc3000 	E:\Others\Open JFX16\javafx-sdk-16\bin\api-ms-win-core-synch-l1-1-0.dll
0x0000016fa4fd0000 - 0x0000016fa4fd3000 	E:\Others\Open JFX16\javafx-sdk-16\bin\api-ms-win-core-synch-l1-2-0.dll
0x0000016fa4fe0000 - 0x0000016fa4fe3000 	E:\Others\Open JFX16\javafx-sdk-16\bin\api-ms-win-core-sysinfo-l1-1-0.dll
0x0000016fa4ff0000 - 0x0000016fa4ff3000 	E:\Others\Open JFX16\javafx-sdk-16\bin\api-ms-win-core-timezone-l1-1-0.dll
0x0000016fa5000000 - 0x0000016fa5003000 	E:\Others\Open JFX16\javafx-sdk-16\bin\api-ms-win-core-util-l1-1-0.dll
0x0000016fa5010000 - 0x0000016fa5013000 	E:\Others\Open JFX16\javafx-sdk-16\bin\api-ms-win-crt-conio-l1-1-0.dll
0x0000016fa5020000 - 0x0000016fa5024000 	E:\Others\Open JFX16\javafx-sdk-16\bin\api-ms-win-crt-convert-l1-1-0.dll
0x0000016fa5030000 - 0x0000016fa5033000 	E:\Others\Open JFX16\javafx-sdk-16\bin\api-ms-win-crt-environment-l1-1-0.dll
0x0000016fa5040000 - 0x0000016fa5043000 	E:\Others\Open JFX16\javafx-sdk-16\bin\api-ms-win-crt-filesystem-l1-1-0.dll
0x0000016fa5050000 - 0x0000016fa5053000 	E:\Others\Open JFX16\javafx-sdk-16\bin\api-ms-win-crt-heap-l1-1-0.dll
0x0000016fa5060000 - 0x0000016fa5063000 	E:\Others\Open JFX16\javafx-sdk-16\bin\api-ms-win-crt-locale-l1-1-0.dll
0x0000016fa5070000 - 0x0000016fa5075000 	E:\Others\Open JFX16\javafx-sdk-16\bin\api-ms-win-crt-math-l1-1-0.dll
0x0000016fa5080000 - 0x0000016fa5085000 	E:\Others\Open JFX16\javafx-sdk-16\bin\api-ms-win-crt-multibyte-l1-1-0.dll
0x0000016fa5090000 - 0x0000016fa50a0000 	E:\Others\Open JFX16\javafx-sdk-16\bin\api-ms-win-crt-private-l1-1-0.dll
0x0000016fa50a0000 - 0x0000016fa50a3000 	E:\Others\Open JFX16\javafx-sdk-16\bin\api-ms-win-crt-process-l1-1-0.dll
0x0000016fa50b0000 - 0x0000016fa50b4000 	E:\Others\Open JFX16\javafx-sdk-16\bin\api-ms-win-crt-runtime-l1-1-0.dll
0x0000016fa50c0000 - 0x0000016fa50c4000 	E:\Others\Open JFX16\javafx-sdk-16\bin\api-ms-win-crt-stdio-l1-1-0.dll
0x0000016fa50d0000 - 0x0000016fa50d4000 	E:\Others\Open JFX16\javafx-sdk-16\bin\api-ms-win-crt-string-l1-1-0.dll
0x0000016fa50e0000 - 0x0000016fa50e3000 	E:\Others\Open JFX16\javafx-sdk-16\bin\api-ms-win-crt-time-l1-1-0.dll
0x0000016fa50f0000 - 0x0000016fa50f3000 	E:\Others\Open JFX16\javafx-sdk-16\bin\api-ms-win-crt-utility-l1-1-0.dll
0x00007ffad6970000 - 0x00007ffad6a6c000 	E:\Others\Open JFX16\javafx-sdk-16\bin\ucrtbase.dll
0x00007ffada2a0000 - 0x00007ffada2b9000 	E:\Others\Open JFX16\javafx-sdk-16\bin\vcruntime140.dll
0x00007ffb05a00000 - 0x00007ffb05a0c000 	E:\Others\Open JFX16\javafx-sdk-16\bin\vcruntime140_1.dll
0x00007ffad6090000 - 0x00007ffad6121000 	E:\Others\Open JFX16\javafx-sdk-16\bin\msvcp140.dll
0x00007ffada270000 - 0x00007ffada297000 	E:\Others\Open JFX16\javafx-sdk-16\bin\prism_d3d.dll
0x00007ffad2770000 - 0x00007ffad293f000 	C:\Windows\system32\d3d9.dll
0x00007ffb080e0000 - 0x00007ffb0810f000 	C:\Windows\SYSTEM32\dwmapi.dll
0x00007ffb07d30000 - 0x00007ffb07dce000 	C:\Windows\system32\uxtheme.dll
0x00007ffac9e90000 - 0x00007ffaca038000 	C:\Windows\System32\DriverStore\FileRepository\iigd_dch.inf_amd64_a934a9379f55edc8\igdumdim64.dll
0x00007ffb0c820000 - 0x00007ffb0c94a000 	C:\Windows\System32\ole32.dll
0x00007ffab9860000 - 0x00007ffabd47f000 	C:\Windows\System32\DriverStore\FileRepository\iigd_dch.inf_amd64_a934a9379f55edc8\igd9dxva64.dll
0x00007ffb0b290000 - 0x00007ffb0b35d000 	C:\Windows\System32\OLEAUT32.dll
0x00007ffb0b700000 - 0x00007ffb0bb6f000 	C:\Windows\System32\SETUPAPI.dll
0x00007ffb0a5a0000 - 0x00007ffb0a5ee000 	C:\Windows\System32\cfgmgr32.dll
0x00007ffb0a720000 - 0x00007ffb0a747000 	C:\Windows\System32\bcrypt.dll
0x00007ffafa4a0000 - 0x00007ffafa868000 	C:\Windows\System32\DriverStore\FileRepository\iigd_dch.inf_amd64_a934a9379f55edc8\igdgmm64.dll
0x00007ffad6eb0000 - 0x00007ffad6ef2000 	E:\Others\Open JFX16\javafx-sdk-16\bin\glass.dll
0x00007ffb0b620000 - 0x00007ffb0b6fb000 	C:\Windows\System32\COMDLG32.dll
0x00007ffb0b170000 - 0x00007ffb0b285000 	C:\Windows\System32\MSCTF.dll
0x00007ffacb770000 - 0x00007ffacb797000 	C:\Windows\System32\DriverStore\FileRepository\iigd_dch.inf_amd64_a934a9379f55edc8\igdinfo64.dll
0x00007ffad9a40000 - 0x00007ffad9a54000 	E:\Others\Open JFX16\javafx-sdk-16\bin\javafx_font.dll

dbghelp: loaded successfully - version: 4.0.5 - missing functions: none
symbol engine: initialized successfully - sym options: 0x614 - pdb path: .;E:\Others\jdk-11.0.11\bin;C:\Windows\SYSTEM32;C:\Windows\WinSxS\amd64_microsoft.windows.common-controls_6595b64144ccf1df_6.0.19041.1110_none_60b5254171f9507e;E:\Others\jdk-11.0.11\bin\server;E:\Others\Open JFX16\javafx-sdk-16\bin;C:\Windows\System32\DriverStore\FileRepository\iigd_dch.inf_amd64_a934a9379f55edc8

VM Arguments:
jvm_args: --module-path=E:\Others\Open JFX16\javafx-sdk-16\lib --add-modules=javafx.controls,javafx.media -Dfile.encoding=Cp1252 
java_command: Main
java_class_path (initial): E:\Others\openjfx-16_windows-x64_bin-sdk\javafx-sdk-16\lib\javafx.base.jar;E:\Others\openjfx-16_windows-x64_bin-sdk\javafx-sdk-16\lib\javafx.controls.jar;E:\Others\openjfx-16_windows-x64_bin-sdk\javafx-sdk-16\lib\javafx.fxml.jar;E:\Others\openjfx-16_windows-x64_bin-sdk\javafx-sdk-16\lib\javafx.graphics.jar;E:\Others\openjfx-16_windows-x64_bin-sdk\javafx-sdk-16\lib\javafx.media.jar;E:\Others\openjfx-16_windows-x64_bin-sdk\javafx-sdk-16\lib\javafx.swing.jar;E:\Others\openjfx-16_windows-x64_bin-sdk\javafx-sdk-16\lib\javafx.web.jar;E:\Others\openjfx-16_windows-x64_bin-sdk\javafx-sdk-16\lib\javafx-swt.jar;E:\Others\openjfx-16_windows-x64_bin-sdk\javafx-sdk-16\lib\jfxtras-labs-9.0-r1.jar;D:\JavaH1Core1\bin
Launcher Type: SUN_STANDARD

[Global flags]
     intx CICompilerCount                          = 3                                         {product} {ergonomic}
     uint ConcGCThreads                            = 1                                         {product} {ergonomic}
     uint G1ConcRefinementThreads                  = 4                                         {product} {ergonomic}
   size_t G1HeapRegionSize                         = 1048576                                   {product} {ergonomic}
    uintx GCDrainStackTargetSize                   = 64                                        {product} {ergonomic}
   size_t InitialHeapSize                          = 134217728                                 {product} {ergonomic}
   size_t MarkStackSize                            = 4194304                                   {product} {ergonomic}
   size_t MaxHeapSize                              = 2120220672                                {product} {ergonomic}
   size_t MaxNewSize                               = 1271922688                                {product} {ergonomic}
   size_t MinHeapDeltaBytes                        = 1048576                                   {product} {ergonomic}
    uintx NonNMethodCodeHeapSize                   = 5830732                                {pd product} {ergonomic}
    uintx NonProfiledCodeHeapSize                  = 122913754                              {pd product} {ergonomic}
    uintx ProfiledCodeHeapSize                     = 122913754                              {pd product} {ergonomic}
    uintx ReservedCodeCacheSize                    = 251658240                              {pd product} {ergonomic}
     bool SegmentedCodeCache                       = true                                      {product} {ergonomic}
     bool UseCompressedClassPointers               = true                                 {lp64_product} {ergonomic}
     bool UseCompressedOops                        = true                                 {lp64_product} {ergonomic}
     bool UseG1GC                                  = true                                      {product} {ergonomic}
     bool UseLargePagesIndividualAllocation        = false                                  {pd product} {ergonomic}

Logging:
Log output configuration:
 #0: stdout all=warning uptime,level,tags
 #1: stderr all=off uptime,level,tags

Environment Variables:
PATH=C:\Windows\Python\;C:\Windows\Python\;C:\Program Files (x86)\Common Files\Oracle\Java\javapath;C:\Anaconda3;C:\Anaconda3\Library\mingw-w64\bin;C:\Anaconda3\Library\bin;C:\Anaconda3\Scripts;C:\Anaconda2;C:\Anaconda2\Library\mingw-w64\bin;C:\Anaconda2\Library\bin;C:\Anaconda2\Scripts;C:\Windows\system32;C:\Windows;C:\Windows\System32\Wbem;C:\Windows\System32\WindowsPowerShell\v1.0\;C:\Windows\System32\OpenSSH\;C:\Users\root\AppData\Local\Microsoft\WindowsApps;C:\Program Files\glassfish5\bin;C:\Program Files\Git\cmd;C:\Users\root\AppData\Local\Microsoft\WindowsApps;C:\Program Files\Go\bin;C:\Users\root\AppData\Local\Microsoft\WindowsApps;C:\Program Files\MongoDB\Server\4.4\bin;C:\Users\root\AppData\Local\Microsoft\WindowsApps;C:\Program Files\MongoDB\Server\4.4\bin;C:\Program Files\nodejs\;C:\Users\root\AppData\Local\Microsoft\WindowsApps;C:\Users\root\AppData\Roaming\npm;C:\Program Files (x86)\Microsoft SQL Server\150\DTS\Binn\;C:\Program Files\Azure Data Studio\bin;C:\Program Files\Microsoft VS Code\bin;C:\Program Files (x86)\Microsoft SQL Server\110\DTS\Binn\;C:\Program Files (x86)\Microsoft SQL Server\120\DTS\Binn\;C:\Program Files (x86)\Microsoft SQL Server\130\DTS\Binn\;C:\Program Files (x86)\Microsoft SQL Server\150\Tools\Binn\;C:\Program Files\Microsoft SQL Server\150\Tools\Binn\;C:\Program Files\Microsoft SQL Server\150\DTS\Binn\;C:\Program Files\Microsoft SQL Server\Client SDK\ODBC\170\Tools\Binn\;C:\xampp\php;C:\ProgramData\ComposerSetup\bin;C:\xampp\php;C:\Program Files\glassfish5\bin;C:\Program Files\Go\bin;C:\Program Files\Microsoft SQL Server\140\Tools\Binn\;C:\Program Files\Python37\Scripts;C:\Users\prk\AppData\Local\Microsoft\WindowsApps;;C:\Anaconda3
USERNAME=prk
OS=Windows_NT
PROCESSOR_IDENTIFIER=Intel64 Family 6 Model 158 Stepping 9, GenuineIntel



---------------  S Y S T E M  ---------------

OS: Windows 10 , 64 bit Build 19041 (10.0.19041.1741)

CPU:total 4 (initial active 4) (4 cores per cpu, 1 threads per core) family 6 model 158 stepping 9 microcode 0xb4, cmov, cx8, fxsr, mmx, sse, sse2, sse3, ssse3, sse4.1, sse4.2, popcnt, avx, avx2, aes, clmul, erms, rtm, 3dnowpref, lzcnt, tsc, tscinvbit, bmi1, bmi2, adx, fma

Memory: 4k page, system-wide physical 8087M (776M free)
TotalPageFile size 14231M (AvailPageFile size 21M)
current process WorkingSet (physical memory assigned to process): 76M, peak: 76M
current process commit charge ("private bytes"): 223M, peak: 224M

vm_info: Java HotSpot(TM) 64-Bit Server VM (11.0.11+9-LTS-194) for windows-amd64 JRE (11.0.11+9-LTS-194), built on Mar 18 2021 18:46:53 by "mach5one" with MS VC++ 15.9 (VS2017)

END.
