#
# There is insufficient memory for the Java Runtime Environment to continue.
# Native memory allocation (mmap) failed to map 134217728 bytes for Failed to commit area from 0x0000000081a00000 to 0x0000000089a00000 of length 134217728.
# Possible reasons:
#   The system is out of physical RAM or swap space
#   The process is running with CompressedOops enabled, and the Java Heap may be blocking the growth of the native heap
# Possible solutions:
#   Reduce memory load on the system
#   Increase physical memory or swap space
#   Check if swap backing store is full
#   Decrease Java heap size (-Xmx/-Xms)
#   Decrease number of Java threads
#   Decrease Java thread stack sizes (-Xss)
#   Set larger code cache with -XX:ReservedCodeCacheSize=
# This output file may be truncated or incomplete.
#
#  Out of Memory Error (./open/src/hotspot/os/windows/os_windows.cpp:3273), pid=9884, tid=11660
#
# JRE version:  (11.0.11+9) (build )
# Java VM: Java HotSpot(TM) 64-Bit Server VM (11.0.11+9-LTS-194, mixed mode, sharing, tiered, compressed oops, g1 gc, windows-amd64)
# No core dump will be written. Minidumps are not enabled by default on client versions of Windows
#

---------------  S U M M A R Y ------------

Command Line: --module-path=E:\Others\Open JFX16\javafx-sdk-16\lib --add-modules=javafx.controls,javafx.media -Dfile.encoding=Cp1252 Main

Host: Intel(R) Core(TM) i5-7500T CPU @ 2.70GHz, 4 cores, 7G,  Windows 10 , 64 bit Build 19041 (10.0.19041.1741)
Time: Tue Jul 25 14:19:31 2023 SE Asia Standard Time elapsed time: 0.012919 seconds (0d 0h 0m 0s)

---------------  T H R E A D  ---------------

Current thread (0x0000011f77c05000):  JavaThread "Unknown thread" [_thread_in_vm, id=11660, stack(0x00000019a4b00000,0x00000019a4c00000)]

Stack: [0x00000019a4b00000,0x00000019a4c00000]
Native frames: (J=compiled Java code, j=interpreted, Vv=VM code, C=native code)
V  [jvm.dll+0x616f2a]
V  [jvm.dll+0x74de7f]
V  [jvm.dll+0x74f505]
V  [jvm.dll+0x74fb83]
V  [jvm.dll+0x2436d8]
V  [jvm.dll+0x61431a]
V  [jvm.dll+0x6090f5]
V  [jvm.dll+0x2f7eec]
V  [jvm.dll+0x2f7d72]
V  [jvm.dll+0x2fca26]
V  [jvm.dll+0x33efef]
V  [jvm.dll+0x33ea20]
V  [jvm.dll+0x2d5608]
V  [jvm.dll+0x2d6766]
V  [jvm.dll+0x7299e7]
V  [jvm.dll+0x72b28f]
V  [jvm.dll+0x34bd39]
V  [jvm.dll+0x70f360]
V  [jvm.dll+0x3b50df]
V  [jvm.dll+0x3b71e1]
C  [jli.dll+0x520b]
C  [ucrtbase.dll+0x21bb2]
C  [KERNEL32.DLL+0x17034]
C  [ntdll.dll+0x52651]


---------------  P R O C E S S  ---------------

Threads class SMR info:
_java_thread_list=0x0000011f7624fe90, length=0, elements={
}

Java Threads: ( => current thread )

Other Threads:
  0x0000011f77c1c800 GCTaskThread "GC Thread#0" [stack: 0x00000019a4c00000,0x00000019a4d00000] [id=920]
  0x0000011f77c52000 ConcurrentGCThread "G1 Main Marker" [stack: 0x00000019a4d00000,0x00000019a4e00000] [id=4308]
  0x0000011f77c53000 ConcurrentGCThread "G1 Conc#0" [stack: 0x00000019a4e00000,0x00000019a4f00000] [id=9708]

[error occurred during error reporting (printing all threads), id 0xc0000005, EXCEPTION_ACCESS_VIOLATION (0xc0000005) at pc=0x00007ffabf384857]

VM state:not at safepoint (not fully initialized)

VM Mutex/Monitor currently owned by a thread:  ([mutex/lock_event])
[0x0000011f77c036e0] Heap_lock - owner thread: 0x0000011f77c05000

Heap address: 0x0000000081a00000, size: 2022 MB, Compressed Oops mode: Non-zero based: 0x0000000081a00000
Narrow klass base: 0x0000000000000000, Narrow klass shift: 0

GC Heap History (0 events):
No events

Deoptimization events (0 events):
No events

Classes redefined (0 events):
No events

Internal exceptions (0 events):
No events

Events (0 events):
No events


Dynamic libraries:
0x00007ff6e3620000 - 0x00007ff6e362f000 	E:\Others\jdk-11.0.11\bin\javaw.exe
0x00007ffb0cbb0000 - 0x00007ffb0cda7000 	C:\Windows\SYSTEM32\ntdll.dll
0x00007ffb0ca00000 - 0x00007ffb0cabd000 	C:\Windows\System32\KERNEL32.DLL
0x00007ffb0a2d0000 - 0x00007ffb0a59d000 	C:\Windows\System32\KERNELBASE.dll
0x00007ffb0a620000 - 0x00007ffb0a720000 	C:\Windows\System32\ucrtbase.dll
0x00007ffaf2ba0000 - 0x00007ffaf2bb8000 	E:\Others\jdk-11.0.11\bin\jli.dll
0x00007ffb0b060000 - 0x00007ffb0b10e000 	C:\Windows\System32\ADVAPI32.dll
0x00007ffb0b4f0000 - 0x00007ffb0b58e000 	C:\Windows\System32\msvcrt.dll
0x00007ffb0af40000 - 0x00007ffb0afdc000 	C:\Windows\System32\sechost.dll
0x00007ffb0b360000 - 0x00007ffb0b485000 	C:\Windows\System32\RPCRT4.dll
0x00007ffb0ada0000 - 0x00007ffb0af40000 	C:\Windows\System32\USER32.dll
0x00007ffb0a5f0000 - 0x00007ffb0a612000 	C:\Windows\System32\win32u.dll
0x00007ffb0ad10000 - 0x00007ffb0ad3a000 	C:\Windows\System32\GDI32.dll
0x00007ffb0a7f0000 - 0x00007ffb0a8fb000 	C:\Windows\System32\gdi32full.dll
0x00007ffb0a750000 - 0x00007ffb0a7ed000 	C:\Windows\System32\msvcp_win.dll
0x00007ffaf2bc0000 - 0x00007ffaf2bd5000 	E:\Others\jdk-11.0.11\bin\VCRUNTIME140.dll
0x00007ffaedea0000 - 0x00007ffaee13a000 	C:\Windows\WinSxS\amd64_microsoft.windows.common-controls_6595b64144ccf1df_6.0.19041.1110_none_60b5254171f9507e\COMCTL32.dll
0x00007ffb04c80000 - 0x00007ffb04c8a000 	C:\Windows\SYSTEM32\VERSION.dll
0x00007ffb0c620000 - 0x00007ffb0c650000 	C:\Windows\System32\IMM32.DLL
0x00007ffaed630000 - 0x00007ffaed6cb000 	E:\Others\jdk-11.0.11\bin\msvcp140.dll
0x00007ffabf0a0000 - 0x00007ffabfb9e000 	E:\Others\jdk-11.0.11\bin\server\jvm.dll
0x00007ffb0afe0000 - 0x00007ffb0afe8000 	C:\Windows\System32\PSAPI.DLL
0x00007ffb034f0000 - 0x00007ffb034f9000 	C:\Windows\SYSTEM32\WSOCK32.dll
0x00007ffb0aff0000 - 0x00007ffb0b05b000 	C:\Windows\System32\WS2_32.dll
0x00007ffae0100000 - 0x00007ffae0127000 	C:\Windows\SYSTEM32\WINMM.dll
0x00007ffb081f0000 - 0x00007ffb08202000 	C:\Windows\SYSTEM32\kernel.appcore.dll
0x00007ffb04150000 - 0x00007ffb04160000 	E:\Others\jdk-11.0.11\bin\verify.dll
0x00007ffaedcb0000 - 0x00007ffaede94000 	C:\Windows\SYSTEM32\DBGHELP.DLL
0x00007ffaee180000 - 0x00007ffaee1ac000 	C:\Windows\SYSTEM32\dbgcore.DLL
0x00007ffb0aad0000 - 0x00007ffb0ab52000 	C:\Windows\System32\bcryptPrimitives.dll
0x00007ffaeebc0000 - 0x00007ffaeebe8000 	E:\Others\jdk-11.0.11\bin\java.dll
0x00007ffaf2d90000 - 0x00007ffaf2d9a000 	E:\Others\jdk-11.0.11\bin\jimage.dll
0x00007ffaf0020000 - 0x00007ffaf0036000 	E:\Others\jdk-11.0.11\bin\zip.dll

dbghelp: loaded successfully - version: 4.0.5 - missing functions: none
symbol engine: initialized successfully - sym options: 0x614 - pdb path: .;E:\Others\jdk-11.0.11\bin;C:\Windows\SYSTEM32;C:\Windows\WinSxS\amd64_microsoft.windows.common-controls_6595b64144ccf1df_6.0.19041.1110_none_60b5254171f9507e;E:\Others\jdk-11.0.11\bin\server

VM Arguments:
jvm_args: --module-path=E:\Others\Open JFX16\javafx-sdk-16\lib --add-modules=javafx.controls,javafx.media -Dfile.encoding=Cp1252 
java_command: Main
java_class_path (initial): E:\Others\openjfx-16_windows-x64_bin-sdk\javafx-sdk-16\lib\javafx.base.jar;E:\Others\openjfx-16_windows-x64_bin-sdk\javafx-sdk-16\lib\javafx.controls.jar;E:\Others\openjfx-16_windows-x64_bin-sdk\javafx-sdk-16\lib\javafx.fxml.jar;E:\Others\openjfx-16_windows-x64_bin-sdk\javafx-sdk-16\lib\javafx.graphics.jar;E:\Others\openjfx-16_windows-x64_bin-sdk\javafx-sdk-16\lib\javafx.media.jar;E:\Others\openjfx-16_windows-x64_bin-sdk\javafx-sdk-16\lib\javafx.swing.jar;E:\Others\openjfx-16_windows-x64_bin-sdk\javafx-sdk-16\lib\javafx.web.jar;E:\Others\openjfx-16_windows-x64_bin-sdk\javafx-sdk-16\lib\javafx-swt.jar;E:\Others\openjfx-16_windows-x64_bin-sdk\javafx-sdk-16\lib\jfxtras-labs-9.0-r1.jar;D:\JavaH1Core1\bin
Launcher Type: SUN_STANDARD

[Global flags]
     intx CICompilerCount                          = 3                                         {product} {ergonomic}
     uint ConcGCThreads                            = 1                                         {product} {ergonomic}
     uint G1ConcRefinementThreads                  = 4                                         {product} {ergonomic}
   size_t G1HeapRegionSize                         = 1048576                                   {product} {ergonomic}
    uintx GCDrainStackTargetSize                   = 64                                        {product} {ergonomic}
   size_t InitialHeapSize                          = 134217728                                 {product} {ergonomic}
   size_t MarkStackSize                            = 4194304                                   {product} {ergonomic}
   size_t MaxHeapSize                              = 2120220672                                {product} {ergonomic}
   size_t MinHeapDeltaBytes                        = 1048576                                   {product} {ergonomic}
    uintx NonNMethodCodeHeapSize                   = 5830732                                {pd product} {ergonomic}
    uintx NonProfiledCodeHeapSize                  = 122913754                              {pd product} {ergonomic}
    uintx ProfiledCodeHeapSize                     = 122913754                              {pd product} {ergonomic}
    uintx ReservedCodeCacheSize                    = 251658240                              {pd product} {ergonomic}
     bool SegmentedCodeCache                       = true                                      {product} {ergonomic}
     bool UseCompressedClassPointers               = true                                 {lp64_product} {ergonomic}
     bool UseCompressedOops                        = true                                 {lp64_product} {ergonomic}
     bool UseG1GC                                  = true                                      {product} {ergonomic}
     bool UseLargePagesIndividualAllocation        = false                                  {pd product} {ergonomic}

Logging:
Log output configuration:
 #0: stdout all=warning uptime,level,tags
 #1: stderr all=off uptime,level,tags

Environment Variables:
PATH=C:\Windows\Python\;C:\Windows\Python\;C:\Program Files (x86)\Common Files\Oracle\Java\javapath;C:\Anaconda3;C:\Anaconda3\Library\mingw-w64\bin;C:\Anaconda3\Library\bin;C:\Anaconda3\Scripts;C:\Anaconda2;C:\Anaconda2\Library\mingw-w64\bin;C:\Anaconda2\Library\bin;C:\Anaconda2\Scripts;C:\Windows\system32;C:\Windows;C:\Windows\System32\Wbem;C:\Windows\System32\WindowsPowerShell\v1.0\;C:\Windows\System32\OpenSSH\;C:\Users\root\AppData\Local\Microsoft\WindowsApps;C:\Program Files\glassfish5\bin;C:\Program Files\Git\cmd;C:\Users\root\AppData\Local\Microsoft\WindowsApps;C:\Program Files\Go\bin;C:\Users\root\AppData\Local\Microsoft\WindowsApps;C:\Program Files\MongoDB\Server\4.4\bin;C:\Users\root\AppData\Local\Microsoft\WindowsApps;C:\Program Files\MongoDB\Server\4.4\bin;C:\Program Files\nodejs\;C:\Users\root\AppData\Local\Microsoft\WindowsApps;C:\Users\root\AppData\Roaming\npm;C:\Program Files (x86)\Microsoft SQL Server\150\DTS\Binn\;C:\Program Files\Azure Data Studio\bin;C:\Program Files\Microsoft VS Code\bin;C:\Program Files (x86)\Microsoft SQL Server\110\DTS\Binn\;C:\Program Files (x86)\Microsoft SQL Server\120\DTS\Binn\;C:\Program Files (x86)\Microsoft SQL Server\130\DTS\Binn\;C:\Program Files (x86)\Microsoft SQL Server\150\Tools\Binn\;C:\Program Files\Microsoft SQL Server\150\Tools\Binn\;C:\Program Files\Microsoft SQL Server\150\DTS\Binn\;C:\Program Files\Microsoft SQL Server\Client SDK\ODBC\170\Tools\Binn\;C:\xampp\php;C:\ProgramData\ComposerSetup\bin;C:\xampp\php;C:\Program Files\glassfish5\bin;C:\Program Files\Go\bin;C:\Program Files\Microsoft SQL Server\140\Tools\Binn\;C:\Program Files\Python37\Scripts;C:\Users\prk\AppData\Local\Microsoft\WindowsApps;;C:\Anaconda3
USERNAME=prk
OS=Windows_NT
PROCESSOR_IDENTIFIER=Intel64 Family 6 Model 158 Stepping 9, GenuineIntel



---------------  S Y S T E M  ---------------

OS: Windows 10 , 64 bit Build 19041 (10.0.19041.1741)

CPU:total 4 (initial active 4) (4 cores per cpu, 1 threads per core) family 6 model 158 stepping 9 microcode 0xb4, cmov, cx8, fxsr, mmx, sse, sse2, sse3, ssse3, sse4.1, sse4.2, popcnt, avx, avx2, aes, clmul, erms, rtm, 3dnowpref, lzcnt, tsc, tscinvbit, bmi1, bmi2, adx, fma

Memory: 4k page, system-wide physical 8087M (659M free)
TotalPageFile size 14231M (AvailPageFile size 5M)
current process WorkingSet (physical memory assigned to process): 9M, peak: 9M
current process commit charge ("private bytes"): 51M, peak: 179M

vm_info: Java HotSpot(TM) 64-Bit Server VM (11.0.11+9-LTS-194) for windows-amd64 JRE (11.0.11+9-LTS-194), built on Mar 18 2021 18:46:53 by "mach5one" with MS VC++ 15.9 (VS2017)

END.
